42488035 True
[1]: https://github.com/fluent/fluent-bit/commit/979a9bb728b490659e7e6076c17f3e4cb2c5bd59
[2]: https://github.com/fluent/fluent-bit/commit/72b62d2270edda9a0281ff8a6c3903d99e1892c9
['979a9bb728b490659e7e6076c17f3e4cb2c5bd59', '73410b3cd81ac8972160902db7d6f666cad3a7fa', '72b62d2270edda9a0281ff8a6c3903d99e1892c9']


42488121 True
[1]: https://github.com/fluent/fluent-bit/commit/72b62d2270edda9a0281ff8a6c3903d99e1892c9
['f12a969fb91f25f737ff42560b6d74925e22fc58', '3fd34108169b5b277f6f748a7616059f7517db7e', 'b5c326cc19d77cafeb439474771482699115add3', '94bdace9f2d9dd473c01f75b7201758911664c10', '876592a725a2d984377548c05316571c72f581d3', '313699579c1d6fb62c801f143fd0f41a2ae0bd09', '39168020d76629b103c3d424b3a7426ee1d3b57d', '1c0f1fc903985e447f635b0283c944626a6d76e3', 'a2c43e3682ccda68606dcf69a89a63adb57f4e47', 'b6b82bea603752695136f9dfbcfedd371ed31246', 'e23afaf1e7ff281c4c4ab7a09656b3c95004de93', '2f0ea62e7ad49fd39d356e03706f2a3bda18a89d', '80879afd8fbac5629b5abd4c5919d4a9538f958b', '200a199fbfbfa8dcd52e0ac19b3a518737da750a', '9ef04be94ca1ce1275ba9e7adb9eeccbe9156580', 'e06fb6a86979e138882c538aef3fd48060d4d294', 'c27896fdb0459d3a25ab299437d5c3fb068fb4ab', '44190c2a1c4b939dc9ecb2908148d38c82a40831', '1efbe4a75192ccf7703d9012ac67bfce97700ed6', 'cd9037a170feb1ffb184dfbd582d26168d42a3d7', 'e500dcf91858ccb5c09e5f2d3eb4299d3662b836', '4cace3d63f8b65f786079c2584b37ea0d1f6319b', '370a68585b5eb7763183c2f1e6a6d937b5e1d077', 'e5289e606c4b55b0fac29046c8343958248189e7', '979a9bb728b490659e7e6076c17f3e4cb2c5bd59', 'c2e33ae40af02fabe59b51637501a5be73583a15', '7a588237fdb744e5825fb119753dcad2e8878866', '7f0c3bb1bd8645ca556125b5afae8db77f973085', 'f6a8de0a8ca7caf4d857d20e35420e4f0ade96f9', '24165c6f88274d8910f770a8bc686ca43272d0a0', '40bdd32ecc346c5784fbe702c1bfaa7632b40090', '72b62d2270edda9a0281ff8a6c3903d99e1892c9']
[2]: https://github.com/fluent/fluent-bit/commit/72b62d2270edda9a0281ff8a6c3903d99e1892c9
['7f0c3bb1bd8645ca556125b5afae8db77f973085', '72b62d2270edda9a0281ff8a6c3903d99e1892c9']


42505099 True
[1]: https://github.com/curl/curl/commit/0b664ba968437715819bfe4c7ada5679d16ebbc3
[2]: https://github.com/curl/curl/commit/cd276c3cca4db23384f3272486468ce41b0a338b
['0b664ba968437715819bfe4c7ada5679d16ebbc3', 'cd276c3cca4db23384f3272486468ce41b0a338b']


42496778 True
[1]: https://github.com/fluent/fluent-bit/commit/0111149ce44b28cb6b5af710009bd3a2c14d8eb9
[2]: https://github.com/fluent/fluent-bit/commit/fd6cf54de43003220ab8990f0fedc966c100cb66
['0111149ce44b28cb6b5af710009bd3a2c14d8eb9', 'fd6cf54de43003220ab8990f0fedc966c100cb66']


42513189 False
[1]: https://github.com/fluent/fluent-bit/commit/a7c300b24079bcc2cddace5eb2cc960441bb2771
['9cc2ff55a146b2b3e8c321a87920c0d39a2b2ba6', 'a7c300b24079bcc2cddace5eb2cc960441bb2771']
[2]: https://github.com/fluent/fluent-bit/commit/3c13edab76389a7412deef12ac61a25b85f00c39
['9cc2ff55a146b2b3e8c321a87920c0d39a2b2ba6', '3c13edab76389a7412deef12ac61a25b85f00c39']


42514308 True
[1]: https://github.com/ntop/nDPI/commit/540848c254ab4f8f89b6cfab03269ed8dc4dc887
['59a9bdeb55fb5a712b51141bfa4492a897cda5c8', '540848c254ab4f8f89b6cfab03269ed8dc4dc887']
[2]: https://github.com/ntop/nDPI/commit/59a9bdeb55fb5a712b51141bfa4492a897cda5c8


42488049 True
[1]: https://github.com/DanBloomberg/leptonica/commit/20b8d16e4f3fa4d94b606a7f7804ee56c776768b
['80fe3d19a63836c79d2deb2c54ecfca7eba00607', '091ee190146b8caf5112165add220b7e7ee80311', '7d0c940768fa3f7d07396dbae1d668cfded6bf05', '20b8d16e4f3fa4d94b606a7f7804ee56c776768b']
[2]: https://github.com/DanBloomberg/leptonica/commit/20b8d16e4f3fa4d94b606a7f7804ee56c776768b
['7d0c940768fa3f7d07396dbae1d668cfded6bf05', '20b8d16e4f3fa4d94b606a7f7804ee56c776768b']


42483517 True
[1]: https://github.com/fluent/fluent-bit/commit/af904facd1c81a0b862c9a324327024677ccc495
['36cfed705f97b7e125607702a765f4df0438de59', '1ca8cd9233fb3f681d8d34ab993cdd9a747b3744', '0d17a81b9474b0906d77b4f253e09a13ae16111d', 'f93c898f4473fb15f3fdee31e75d722caa381726', '9881081fed7b9025467c9b147ea63276915e7c73', '1a11dc7ff9d574d3bb43ccf5b43f57ee4e13bb47', 'c355d3cf248dfb8eb3c6eee24f3fd892cb9e2892', '917e9c4230fb4bcf915ed0bdc9cc9891ea13c28b', 'bf888a4b13c3cbab9c18dd737e4952d519b8e0a6', '3156448633ebe5446ed0267c54e906b7b68270bd', '484d4feee7adffeeee153f757003557dd262d2fc', '89eea3426ed72d58973b5b06e26ae0b575ff11a6', '04ed3d8104ca8a2f491453777ae6e38e5377817e', 'ee28becdcbe9c5c89367a843d54c167a7bd799ec', '29b649aba4cbf4398f31dd12629922e004412ff9', '96fb2bedd5611c99fa9254968722426c45b4022a', '52fc7431d395de06d871575c8eb761df9dbfd12b', '79127722c6df1fdd3b43e1455f31522ffda67810', '553fb0b749e7dabfde9d64aa8f86171b3dcc3519', '1ac0956ac03e0556e8813d198c72b13eff375789', '9cb69903d4de07cdd0305d1d70a1e7519f347f5d', '17732877a1a4920aa4d6d7843c6d3298d8957747', '112fce35a39dd5f42b1cfe1e579b51bc83b0dd70', 'f48a8636d68c0486ca69f4d479e3721d4f10aa26', '9feb6c11e82847557b2b2610e1ea216a498b76b5', '9f2062d38d3c2ede4b5023347423900ef45d9134', 'a97a446c6aaf5091c9c2087ce916423872356c2e', '5985506b1392a74f25713b0d88e155abe5711ea7', 'd6f7e237f679a3a545573b6984ea519bde6889c6', '418cf03390093f4f50507c4388ef9e4d897724d4', 'c9269c42486ae83456eaf0365b91f85263407b15', '1c1709c11e1b677ade2dae6041983a648e8cada4', '158525b1305faccf7787c89281dba8495e6b0654', '0ba3b8b3039257364ad32cafd2a35232f8771b32', '184e027ac691f9cad7731210f7a53184fd376675', '29442b9edb4576ef474ca09eb7eade5ecc71f338', 'c81069636b90c4f24ed54a30bb8a15fba17a1094', '5ff22cad574bac91bc6b5bd32c4fda7b48f14411', 'c20f76ac0a8d7534dbce62fe85d7f27bc9e21b83', '809235e796da67fe852a349618a1b2498f42ffcd', '95d9514a1225722b6d6015aa896c00b4e107e367', '04cccd759dc77944bbf5e33669f0085e10b9117c', '1602ee05f00387984ae01908102302f83aa1bc50', '4391214fa1168f8f7b12a1eca115d76fa07466c3', '512556c951076a4a07dd436b57921a63fd85f95a', 'af904facd1c81a0b862c9a324327024677ccc495']
[2]: https://github.com/fluent/fluent-bit/commit/d6c4796b9d952eb4e1aedc349cb05b98f37cf01c
['512556c951076a4a07dd436b57921a63fd85f95a', 'd6c4796b9d952eb4e1aedc349cb05b98f37cf01c']


42496387 False
[1]: https://github.com/wasm3/wasm3/commit/6bb612ccbfd5f8993a07a99092fab534722df1c3
[2]: https://github.com/wasm3/wasm3/commit/3c0a7c159a77a58bbe128324091d39b02e77822f
['6bb612ccbfd5f8993a07a99092fab534722df1c3', '3c0a7c159a77a58bbe128324091d39b02e77822f']


42483290  True
[1]: https://github.com/kkos/oniguruma/commit/8b8b37ef8864a976641d4382293de7fe3d5edd62
[2]: https://github.com/kkos/oniguruma/commit/bcccd7929f794d3ab5cb59c9fb1146322cd5510b
['8b8b37ef8864a976641d4382293de7fe3d5edd62', 'bcccd7929f794d3ab5cb59c9fb1146322cd5510b']


42488062 True
[1]: https://github.com/cisco/openh264/commit/f1bb6d3acb057785b4d89e8228e23cc4fc9caa12
[2]: https://github.com/cisco/openh264/commit/992c1c147175126c3fe7ab78216aa0395f9e6c71
['f1bb6d3acb057785b4d89e8228e23cc4fc9caa12', '992c1c147175126c3fe7ab78216aa0395f9e6c71']


42513154 True
[1]: https://github.com/the-tcpdump-group/libpcap/commit/e2c0fd75e48a3cbf1bf48b8afe28fff50d8e0877
[2]: https://github.com/the-tcpdump-group/libpcap/commit/a774407d41419bc8f3069b70e9d9be26c82f0f70
['e2c0fd75e48a3cbf1bf48b8afe28fff50d8e0877', 'a774407d41419bc8f3069b70e9d9be26c82f0f70']


42504919 True
[1]: https://github.com/fluent/fluent-bit/commit/e16a7daa4b8d4ec28f1e91be3570f99b03deba7c
[2]: https://github.com/fluent/fluent-bit/commit/c5741b48c24aa80ddd820e6f42e6ce8fc5f5d98b
['e16a7daa4b8d4ec28f1e91be3570f99b03deba7c', 'c5741b48c24aa80ddd820e6f42e6ce8fc5f5d98b']


42483313 True
[1]: https://github.com/kkos/oniguruma/commit/5066ddb254b830bb583e62521ea7ac838f6df121
[2]: https://github.com/kkos/oniguruma/commit/dab2a5557c3142f7f9f5d7d897a4d37454b5a7ad
['5066ddb254b830bb583e62521ea7ac838f6df121', 'dab2a5557c3142f7f9f5d7d897a4d37454b5a7ad']


42483346 True
[1]: https://github.com/openvswitch/ovs/commit/1e1a15669e324e0971c46a31f3de233e3a0ba5b2
[2]: https://github.com/openvswitch/ovs/commit/5aa1bdc8e40d2df512de6197a8ab58c2e9aa1fc4
['1e1a15669e324e0971c46a31f3de233e3a0ba5b2', '5aa1bdc8e40d2df512de6197a8ab58c2e9aa1fc4']


42471050 True
[1]: https://github.com/harfbuzz/harfbuzz/commit/1c76c8f6ff7877e486f6e94d04b2dc65348b26d5
[2]: https://github.com/harfbuzz/harfbuzz/commit/0f85edb7781f4d5ec2de676979be75a0f6559d80
['1c76c8f6ff7877e486f6e94d04b2dc65348b26d5', '0f85edb7781f4d5ec2de676979be75a0f6559d80']

42483254 True
[1]: https://github.com/kkos/oniguruma/commit/8b8b37ef8864a976641d4382293de7fe3d5edd62
[2]: https://github.com/kkos/oniguruma/commit/bcccd7929f794d3ab5cb59c9fb1146322cd5510b
['8b8b37ef8864a976641d4382293de7fe3d5edd62', 'bcccd7929f794d3ab5cb59c9fb1146322cd5510b']


42505097 True
[1]: https://github.com/libjxl/libjxl/commit/a915cd9ed0fd803449307aa37ba3c5364398bcc6
[2]: https://github.com/libjxl/libjxl/commit/5f54e912b155f157232e5a53112a39e38a5b85cc
['a915cd9ed0fd803449307aa37ba3c5364398bcc6', '5f54e912b155f157232e5a53112a39e38a5b85cc']


379072455 True
[1]: https://github.com/ntop/nDPI/commit/2e2f08cd87266afef888c8b539c1891b30a1cc1c
[2]: https://github.com/ntop/nDPI/commit/c228502cb4d06de42a01e4c451f6b1acd750ce71
['2e2f08cd87266afef888c8b539c1891b30a1cc1c', 'c228502cb4d06de42a01e4c451f6b1acd750ce71']


42531108 True
[1]: https://github.com/libraw/libraw/commit/a6f212a4a1fe19dce1f83c83384f171fd7babb0a
[2]: https://github.com/libraw/libraw/commit/62f0423663f2fdfd46eedecd4690e39fa899d0a6
['a6f212a4a1fe19dce1f83c83384f171fd7babb0a', '62f0423663f2fdfd46eedecd4690e39fa899d0a6']


42483264 True
[1]: https://github.com/fluent/fluent-bit/commit/4391214fa1168f8f7b12a1eca115d76fa07466c3
['36cfed705f97b7e125607702a765f4df0438de59', '1ca8cd9233fb3f681d8d34ab993cdd9a747b3744', '0d17a81b9474b0906d77b4f253e09a13ae16111d', 'f93c898f4473fb15f3fdee31e75d722caa381726', '9881081fed7b9025467c9b147ea63276915e7c73', '1a11dc7ff9d574d3bb43ccf5b43f57ee4e13bb47', 'c355d3cf248dfb8eb3c6eee24f3fd892cb9e2892', '917e9c4230fb4bcf915ed0bdc9cc9891ea13c28b', 'bf888a4b13c3cbab9c18dd737e4952d519b8e0a6', '3156448633ebe5446ed0267c54e906b7b68270bd', '484d4feee7adffeeee153f757003557dd262d2fc', '89eea3426ed72d58973b5b06e26ae0b575ff11a6', '04ed3d8104ca8a2f491453777ae6e38e5377817e', 'ee28becdcbe9c5c89367a843d54c167a7bd799ec', '29b649aba4cbf4398f31dd12629922e004412ff9', '96fb2bedd5611c99fa9254968722426c45b4022a', '52fc7431d395de06d871575c8eb761df9dbfd12b', '79127722c6df1fdd3b43e1455f31522ffda67810', '553fb0b749e7dabfde9d64aa8f86171b3dcc3519', '1ac0956ac03e0556e8813d198c72b13eff375789', '9cb69903d4de07cdd0305d1d70a1e7519f347f5d', '17732877a1a4920aa4d6d7843c6d3298d8957747', '112fce35a39dd5f42b1cfe1e579b51bc83b0dd70', 'f48a8636d68c0486ca69f4d479e3721d4f10aa26', '9feb6c11e82847557b2b2610e1ea216a498b76b5', '9f2062d38d3c2ede4b5023347423900ef45d9134', 'a97a446c6aaf5091c9c2087ce916423872356c2e', '5985506b1392a74f25713b0d88e155abe5711ea7', 'd6f7e237f679a3a545573b6984ea519bde6889c6', '418cf03390093f4f50507c4388ef9e4d897724d4', 'c9269c42486ae83456eaf0365b91f85263407b15', '1c1709c11e1b677ade2dae6041983a648e8cada4', '158525b1305faccf7787c89281dba8495e6b0654', '0ba3b8b3039257364ad32cafd2a35232f8771b32', '184e027ac691f9cad7731210f7a53184fd376675', '29442b9edb4576ef474ca09eb7eade5ecc71f338', 'c81069636b90c4f24ed54a30bb8a15fba17a1094', '5ff22cad574bac91bc6b5bd32c4fda7b48f14411', 'c20f76ac0a8d7534dbce62fe85d7f27bc9e21b83', '809235e796da67fe852a349618a1b2498f42ffcd', '95d9514a1225722b6d6015aa896c00b4e107e367', '04cccd759dc77944bbf5e33669f0085e10b9117c', '1602ee05f00387984ae01908102302f83aa1bc50', '4391214fa1168f8f7b12a1eca115d76fa07466c3']
[2]: https://github.com/fluent/fluent-bit/commit/b5571d0953cfd323880e7f4fe3c8563fa59ce85e
['418cf03390093f4f50507c4388ef9e4d897724d4', 'b5571d0953cfd323880e7f4fe3c8563fa59ce85e']


42512155 True
[1]: https://github.com/tmux/tmux/commit/6d0828b81cd39362869155dbea0143b66efe4e21
['18a5835affc3fef58f673a8feeb128cf4132525e', '42ddf02ffce2002ed5ded5e03e1a51516fc2d710', '6d0828b81cd39362869155dbea0143b66efe4e21']
[2]: https://github.com/tmux/tmux/commit/6d0828b81cd39362869155dbea0143b66efe4e21


42514948 True
[1]: https://github.com/wireshark/wireshark/commit/eb83e055b855d23802a25d5de6e3c8682f38fb9d
[2]: https://gitlab.com/wireshark/wireshark/-/commit/4c287a90288e1ce78aa30a13e87626ce9ef73593
['eb83e055b855d23802a25d5de6e3c8682f38fb9d', '4c287a90288e1ce78aa30a13e87626ce9ef73593']


42488057 True
[1]: https://github.com/DanBloomberg/leptonica/commit/20b8d16e4f3fa4d94b606a7f7804ee56c776768b
['80fe3d19a63836c79d2deb2c54ecfca7eba00607', '091ee190146b8caf5112165add220b7e7ee80311', '7d0c940768fa3f7d07396dbae1d668cfded6bf05', '20b8d16e4f3fa4d94b606a7f7804ee56c776768b']
[2]: https://github.com/DanBloomberg/leptonica/commit/20b8d16e4f3fa4d94b606a7f7804ee56c776768b


386688710 True
[1]: https://github.com/opencv/opencv/commit/a6f72f813d307f77e7597447bdba25dcb5b6447d
['f15fa21c6b1292590046e0e7425c719cddeefbaf', 'd2264d5868b94abc88f3a3793a108f6063af1e79', 'c803aa2dddb536533cccb25b87528e2c9caccdaf', '1db982780fa7789b9437f39f523f22f358af694a', 'f2878eb337b9af6c89544a2dc6cff47277b73844', '12963ea6995fa7dbf6a113038a6a6fd920b0e588', '2f0035b23ff3789eebbddbfd94dd4deef0cb0bd8', '845616d82cae8d8865f1eb4ee032a7b8e0db3f26', '0538e64b13c699387f73a7c4fc2fcecd71832371', 'a6f72f813d307f77e7597447bdba25dcb5b6447d']
[2]: https://github.com/opencv/opencv/commit/a6f72f813d307f77e7597447bdba25dcb5b6447d
['12963ea6995fa7dbf6a113038a6a6fd920b0e588', 'a6f72f813d307f77e7597447bdba25dcb5b6447d']


42530554 True
[1]: https://github.com/radareorg/radare2/commit/c7e91db654127765a2d2238752ce76a836b55e02
[2]: https://github.com/radareorg/radare2/commit/fc79e134fa1ebafc00849f129d9a5337c725344c
['c7e91db654127765a2d2238752ce76a836b55e02', 'fc79e134fa1ebafc00849f129d9a5337c725344c']


42522585 True
[1]: https://github.com/xiph/flac/commit/147cfc8df424b3b4fe6cc15a37d8ab9f3320dcd6
['3e3b4407aed70d5bf83e72b303d0a989096bdbca', '01fb06103d21c199915f0926db44e896f58c07fb', '147cfc8df424b3b4fe6cc15a37d8ab9f3320dcd6']
[2]: https://github.com/xiph/flac/commit/147cfc8df424b3b4fe6cc15a37d8ab9f3320dcd6


42530471 True
[1]: https://github.com/ntop/ntopng/commit/35b09487b9e38f11e5e01fc3cf9eb60b1b493f7c
['4bddd533d5982cdaebe32f571af0e56976368df5', '98d63b3ad90398d4b853b8ac80456f0345b5c057', '14ab264c1d1e093c61403982c7e57e89b436bf3e', 'f2bb5923b01d5a429d0a0f389e4c9d6914035084', '00bb03901341a80cb00d69b9ceed162722507e9b', 'de72f8ef44942240f05d98afd429d3e701c99256', '540c387c54157f3779978a5b2b76c9af2defdec1', '260fd47d9db5c6015a738870bc8a91465003d884', '521daf5982090505c6f08f9ad8be72a0d611f3eb', '1e3b954e85d04c4904ea338ec5935c4d906fcbc7', '501ebba24850504d76848d65e033d45dc3b05238', '35b09487b9e38f11e5e01fc3cf9eb60b1b493f7c']
[2]: https://github.com/ntop/ntopng/commit/35b09487b9e38f11e5e01fc3cf9eb60b1b493f7c


42524167 True
[1]: https://github.com/openthread/openthread/commit/9ec07205cc17c2de80b06a8b1e181abde4fdbb1e
[2]: https://github.com/openthread/openthread/commit/2e084717063ee55e8faf2a4a9e68cbebb68eefc8
['9ec07205cc17c2de80b06a8b1e181abde4fdbb1e', '2e084717063ee55e8faf2a4a9e68cbebb68eefc8']


42496381 True
[1]: https://github.com/openthread/openthread/commit/ba148cf5bf7fa7cc445fb53c4aa88886d01e76d0
[2]: https://github.com/openthread/openthread/commit/4ccc23a511ef5659c8c1f0b9c61516af09a0552f
['ba148cf5bf7fa7cc445fb53c4aa88886d01e76d0', '4ccc23a511ef5659c8c1f0b9c61516af09a0552f']


42488023 True
[1]: https://github.com/fluent/fluent-bit/commit/8315c5029f1b8bc855a2263b1986f22d24cd1a3b
[2]: https://github.com/fluent/fluent-bit/commit/4e7894d3fd7c03071a8079ee33595921d0133893
['8315c5029f1b8bc855a2263b1986f22d24cd1a3b', '4e7894d3fd7c03071a8079ee33595921d0133893']


42496677 True
[1]: https://github.com/fluent/fluent-bit/commit/0ec1a7b309ec29904d9f855c495dcd550da74d57
[2]: https://github.com/fluent/fluent-bit/commit/95a4dda519446aecde55cb58989882718301bc7c
['0ec1a7b309ec29904d9f855c495dcd550da74d57', '95a4dda519446aecde55cb58989882718301bc7c']


42496664 True
[1]: https://github.com/php/php-src/commit/ed33262dbbc9a39c43c5de75be6aa89c1a3a71a8
[2]: https://github.com/php/php-src/commit/e5b6f43ec7813392d83ea586b7902e0396a1f792
['ed33262dbbc9a39c43c5de75be6aa89c1a3a71a8', 'e5b6f43ec7813392d83ea586b7902e0396a1f792']


42477798 True
[1]: https://github.com/unicorn-engine/unicorn/commit/7ca7e8a79d85ca57bb523be49009b0326b7a5210
[2]: https://github.com/unicorn-engine/unicorn/commit/e2a924a32b6fd3f24163b93996ac91782f518a25
['7ca7e8a79d85ca57bb523be49009b0326b7a5210', 'e2a924a32b6fd3f24163b93996ac91782f518a25']


42540431 True
[1]: https://gitlab.freedesktop.org/poppler/poppler.gitaf4d5f31705dcfd65319da430f87744b5c1f3616
[2]: https://gitlab.freedesktop.org/poppler/poppler/-/commit/267228bb071016621c80fc8514927905164aaeea
['af4d5f31705dcfd65319da430f87744b5c1f3616', '267228bb071016621c80fc8514927905164aaeea']


42492801 True
[1]: https://github.com/relic-toolkit/relic/commit/707708d83188b04ea0b7b0ae2487aa8ac7e62f41
[2]: https://github.com/relic-toolkit/relic/commit/c76f09859ceea718c2d49ac4c6d9a9eeb13d04a9
['707708d83188b04ea0b7b0ae2487aa8ac7e62f41', 'c76f09859ceea718c2d49ac4c6d9a9eeb13d04a9']


375237153 True
[1]: https://github.com/kamailio/kamailio/commit/d10257fbfdbb3e3e73c0fe60a224585822bdd7b3
[2]: https://github.com/kamailio/kamailio/commit/18dad74a091e693a0bf939dddf144348409e6402
['d10257fbfdbb3e3e73c0fe60a224585822bdd7b3', '18dad74a091e693a0bf939dddf144348409e6402']


42487652 True
[1]: https://github.com/AOMediaCodec/libavif/commit/b86bc3c8296f7d37cacf674ee031851cd513b8e4
[2]: https://github.com/AOMediaCodec/libavif/commit/76556c4c24cb935039e1ba87006d80fb513a8d7b
['b86bc3c8296f7d37cacf674ee031851cd513b8e4', '76556c4c24cb935039e1ba87006d80fb513a8d7b']


42492999 True
[1]: https://cgit.ghostscript.com/ghostpdl.git7861fcad13c497728189feafb41cd57b5b50ea25
[2]: https://github.com/ArtifexSoftware/ghostpdl/commit/833dc8c9ffde58f001308b303c8d7956107633a1
['7861fcad13c497728189feafb41cd57b5b50ea25', '833dc8c9ffde58f001308b303c8d7956107633a1']


42487661 True
[1]: https://github.com/AOMediaCodec/libavif/commit/b86bc3c8296f7d37cacf674ee031851cd513b8e4
[2]: https://github.com/AOMediaCodec/libavif/commit/76556c4c24cb935039e1ba87006d80fb513a8d7b
['b86bc3c8296f7d37cacf674ee031851cd513b8e4', '76556c4c24cb935039e1ba87006d80fb513a8d7b']


42501996 True
[1]: https://github.com/google/flatbuffers/commit/6f7a57eaa0ef872af87ee3333a4a0fa1bfb607ce
[2]: https://github.com/google/flatbuffers/commit/e89de4411d441954d523b851dd10dfedde502450
['6f7a57eaa0ef872af87ee3333a4a0fa1bfb607ce', 'e89de4411d441954d523b851dd10dfedde502450']

42493450 True
[1]: https://github.com/Blosc/c-blosc2/commit/e411d87705c65db2aafb0e774092fe57647fb31c
[2]: https://github.com/Blosc/c-blosc2/commit/81c2fcd59368a9c57da77416066e731a7183a57d
['e411d87705c65db2aafb0e774092fe57647fb31c', '81c2fcd59368a9c57da77416066e731a7183a57d']


42484565 False
[1]: https://github.com/beltoforion/muparser/commit/1f97b7eeab0d1dc2f68ff396a4bf741d0c602b50
['bb27007bd4da5e17da1841e02d87b81d73f1c4f4', 'f834e54c30428457500a702e6d43b890173028ca', '1f97b7eeab0d1dc2f68ff396a4bf741d0c602b50']
[2]: https://github.com/beltoforion/muparser/commit/1f97b7eeab0d1dc2f68ff396a4bf741d0c602b50


391975654 True
[1]: https://github.com/kamailio/kamailio/commit/200cdb318569191cd012dfe99b252f98fe9623b9
[2]: https://github.com/kamailio/kamailio/commit/626253c7d41a67fed8c5f3af64caa3c184a509d2
['200cdb318569191cd012dfe99b252f98fe9623b9', '9c44aec667fc3c088612dd31935bce2eb082812d', '626253c7d41a67fed8c5f3af64caa3c184a509d2']


42509056 True
[1]: https://cgit.ghostscript.com/ghostpdl.git476f3fe96b853fbe96062bff1c29355cabbaac61
[2]: https://github.com/ArtifexSoftware/ghostpdl/commit/439b802a82d0d3c55c9f0de757f4f9c9eed48e86
['476f3fe96b853fbe96062bff1c29355cabbaac61', '439b802a82d0d3c55c9f0de757f4f9c9eed48e86']


42505830 True
[1]: https://cgit.ghostscript.com/ghostpdl.gitec080573f7da33c18453c15e3c7bd78181a53155
['9f4cf42078f4ce4bc65f1ccf3407d69fbfe476c8', '31e249d5cbd561d76dd2149ceee5fe3a2d84d658', '6a24bfe01d84e2d8677a46d78fa697a7fa7f81d2', '991a95ff4c4ffd6114f0ae5b9ecb7887ba775d50', '82b097fe8e76ea92f69ef483f45c0cf491a98d43', '2be8b436910cfc8b013a13df000c3c854cf3c5c5', '14dabe64a9a7fa4a669585cf7f03969ae31794bd', '624ef6ae4bb802dff156681a1616c6a65fca39c1', '632230836e6a5aa347c037a66f478d752b62242a', '7fe54b1dbf221864b25ff55eccf1d624c07bb21d', '0d934dd30662efe03e63b5d9e9a98bb8a1834bca', '0c4e9f7312637d512fec2b806570bfbea9da1aff', 'c64c26adfa557e2703d0d892dbe81fd0f3133a43', '0d21f487b1233af1d60fb834084ee396502ba5eb', '3aaacd96f4d80213f6c1f99263c17b0f5cfe987f', '1ae55674f6d68eb6215d7d0f82610f636d81ad3d', '436cb8a1958642e7bc0d3ca4c44288674dcd590c', 'a7f2474c5aaac7a75a4119478c77d2cafcf45b85', 'a5dd7e7333eddef2fa41bf317edd54d15936c342', '115663a52dcaef53c91547907f45cc4ffa385537', 'afdf3d0446743ac64fdc438874385c01a00cae7c', 'ec080573f7da33c18453c15e3c7bd78181a53155']
[2]: https://github.com/ArtifexSoftware/ghostpdl/commit/2be8b436910cfc8b013a13df000c3c854cf3c5c5


42517002 True
[1]: https://github.com/OpenSIPS/opensips/commit/5e9f72d3d90e8fc9cb20578a95c891631b4d91da
[2]: https://github.com/OpenSIPS/opensips/commit/8d01619671f314adeeda237b6b80d5baf283410d
['5e9f72d3d90e8fc9cb20578a95c891631b4d91da', '44a73d39ebf3f537800355082a3417b1f8ea6a1b', '8e4f97f112694802578dd20b6d0c6c7267c8f49c', '8d01619671f314adeeda237b6b80d5baf283410d']


42510066 True
[1]: https://github.com/fluent/fluent-bit/commit/80d028109d3a55792f3bcfcb799292891409bdab
[2]: https://github.com/fluent/fluent-bit/commit/5d8d6bc46822a32e1c5a60b91cc59cecf0e63f10
['80d028109d3a55792f3bcfcb799292891409bdab', '60d4b2edd80c66ead1797c05f9294153d48129f7', '5d8d6bc46822a32e1c5a60b91cc59cecf0e63f10']


42498509 True
[1]: https://github.com/h2o/h2o/commit/1785a2fe97eda2de3d065147a0a4e5b509f0e3c0
['e429879445f5fe805fbef88e204538127cfc64ec', '0b2425b41830e550dfc5d451b217ab4d44bd4985', 'a939ef6dbb33a7fea20de22a2a751cfc0632b4b2', '7d7d1bd49e4703d878b7926a13c0ac5695639c3c', '1785a2fe97eda2de3d065147a0a4e5b509f0e3c0']
[2]: https://github.com/h2o/h2o/commit/1785a2fe97eda2de3d065147a0a4e5b509f0e3c0


42519959 True
[1]: https://github.com/open62541/open62541/commit/a6d732b4050e902d9bba3acfa7bf72e30fa4dcc6
['47d55bf8e0751be389d3cc5b03e69f304e27a3dd', 'c13656674fbaf8dbf2169fbf84d27f7916861362', '0967724a3ca12f4f822f6cd8add4376291b6034d', 'd553fc7d9832f726486a5777f811a614faf84ed4', '9ae4714704a1640c79035942dae227d4b6da0ae7', '448e4e100c1cacf9df0150672c362b583c2f6cf1', '4ad41cec6fa40656559aa9ee10f6f9fc3bd0d943', 'f2b3c25698ce3fc6bc9a0bed50d5051a70ef428c', 'bdd73cd186a2f816f3f5a3b6ecce3657ac94dab4', 'dedff4d9d60ec9a4c93281a166ea7c0c893a9e27', 'c3f5c1c73d6f5c33434beba76fa4377b966ae0d7', '01f78374285f16749452ba84289356fc85e4ab22', 'a6d732b4050e902d9bba3acfa7bf72e30fa4dcc6']
[2]: https://github.com/open62541/open62541/commit/a6d732b4050e902d9bba3acfa7bf72e30fa4dcc6


42503978 True
[1]: https://github.com/FreeRADIUS/freeradius-server/commit/35d9a658b48f73faee44fc45ce3e11b0d10bfeb1
[2]: https://github.com/FreeRADIUS/freeradius-server/commit/35d9a658b48f73faee44fc45ce3e11b0d10bfeb1
['3d0368cc80d21346100f9ff3b60f4a0c95d2358a', '35d9a658b48f73faee44fc45ce3e11b0d10bfeb1']


42506075 True
[1]: https://cgit.ghostscript.com/ghostpdl.git16d8d54d2e7fbfab7f18cf4da1f7f11bf481396d
['9f4cf42078f4ce4bc65f1ccf3407d69fbfe476c8', '31e249d5cbd561d76dd2149ceee5fe3a2d84d658', '6a24bfe01d84e2d8677a46d78fa697a7fa7f81d2', '991a95ff4c4ffd6114f0ae5b9ecb7887ba775d50', '82b097fe8e76ea92f69ef483f45c0cf491a98d43', '2be8b436910cfc8b013a13df000c3c854cf3c5c5', '14dabe64a9a7fa4a669585cf7f03969ae31794bd', '624ef6ae4bb802dff156681a1616c6a65fca39c1', '632230836e6a5aa347c037a66f478d752b62242a', '7fe54b1dbf221864b25ff55eccf1d624c07bb21d', '0d934dd30662efe03e63b5d9e9a98bb8a1834bca', '0c4e9f7312637d512fec2b806570bfbea9da1aff', 'c64c26adfa557e2703d0d892dbe81fd0f3133a43', '0d21f487b1233af1d60fb834084ee396502ba5eb', '3aaacd96f4d80213f6c1f99263c17b0f5cfe987f', '1ae55674f6d68eb6215d7d0f82610f636d81ad3d', '436cb8a1958642e7bc0d3ca4c44288674dcd590c', 'a7f2474c5aaac7a75a4119478c77d2cafcf45b85', 'a5dd7e7333eddef2fa41bf317edd54d15936c342', '115663a52dcaef53c91547907f45cc4ffa385537', 'afdf3d0446743ac64fdc438874385c01a00cae7c', 'ec080573f7da33c18453c15e3c7bd78181a53155', 'ce9522c85ac6f54e42d041d96b6fbaa7c5810b90', '2e3b188b70606b4b917d7aa453e0ad1a5a4c1b29', 'e2c4260563da3b7bb3eb44b0812636741b4b4677', '60c69e06f31a40af38aabebfa4804caf3371b073', '77bf699db6397471ad0ee0470a6db29bb93209e5', 'd3cd74af319b7b9bc72b6328bdd79fb4ff8082c3', '6e537340b48d987838d0180da7daa27428a2305b', 'd368db06982c8d733591e6f88ebdc2a773a6ef66', '2bb92f8d571e6fc58b81b975af978a9244c2e462', '1a3c64e7a65025ea024bd65cc726b6ec5dd0e172', 'a78a6db2d1f411c2aa76ea3c0f025cc31f117469', '866d8b4b104e2dcbd8352cf86edff28bbf9ad165', '23f10315da966d6c2dc852718dd79e69c7d1d632', 'd86caf51b0aa3f7faa1ad9a8baf1eb2e2ba48ba8', '3f51c61d4ed23355ba717c55bb94630efa1a0c14', '8f86c5f3d7a46206d8eb9501912d212e594d2e0f', '82d534f8f69fd4939faf4b7f20df5cc2462973d8', 'cb2b78cddfc67fee13b4bec3f16747f2ec611793', '01b73ec93748b31ae9e4fe74cd03739b54e36e48', 'd4da82961c4e59a926fc041ae970ff39b12b6ec8', '4107288ebb23d418ff5c1a9d40c48a4f00950193', '9ca4b5f4d6cfe4af7d97dcad66dee5320c641682', 'ee506a81ca315f05acc674ed76055bc19ed62b24', '16d8d54d2e7fbfab7f18cf4da1f7f11bf481396d']
[2]: https://github.com/ArtifexSoftware/ghostpdl/commit/4107288ebb23d418ff5c1a9d40c48a4f00950193


42521091 False
[1]: https://github.com/eclipse/mosquitto/commit/44415cb97421257e82a40b491598438d0bedef26
['77b5dfb770441c7e9fffec0916ea5917d465e150', '385ddd7d869f17d560eabd4bfdd6307303c4876f', '84e21d478c3f732dd8bef216dc93a95cd1c84e98', 'fa92db5480c9171abd5a0d425354aa2ff58f9d5e', '5b7036dfcdd52133afb576b93ef60538df9a2132', '0be6d00d661a677eb04b518db912b232c52a1d60', '245b2807ad999e72d8791e05c0afb02256c82676', '2b3a64ef691190824385dea96dc34c672ab4645e', 'ca5e0c62886de396d9f0946f8a2d5b46e44df874', '687e422fe6631e94bb10015649fdcf40efdf935f', '489badccfa4e19a728e7db845276a8c9ead8e500', '105a652fbf570baf064c62a4597ed657b04d7720', 'a791532c12b576942edc43beefdd24c9b7c9409b', '44415cb97421257e82a40b491598438d0bedef26']
[2]: https://github.com/eclipse/mosquitto/commit/44415cb97421257e82a40b491598438d0bedef26


42483223 True
[1]: https://github.com/open-source-parsers/jsoncpp/commit/6aba23f4a8628d599a9ef7fa4811c4ff6e4070e2
['a4fb5db54389e618a4968a3feb7f20d5ce853232', '8b7ea09b8055df01866a5ce4142b12ed8f9f13eb', 'd2d4c74a03036c18d7171993bfaa6e0bea38e07d', 'b8cb8889aab726a35c49472228256f7bb1d44388', 'e36cff19f098723a45a98f53bba113da3c3781f3', '75b360af4ae3949c003e39d57dad43238e3178c2', 'c161f4ac69633deb2ed43bc8569cb9b183f63c32', '6aba23f4a8628d599a9ef7fa4811c4ff6e4070e2']
[2]: https://github.com/open-source-parsers/jsoncpp/commit/3228be44b0b33a1f14fb343bb5b653a8a33d611a
['6aba23f4a8628d599a9ef7fa4811c4ff6e4070e2', '3228be44b0b33a1f14fb343bb5b653a8a33d611a']


42515409 True
[1]: https://cgit.ghostscript.com/ghostpdl.git81c55ab199af28abf7e405f1e3ab2e76608b116b
[2]: https://github.com/ArtifexSoftware/ghostpdl/commit/a94b6e448324142ecd0e047ba067b5280b6aa2e2
['81c55ab199af28abf7e405f1e3ab2e76608b116b', 'a94b6e448324142ecd0e047ba067b5280b6aa2e2']


42498959 True
[1]: https://github.com/glennrp/libpng/commit/a3d1057a735d923626f1f6bdc0f662a13d0cba6f
['357af1f095320c76f7c9d2bcf7de48dd809358e4', '12384eae6fa138b528647cdf350b005509e95b6b', 'a3d1057a735d923626f1f6bdc0f662a13d0cba6f']
[2]: https://github.com/glennrp/libpng/commit/a3d1057a735d923626f1f6bdc0f662a13d0cba6f


42484005 False
[1]: https://github.com/rockdaboot/libpsl/commit/0cbb7089f60931870d19c9fc323fa0cccafd8907
['d417badedb582df4076b4fd18ea73b03fc0ba3a7', 'e20e6f369b88060d8957e87016f43300ef808799', '47734a6f1f6e448b2b56b759c177f39bf5aec0d6', '492c884d7df5909dbaadfac0344ef07e376fe32c', 'b858480f0d841a63d731a967a18ab906a7efa0b3', '0cbb7089f60931870d19c9fc323fa0cccafd8907']
[2]: https://github.com/rockdaboot/libpsl/commit/0cbb7089f60931870d19c9fc323fa0cccafd8907


42516258 True
[1]: https://invent.kde.org/frameworks/kimageformats.git2f27dff48b0838d8530834ed5944a10811226d6d
['6f3a326cf879f565056d6495ba4f67b8ca0ae687', '72a1cc23b16640c3828c43d3704d4de6a5103d09', '2f27dff48b0838d8530834ed5944a10811226d6d']
[2]: https://invent.kde.org/frameworks/kimageformats/-/commit/2f27dff48b0838d8530834ed5944a10811226d6d


42508844 True
[1]: https://cgit.ghostscript.com/ghostpdl.git4a79f807fd13bd0e53bd1aad6f26066be8bf0b15
[2]: https://github.com/ArtifexSoftware/ghostpdl/commit/a16917a77693e16c3a63a8a00ad782052ed5434e
['4a79f807fd13bd0e53bd1aad6f26066be8bf0b15', 'a16917a77693e16c3a63a8a00ad782052ed5434e']


42504683 False
[1]: https://github.com/libjxl/libjxl/commit/4d7b55ab7b05b95c4fbc15e1465a09f6dc0805cb
[2]: https://github.com/libjxl/libjxl/commit/43818e00ea893a8eea62ee3525f42203c141e946
['4d7b55ab7b05b95c4fbc15e1465a09f6dc0805cb', '43818e00ea893a8eea62ee3525f42203c141e946']


42496362 True
[1]: https://invent.kde.org/frameworks/kimageformats.git780f3428253bff4b029736fa9f195ca5938203bc
['105d0fab46ec3ad62dc0ceebbdbedad1bf5303ff', 'f5b26cc9f9e261a4e54e371ad62e4eae83fce854', '8562ce18f1abdff44e9ae0670f76a8060603f9ae', '51d0b2ad86db60408fe35fd5d18a78d49f1f3c4e', '37be13e3a459bfe9ece25a6028f0ea39e4d3c222', 'a446331a5e0ec67f001abce69e09e95041450e62', 'd1136c4bac749cdad17e8bf13c796a13b5545a47', '9a04f2637fc140ffff786e389ec4a5eb63968c7a', '20f996a7dd2e859a7a053b03088cf4743026eabc', 'f4281984c1a0d75d49e2675d295145d6e1b07cb2', '6e9df28487d71c192bbc6d68dba2b5c594575e17', 'd326d5dab94cfc22a880290031207cf84a22c1e3', 'fc9a128f47c49658581189709aaa3a00b3d30f57', 'd6b79d16ad25d16f21cd06213b3d8ea312a11709', 'da2fc84a3bac0e05a3daf9d1f6698de7bde2df1f', 'db0b5d571a303e2f3c3e307a541193776e5c26b4', '2e6eeebdfcdb0ad18c21249a50b44e10431ffdb5', 'b742cb7cc76f1cca7be87425ee61044fee12cd1e', '5825c83235caaa6470f83315914dae0611980176', 'f2ccbf17240d8780eced248d65ea942767beebb2', '1acb5a61774e04d6afadf2bc206561ed5155e966', 'd36c191351fdb5e195014b1ed14c1c75838fe11d', '938b8126b5662033c99b6c237362baaa503a92ca', '6cf05cf305adb8278a18a0dd28a409bf5f151e32', '02cbf3889f229b0693eff6b492b44d2205dd9796', 'a6ec69d276300f38622408657e7ec42492cb830e', '34a9ec1b06844a4caca1362ee15fc8a4143931e6', '54ed1dda27be27bc49c19ec525af0ed58c15ba58', 'bbf945137a3b658e58362fab205dd61f03f852b9', '82d5e0f8a4205b6fa96860ff8c3eaf0fcf86e768', 'bf1de9f8f09af9dd76513e461a89ebdaab82b3b5', 'b79d1f222d01f5152d11381c7b6694dae6665176', 'bf3f99abf592eb60459e3506065a1c8b6e9d17ad', 'c72c9f577b08991e5a3ee299afb3a6a986d58036', '8ad43638ad55cf9bfc12af35aa3c33bd255dd375', '3673874a6300b4d21e7a942d7aa551950525ec1a', '134c96fa61cc78144b22ca7487c425c12a7d5f76', 'a4b8295625fa6923f7856f1cb158cb8ebe890937', '8845dd9818355542b373d6b3fe63526c8d385f82', '8b9125c913928f5a682b5518d377d1e3cd7f11f3', '0aaab103b12b7115a9fa331b9811f2ec15dc09a5', '7ba4d6addaa86661bc3d00d6203568d4e440d9b8', 'ca52d4ddf540cc731d0f31dbccc1897f7e6d9db4', '1462c3abd6cec6c8140bc11c13a8801969c82672', 'c532227d4302339de562bd4388772532e87114bb', '511a22f0b49a467af1e2932f7a339481acab94a1', '503b3eee2b3ed599310e1e6e41e74398f53a6303', 'e3ab85071220da704cefcd94bdd73bcc0a8f2314', '04e276dcb31652f49192751486df498f9bde7673', '1169859b07f25c865ee0bfc2a7dc97a431651776', 'a73e3d44ddb00d3f11c57a404242a038e6e534ad', 'e80fcd7c306cd66568e9711f32b9ce19d0a1ac9a', '3b0c767f82e6fac1d1733b9e1aad116f7aa981c2', '2755f74fbb0637e3e732d235e1e9d3d570f00fd1', 'bc3c04c7cea729b63e8217ef8a3df9a86f669a26', '1ba23a1e8e2506913ae08797534c2556d52c652c', '95a19a15c38cb1368549a0329ef1836dba824d44', '3cb4021afc3a87261faf5b6d29e6d6ab47c055c8', '64fa129ed66cadfcccf490c7829ea1dca01f4abe', '224f892b09fd3c7dab0ddadf3dc4ef3727b2809b', '2429c9533621d32f4ab5350856945cc0ad659ae5', '55b4077f2c12a424a410a1e213eccf98f0eadd20', '297ed9a2fe339bfe36916b9fce628c3242e5be0f', '780f3428253bff4b029736fa9f195ca5938203bc']
[2]: https://invent.kde.org/frameworks/kimageformats/-/commit/297ed9a2fe339bfe36916b9fce628c3242e5be0f


42488517 True
[1]: https://github.com/richgel999/miniz/commit/9457abb670a2c0a9f907d353bdf257593d0498a5
[2]: https://github.com/richgel999/miniz/commit/cd659959530d5a890d1ec75bc445819d88183ff1
['9457abb670a2c0a9f907d353bdf257593d0498a5', 'cd659959530d5a890d1ec75bc445819d88183ff1']


42492301 True
[1]: https://github.com/samtools/htslib/commit/6568f13bf7b36f280a8f0e4777fe05c85a9dcf06
[2]: https://github.com/samtools/htslib/commit/2d1e9549f45881a014a387dd2c3287508a863ff9
['6568f13bf7b36f280a8f0e4777fe05c85a9dcf06', '2d1e9549f45881a014a387dd2c3287508a863ff9']


42512535 True
[1]: https://cgit.ghostscript.com/ghostpdl.gitb609c25f7f881bea4b10c8e1b9b950b635437320
['b7d03a002fdff8ea17d849033954a42e4e28f40f', '9a5fcb9dcc80dda464472836e18b81ecbb6ceec0', '0acf32607fb27753ff5a78ab5b8c73869b8095d6', '22c98d3e314d9a6564e3b9790dbe238c37f10828', 'e68282666cb0d2d8499b64f6a527924f12944275', '46a509b83b77d673eb07384b5475b0b5d870b6d7', '1e25658ebfdea936e74794c22938e13fecc556d2', '4dfa63fbb6d3049b9f462054aa786ca4b182d50a', '532279f73778f3b33ed126a27b0e542581162be9', '441c9e3a4ca08fa7f7c00063af33196b0d88ebaf', '1f876cfb63c0b0a1bd488ea21155368dc500dddd', '2c989d2b0c382e21a2864b054570e9c7b10b6d24', '6823af003cfac5b8a9c4c8ddfc212056a8c004d1', '6f4326ab21ae055610c72222da4ab2ac26007589', 'b609c25f7f881bea4b10c8e1b9b950b635437320']
[2]: https://github.com/ArtifexSoftware/ghostpdl/commit/b609c25f7f881bea4b10c8e1b9b950b635437320


42484165 True
[1]: https://github.com/DanBloomberg/leptonica/commit/7b5ba2afc759b7a44f6776a53030b494c6d985c3
[2]: https://github.com/DanBloomberg/leptonica/commit/879f2027d401e4f2892bb79cc4a169fee848b85c
['7b5ba2afc759b7a44f6776a53030b494c6d985c3', '879f2027d401e4f2892bb79cc4a169fee848b85c']


42507734 True
[1]: https://cgit.ghostscript.com/ghostpdl.gitea7c064ead976954f9898c41f9c0701809c73e20
['6fde1cf8be088fbe074c97eac334c6a539b0e380', 'c6d4ab8d0a12fe0c44a05b5fc6ca8f4b89c246ef', 'eb97246e6cf9890e2598dd6733fa0feb7b550bc2', '78c16de9a299439db7202e981ea2aadf10233b3a', 'f99464b8c9c37ffa9d07f2bc5b088572d5e5ca06', 'c324f111dd1d109f9d2a6260f2bd29fa3295a354', '26b3946ef8b6ba8e93f426830823e3493428ba5a', '912eeab1c2ea0ee5351ff77b94a81cbc6c30b838', '39c14d4e555ad92435368848c6d887e561a3e777', '717f89684f71c29dcfc715de623dcd7e2bd883ec', '1d88ef8b1863d44d2f469bd2dc43a58e2e51b713', 'b0f97408aa942bf2c44b6074c9697847d07f1dd3', '4aa284be10e8ddf4afa4d91ace3bf1f2682988f5', 'c2e848fe05d9ffa99f61285bb1f33f717844abcb', 'bd747c5c2d320cd80ce08f16627c70a77ff67978', '819e0fd4dd30b6801bd831f9a38f8af32f2a2f39', 'd86d4806674dc7e1700d764f09e0a9770d6b6f21', '8347a70320850aeaaf518f26dfa2586fc35b82d8', 'c5cb467a5f1c0303a2a87d14c645b154c74f68a9', 'a2092ed3ed3e0dd889809260a77a9c94ddf3dd84', '7b1faf5313a96b78930306f0343c5fe5d954d30e', 'ea7c064ead976954f9898c41f9c0701809c73e20']
[2]: https://github.com/ArtifexSoftware/ghostpdl/commit/b0f97408aa942bf2c44b6074c9697847d07f1dd3


42506350 True
[1]: https://cgit.ghostscript.com/ghostpdl.git81a3df39f92927078c00938b107e10dcbc163e1d
['9f4cf42078f4ce4bc65f1ccf3407d69fbfe476c8', '31e249d5cbd561d76dd2149ceee5fe3a2d84d658', '6a24bfe01d84e2d8677a46d78fa697a7fa7f81d2', '991a95ff4c4ffd6114f0ae5b9ecb7887ba775d50', '82b097fe8e76ea92f69ef483f45c0cf491a98d43', '2be8b436910cfc8b013a13df000c3c854cf3c5c5', '14dabe64a9a7fa4a669585cf7f03969ae31794bd', '624ef6ae4bb802dff156681a1616c6a65fca39c1', '632230836e6a5aa347c037a66f478d752b62242a', '7fe54b1dbf221864b25ff55eccf1d624c07bb21d', '0d934dd30662efe03e63b5d9e9a98bb8a1834bca', '0c4e9f7312637d512fec2b806570bfbea9da1aff', 'c64c26adfa557e2703d0d892dbe81fd0f3133a43', '0d21f487b1233af1d60fb834084ee396502ba5eb', '3aaacd96f4d80213f6c1f99263c17b0f5cfe987f', '1ae55674f6d68eb6215d7d0f82610f636d81ad3d', '436cb8a1958642e7bc0d3ca4c44288674dcd590c', 'a7f2474c5aaac7a75a4119478c77d2cafcf45b85', 'a5dd7e7333eddef2fa41bf317edd54d15936c342', '115663a52dcaef53c91547907f45cc4ffa385537', 'afdf3d0446743ac64fdc438874385c01a00cae7c', 'ec080573f7da33c18453c15e3c7bd78181a53155', 'ce9522c85ac6f54e42d041d96b6fbaa7c5810b90', '2e3b188b70606b4b917d7aa453e0ad1a5a4c1b29', 'e2c4260563da3b7bb3eb44b0812636741b4b4677', '60c69e06f31a40af38aabebfa4804caf3371b073', '77bf699db6397471ad0ee0470a6db29bb93209e5', 'd3cd74af319b7b9bc72b6328bdd79fb4ff8082c3', '6e537340b48d987838d0180da7daa27428a2305b', 'd368db06982c8d733591e6f88ebdc2a773a6ef66', '2bb92f8d571e6fc58b81b975af978a9244c2e462', '1a3c64e7a65025ea024bd65cc726b6ec5dd0e172', 'a78a6db2d1f411c2aa76ea3c0f025cc31f117469', '866d8b4b104e2dcbd8352cf86edff28bbf9ad165', '23f10315da966d6c2dc852718dd79e69c7d1d632', 'd86caf51b0aa3f7faa1ad9a8baf1eb2e2ba48ba8', '3f51c61d4ed23355ba717c55bb94630efa1a0c14', '8f86c5f3d7a46206d8eb9501912d212e594d2e0f', '82d534f8f69fd4939faf4b7f20df5cc2462973d8', 'cb2b78cddfc67fee13b4bec3f16747f2ec611793', '01b73ec93748b31ae9e4fe74cd03739b54e36e48', 'd4da82961c4e59a926fc041ae970ff39b12b6ec8', '4107288ebb23d418ff5c1a9d40c48a4f00950193', '9ca4b5f4d6cfe4af7d97dcad66dee5320c641682', 'ee506a81ca315f05acc674ed76055bc19ed62b24', '16d8d54d2e7fbfab7f18cf4da1f7f11bf481396d', '007b9aefb3f7d67001edf43976b0e58de215be0a', '9191f693bbfe5b70b91cb068d2fb38316aa0cc5e', '94245bd2b9e5b1181ba3d02df09011fbb8da3c45', 'ab2c549e0bdc1bbbb0d479f5b59e7cfe0d635d20', '3c4cb91af653ef1670f09bfdeacdb9dc01afa311', 'f63c8d854ea500a26c2514ee1f10a472a6459802', 'f6506e9d48c7abf82f711df87383af90b9797969', '3ce8214d8fc77be42eb6ad618c972113d4cb0d24', '3549ed850af47d407b9bac7f20c7fcc15650eddc', '5197b3b40ea834452618d806c26286039e1077a4', '37045857644b608cbb2f14038d0d794d8575d6c7', '2b8c6f669e9525fdc25aadffefdc5f8b978fb0e0', '7f5d467726db47da4102a6d6f1d49e63d3c0b77f', 'bb33c69917eb900ff02a56d1d913afdff69483d3', '81a3df39f92927078c00938b107e10dcbc163e1d']
[2]: https://github.com/ArtifexSoftware/ghostpdl/commit/7f5d467726db47da4102a6d6f1d49e63d3c0b77f


42525394 True
[1]: https://gitlab.freedesktop.org/poppler/poppler.gitf0d648c3f0cb69121d0115d468401d58255ad0cf
['79ba5720ea8067b43d79c5dc100116cee75ccdbe', '8eea66b804c2651be4d91eed4b0992cc0c6f3e47', 'cd99989705824202d157c33d48c998e9818ea2f3', 'e885124ab3b071b7fbb2f001e4a9a88b7e758605', '9306058027b24b926e98da9651df9d56e5f744b0', 'b2ae26814909047b27f30cffaed225b5bb9f96e9', 'b8c55037fcfc0d3910cad5a4e65b3161bd5ea585', '7b199526e6f7bb5a28e8ddd017e23ae51b85b9f6', 'f0d648c3f0cb69121d0115d468401d58255ad0cf']
[2]: https://gitlab.freedesktop.org/poppler/poppler/-/commit/f0d648c3f0cb69121d0115d468401d58255ad0cf
['e885124ab3b071b7fbb2f001e4a9a88b7e758605', 'f0d648c3f0cb69121d0115d468401d58255ad0cf']


42489821 True
[1]: https://android.googlesource.com/platform/external/libavc/+/0b601e1a4fb246ce7c60aa101af5af4edd0a842d%5E%21/
[2]: https://android.googlesource.com/platform/external/libavc/+/0b601e1a4fb246ce7c60aa101af5af4edd0a842d%5E%21/
['a9345b686dbbfa927a51598ec7582cf61e35ef55', '0b601e1a4fb246ce7c60aa101af5af4edd0a842d']


42496125 True
[1]: https://cgit.ghostscript.com/ghostpdl.gitf2c1c8ede3cd425cdea802319413c74e48c2a12d
['2e58b40ed142b07ee367bc3b9a0aa5efd20d9e4f', 'b20fc9deb48d0a112c95c39031628f32ec522911', '0f6961a41dc8a0d3401c70bf41e6425e3f77e1dd', '3f3cf1df1d60ee1ce249c58f820e072359c0db38', '6010b8c4d8dceecb8efe527e02fd9dd435ab053e', 'be9168423de374680cf6c6b58663bfaa1a67650f', 'cb45afbb6233b46615a4dbc1920d07165a78acf9', 'ef6098059700083b28077c8e5c99948cb7f1f1f3', 'e44dd287289e34ef75f50316a0acb04d9094cf16', '3b961d129ec7a94453d94e608a3632f364add413', 'bbb796d2ae2536d0ff0611b8314880e0d5ee43a4', 'edd20b3b8c3c1a7117dd5dbee0b54cd1de7838bf', '20610dc28ee3cf7e64ad46f11e9b96fb3befba00', 'f2c1c8ede3cd425cdea802319413c74e48c2a12d']
[2]: https://github.com/ArtifexSoftware/ghostpdl/commit/f2c1c8ede3cd425cdea802319413c74e48c2a12d
['20610dc28ee3cf7e64ad46f11e9b96fb3befba00', 'f2c1c8ede3cd425cdea802319413c74e48c2a12d']


42510315 True 
[1]: https://cgit.ghostscript.com/ghostpdl.git1a18793a02e1dab7676d594366b93847fde6fe44
['ce67caf5658d85ceb625eadaeb50cd2b13ff3fa0', 'e2e176aaff0dcbdf9343522d31e78686d8ed5c72', 'fa895673a942caefb81efe1c922407a46d6780c9', '0ba7476677c714e9685a80593e984add62d2e1b9', 'bb74827c4a1a02bf73bd31d50e88a58439338c02', 'ea85ebdf32444580f0880f7710a2bc6b722637c8', '96294656af7d08fa13afbc97cd8fb1f5c03168bd', '5c48a6ead64c4cc5802b9f88b987e4c3815e3701', 'd6f88ef54434fcfc6dcefdcfe21bab1b1b77508b', 'db5f053a2838f6fdb69b387e0f8ef70daca59a96', 'b7b40987730375a571f817ffb75db663734753f3', '276dc19f45bf09c8f1273d01ed5ce7c0161d7369', '250afadfa2dfbea8f0e68f0dac08ea9d38ceaaf6', '6412d1c01985a08c808f3ef6b90b8455bc14255f', '0ad619a759b04c154057c8db570dd8096b75c5f8', '31ccc0f920386b3f3cf42040f82aa8ed74b10c92', '226cb507884bc4f8d75f74c5b1af409cd5885b15', 'a2030a0cc4c9691bd097d7052665194cfee5d931', '2dbc87e52c59f3845bdb6eca5bc982c7f51564ce', 'd044176a8e9119c4e2b8d30c65811eb0facd9560', 'e1134d375e2ca176068e19a2aa9b040baffe1c22', '3e8878ec0a55b0d83365ba17ea48c4cff27be480', '1a18793a02e1dab7676d594366b93847fde6fe44']
[2]: https://github.com/ArtifexSoftware/ghostpdl/commit/1a18793a02e1dab7676d594366b93847fde6fe44


42487729 True
[1]: https://github.com/cisco/openh264/commit/4c76c67e9b790fd40650c4e8a2a059603e8ce195
[2]: https://github.com/cisco/openh264/commit/f1bb6d3acb057785b4d89e8228e23cc4fc9caa12
['4c76c67e9b790fd40650c4e8a2a059603e8ce195', 'f1bb6d3acb057785b4d89e8228e23cc4fc9caa12']


42479695 True
[1]: https://github.com/ntop/nDPI/commit/ab9ccf9eb9a6571d84bd0b2c8e185565d0d700f6
['8181d63a95cdf8ff593e602d84a48c341338974d', '748f10c0d64e798df9ac66199c11d4897d4513f8', '15ec013af8e6fd48c211e0ea14bf27739c9c4211', 'ab9ccf9eb9a6571d84bd0b2c8e185565d0d700f6']
[2]: https://github.com/ntop/nDPI/commit/ab9ccf9eb9a6571d84bd0b2c8e185565d0d700f6


42496155 True
[1]: https://github.com/lxc/lxc/commit/2e5c468aa59b6458d2894e7b5c730ca251e84b57
[2]: https://github.com/lxc/lxc/commit/c1831266cb936945509db98c2640390c52a78c83
['2e5c468aa59b6458d2894e7b5c730ca251e84b57', 'c1831266cb936945509db98c2640390c52a78c83']


42501851 False
[1]: https://github.com/tbeu/matio/commit/04d1deab800d962055a1c5509e25ad8dfe05c4f1
['9a57cbbbc93230e2e2a424dcb8ca24e3f9c3fa9c', '5769e0a3d9d5815460d958d3656aae181ffc3a70', '2ab9c2e8b894e9262590448fe70a87a005dea2ee', 'e5d18b684503a2d53ea3c3635d927de1f7be9bd9', 'b94b07c9572ebca60c357cb1106689e1f70fcbd9', 'cf138b974b24fa9df728d83c3a44b5101dedaa86', '78cc6f3b6e2f90e306d279784d08f6070e8e9a30', '3b763117c447b77e0d3d53a264b5456f39e5f245', 'b71caa2b195c388d8be98bad134608c2a7bac1ed', '66ba48751a4bbf91070ca9680d0d65237ceb3872', '7cbc38d10d7835cdf2e2ab9d969d3dd1298ce0fc', '04d1deab800d962055a1c5509e25ad8dfe05c4f1']
[2]: https://github.com/tbeu/matio/commit/04d1deab800d962055a1c5509e25ad8dfe05c4f1


42499399 True
[1]: https://github.com/stefanberger/libtpms/commit/034a5c02488cf7f0048e130177fc71c9e626e135
[2]: https://github.com/stefanberger/libtpms/commit/e739c034e97258a9799060a9d0d68fd1f6f7b003
['034a5c02488cf7f0048e130177fc71c9e626e135', 'e739c034e97258a9799060a9d0d68fd1f6f7b003']


42482679 True
[1]: https://github.com/openvswitch/ovs/commit/1e1a15669e324e0971c46a31f3de233e3a0ba5b2
[2]: https://github.com/openvswitch/ovs/commit/5aa1bdc8e40d2df512de6197a8ab58c2e9aa1fc4
['1e1a15669e324e0971c46a31f3de233e3a0ba5b2', '5aa1bdc8e40d2df512de6197a8ab58c2e9aa1fc4']


42517205 True
[1]: https://github.com/curl/curl/commit/cb5accab9ee3abdee777b59b463b5e0ca05a490a
[2]: https://github.com/curl/curl/commit/2c0c4dff083f9b258c18456567cf15fa32e3acd7
['cb5accab9ee3abdee777b59b463b5e0ca05a490a', '2c0c4dff083f9b258c18456567cf15fa32e3acd7']


42517792 True
[1]: https://github.com/cesanta/mongoose/commit/abfac8aa4051ad6b74a059e717feb33c73218222
[2]: https://github.com/cesanta/mongoose/commit/abfac8aa4051ad6b74a059e717feb33c73218222
['dfae1b3f70cf00d16a2d03956e7efe6d42d97265', 'abfac8aa4051ad6b74a059e717feb33c73218222']


42488418 True
[1]: https://github.com/fluent/fluent-bit/commit/c2e33ae40af02fabe59b51637501a5be73583a15
[2]: https://github.com/fluent/fluent-bit/commit/72b62d2270edda9a0281ff8a6c3903d99e1892c9
['c2e33ae40af02fabe59b51637501a5be73583a15', '72b62d2270edda9a0281ff8a6c3903d99e1892c9']


42537987 True
[1]: https://github.com/simdutf/simdutf/commit/4605fef51a235baf940ea56db71c60e0389fe01e
[2]: https://github.com/simdutf/simdutf/commit/17804069551439ef292c6044920f446e97eb7004
['4605fef51a235baf940ea56db71c60e0389fe01e', '17804069551439ef292c6044920f446e97eb7004']


42475737 True
[1]: https://github.com/the-tcpdump-group/libpcap/commit/3a48c915ea98a60fbac94522202279f56c740487
[2]: https://github.com/the-tcpdump-group/libpcap/commit/de978afd02065649222988833063998b5e0dfc84
['3a48c915ea98a60fbac94522202279f56c740487', 'de978afd02065649222988833063998b5e0dfc84']


42481321 True
[1]: https://github.com/apache/arrow/commit/a6307cc8a0127a4852b7d3d2c20940a094eed0d6
[2]: https://github.com/apache/arrow/commit/a6307cc8a0127a4852b7d3d2c20940a094eed0d6
['3dc281397f42dd26bf77e45c7ba4ebeb1eb9aba8', 'a6307cc8a0127a4852b7d3d2c20940a094eed0d6']


42515358 True
[1]: https://cgit.ghostscript.com/ghostpdl.git361febcf961baa853f34909cd3925ffa7f90e7ea
[2]: https://github.com/ArtifexSoftware/ghostpdl/commit/9abf36b47a1293479b1da6ec5cf269448909e201
['361febcf961baa853f34909cd3925ffa7f90e7ea', '9abf36b47a1293479b1da6ec5cf269448909e201']


42484688 False
[1]: https://github.com/nothings/stb/commit/b42009b3b9d4ca35bc703f5310eedc74f584be58
['db2acff8b178b413bbc8294b7d1f62ac4dae30a7', '59f06c1a9764a85a8449b10b358b8ff197147aca', '314d0a6f9af5af27e585336eecea333e95c5a2d8', 'e140649ccf40818781b7e408f6228a486f6d254b', 'b42009b3b9d4ca35bc703f5310eedc74f584be58']
[2]: https://github.com/nothings/stb/commit/b42009b3b9d4ca35bc703f5310eedc74f584be58
['9cd6cdc0e55ec3d4c002313fd5f0e6b255e8e06c', 'b42009b3b9d4ca35bc703f5310eedc74f584be58']


42481640 True
[1]: https://github.com/cisco/openh264/commit/989067645537fc54d547126adc5567b5fdc0fae2
[2]: https://github.com/cisco/openh264/commit/989067645537fc54d547126adc5567b5fdc0fae2
['68b51e8aed5ea83bcbb9da90af03023ce54a5427', '989067645537fc54d547126adc5567b5fdc0fae2']


42509351 True
[1]: https://cgit.ghostscript.com/ghostpdl.git4549e723d4c1dd44aa3051ce167d3a28dc75e53f
[2]: https://github.com/ArtifexSoftware/ghostpdl/commit/d115cfcb622db3cf7649fbaff2f65f1fe3b14cd4
['4549e723d4c1dd44aa3051ce167d3a28dc75e53f', 'd115cfcb622db3cf7649fbaff2f65f1fe3b14cd4']


42509854 True
[1]: https://cgit.ghostscript.com/ghostpdl.gitdc67c64d6d61f5fa9b065c03cabd237d67158802
[2]: https://github.com/ArtifexSoftware/ghostpdl/commit/a4b71ab352e9e9b3f849b3727944b6e8ec64e7b0
['dc67c64d6d61f5fa9b065c03cabd237d67158802', 'a4b71ab352e9e9b3f849b3727944b6e8ec64e7b0']


42509541 True
[1]: https://github.com/open62541/open62541/commit/334e25a86d977e389fabe3006be3ff1a40c16ddb
[2]: https://github.com/open62541/open62541/commit/9b00f88b13a521c3237c5fc9b5c9e7e7849caff6
['334e25a86d977e389fabe3006be3ff1a40c16ddb', '9b00f88b13a521c3237c5fc9b5c9e7e7849caff6']


42490025 True
[1]: https://android.googlesource.com/platform/external/libavc/+/0b601e1a4fb246ce7c60aa101af5af4edd0a842d%5E%21/
[2]: https://android.googlesource.com/platform/external/libavc/+/0b601e1a4fb246ce7c60aa101af5af4edd0a842d%5E%21/
['a9345b686dbbfa927a51598ec7582cf61e35ef55', '0b601e1a4fb246ce7c60aa101af5af4edd0a842d']


42472402 True
[1]: https://github.com/curl/curl/commit/f3ce38739fa49008e36959aa8189c01ab1bad5b5
[2]: https://github.com/curl/curl/commit/7608f9a2d57c26320a35f07d36fe20f6bde92fc4
['f3ce38739fa49008e36959aa8189c01ab1bad5b5', '7608f9a2d57c26320a35f07d36fe20f6bde92fc4']


42486834 True
[1]: https://github.com/zeromq/libzmq/commit/9fe56b175dff42baaa55963117dac70e5a270272
['97f82741293c67cc0ba9c343456e9ea0dde00055', '9fe56b175dff42baaa55963117dac70e5a270272']
[2]: https://github.com/zeromq/libzmq/commit/97f82741293c67cc0ba9c343456e9ea0dde00055
['9fe56b175dff42baaa55963117dac70e5a270272', '97f82741293c67cc0ba9c343456e9ea0dde00055']


42487726 True
[1]: https://github.com/cisco/openh264/commit/f1bb6d3acb057785b4d89e8228e23cc4fc9caa12
[2]: https://github.com/cisco/openh264/commit/992c1c147175126c3fe7ab78216aa0395f9e6c71
['f1bb6d3acb057785b4d89e8228e23cc4fc9caa12', '992c1c147175126c3fe7ab78216aa0395f9e6c71']


42498039 True
[1]: https://github.com/SerenityOS/serenity/commit/910b803d8d3489ec15d797a237b1f3e2f5e75bb0
[2]: https://github.com/SerenityOS/serenity/commit/e6f27cec39cd7ea05db3b6721cf7c4c22128655d
['910b803d8d3489ec15d797a237b1f3e2f5e75bb0', 'e6f27cec39cd7ea05db3b6721cf7c4c22128655d']

42482556 True
[1]: https://github.com/tbeu/matio/commit/44c3f765e5a42790ae2e7577ff0a96fab809fc4a
[2]: https://github.com/tbeu/matio/commit/1ce8f2d1845ecdde19a35605cabdbb884776d52d
['44c3f765e5a42790ae2e7577ff0a96fab809fc4a', '1ce8f2d1845ecdde19a35605cabdbb884776d52d']


42506464 True
[1]: https://github.com/libjxl/libjxl/commit/533444ddc1a71987f263a40fb6286c3303a54a51
[2]: https://github.com/libjxl/libjxl/commit/33e0c341ba0bde6265752db0009e9be8052897f7
['533444ddc1a71987f263a40fb6286c3303a54a51', '33e0c341ba0bde6265752db0009e9be8052897f7']


42489211 True
[1]: https://github.com/cisco/openh264/commit/b52786888ddce9d6bc06b7825ba9bffc65924e0c
[2]: https://github.com/cisco/openh264/commit/f15f940425eebf24ce66984db2445733cf500b7b
['b52786888ddce9d6bc06b7825ba9bffc65924e0c', 'f15f940425eebf24ce66984db2445733cf500b7b']


42517499 True
[1]: https://invent.kde.org/frameworks/kimageformats.git8586bb47193aebecab2f84ff531beaaeaa7bf93c
['6f3a326cf879f565056d6495ba4f67b8ca0ae687', '72a1cc23b16640c3828c43d3704d4de6a5103d09', '2f27dff48b0838d8530834ed5944a10811226d6d', 'a8a477ae6785458eef35c237aa7da5aff15fa80c', '2a25ec7a56ffb3800fea96c2b4b1c333092ae4db', '49bd131eef1af05eb6966e2f16d3b8dc5d7b048a', 'c96ad6ba8ae71228da2f5cd14b156dabd667150c', '524f083ee4695d77c530f312942e9dde152abd63', 'f8bfdce2854fdb183c91f11945e49fa88aa841dd', 'ea14882ff7d2443e11562718e64b6135d81fee07', 'c5f7ea7eacff046a523a5560f652e677394b53bb', '181eb253c62d3a2f8c9cae75133cf20fbfc85d6f', '54129819d5b67fac71c809a28a1d5baef90d5ae7', '20f74ce5e69f731ba114db410311b0989dd88b17', '9ab64dbf223411098c21ec192f5181510db54ba1', 'd2f38b8b9c9f317908217a960662f67823186b3c', 'f475a4b24a166d7582163753bc2f4f254257daed', '3790a89cd1f1707c2114e5e4f421abcffbf5bb8a', '8af9a0f9d9c3d2da863c84eeae2326ba458fe118', 'b1f3a87896e0a98716b2f76d2cb3f2348f36fddd', 'c71a7984d62b0d700f2c907c89422e35ab6e7c39', 'bcbf45e23a987c2f7b7691c01350253615254df3', '350ce1b990460cb2178f369f22fe80803f5645f3', '1190e53e9b69da6f9663ceb75c4813c5708b7cbd', 'bfb12093ad7a0624aa0b779bacf1377bd86c551d', 'afa7399b366c99be9a549d62b53c5fa10701bb29', 'd734f2872745dd1ab5aab9dafb144130d7e9fdcc', '8586bb47193aebecab2f84ff531beaaeaa7bf93c']
[2]: https://invent.kde.org/frameworks/kimageformats/-/commit/8586bb47193aebecab2f84ff531beaaeaa7bf93c


42484276 True
[1]: https://github.com/ntop/nDPI/commit/c793e16050df1de377e400eec6e2b34ccff6ca85
[2]: https://github.com/ntop/nDPI/commit/c793e16050df1de377e400eec6e2b34ccff6ca85
['669b7579ff93eb22ccf9324fd19444754b5612b8', 'c793e16050df1de377e400eec6e2b34ccff6ca85']


42496274 True
[1]: https://github.com/wasm3/wasm3/commit/8cb2fd424309fa6ff70cf00bfcedc4e66d3355c0
[2]: https://github.com/wasm3/wasm3/commit/0d76b81c4b109272b2d98c91cb3776c8aa36befd
['8cb2fd424309fa6ff70cf00bfcedc4e66d3355c0', '0d76b81c4b109272b2d98c91cb3776c8aa36befd']


True: 92
False: 8
