42522894 True 
Hard to decide, but likely
https://github.com/simdutf/simdutf/commit/72af817153515c8715417794e7b0d7b91eb1be12
72af817153515c8715417794e7b0d7b91eb1be12


42513829 True
https://github.com/mruby/mruby/commit/26ce85bd5de515906e01fdeeac774316628ad599
26ce85bd5de515906e01fdeeac774316628ad599


42480591 True
https://github.com/OpenSC/OpenSC/commit/333c41c5d51450177553b8fd8cb2d710a7f7dec5
333c41c5d51450177553b8fd8cb2d710a7f7dec5


42522180 True
https://github.com/wireshark/wireshark/commit/5f2c523703f3f8caf2c954c1bd1cf1e3c3f9e0c9
5f2c523703f3f8caf2c954c1bd1cf1e3c3f9e0c9


42531421 True
https://github.com/darktable-org/rawspeed/commit/b79d3f2ab9df07be675d262474a70f59eae55a66
b79d3f2ab9df07be675d262474a70f59eae55a66


42481945 True
https://github.com/ntop/nDPI/commit/e9195589d29d86da1849ad0d195900e6567354cf
e9195589d29d86da1849ad0d195900e6567354cf


42493211 True
https://github.com/SerenityOS/serenity/commit/3fe7ac0924ada70faaf27636b6e0f40bcde24f77
3fe7ac0924ada70faaf27636b6e0f40bcde24f77


42517281 True
https://github.com/libraw/libraw/commit/63794a2471b426ff4268de6982e8a6f711163e2e
63794a2471b426ff4268de6982e8a6f711163e2e


42493451 True
https://github.com/wireshark/wireshark/commit/72c9b4b1e8e9bb5ae0ffc4493f3fd86b06c014d8
72c9b4b1e8e9bb5ae0ffc4493f3fd86b06c014d8


42484598 True
https://github.com/nothings/stb/commit/5ba0baaa269b3fd681828e0e3b3ac0f1472eaf40
5ba0baaa269b3fd681828e0e3b3ac0f1472eaf40


42514042 True
https://cgit.ghostscript.com/cgi-bin/cgit.cgi/ghostpdl.git/commit/?id=8958762daf5c75ebd7f076f5140376acd09652b4
8958762daf5c75ebd7f076f5140376acd09652b4


42483586 True
https://github.com/rdkit/rdkit/commit/1760ff4b4cede7274fd7003cf93ddd6eb15e1a24
1760ff4b4cede7274fd7003cf93ddd6eb15e1a24


42510699 True
https://github.com/OpenSC/OpenSC/commit/1e6558ad6fb4cb508bd6a9d115e0899eaf6d3926
1e6558ad6fb4cb508bd6a9d115e0899eaf6d3926


42522010 True
https://github.com/eclipse-cyclonedds/cyclonedds/commit/1ae6bb9985c05f8742cb31c0bd46f3c7bd8777bd
1ae6bb9985c05f8742cb31c0bd46f3c7bd8777bd


42485444 True
https://github.com/apache/arrow/commit/52afc10adc0c65e3c999665fad28ce78944e23b0
52afc10adc0c65e3c999665fad28ce78944e23b0


42518895 True
https://github.com/hunspell/hunspell/commit/bf229433b9ba7131bd80b52b8c71399230e0dc12
bf229433b9ba7131bd80b52b8c71399230e0dc12


42515223 True
https://github.com/mm2/Little-CMS/commit/e515daaa2259657319eb9f07181d02af24b4e7fe
e515daaa2259657319eb9f07181d02af24b4e7fe


42471681 True
https://github.com/harfbuzz/harfbuzz/commit/8dcc1913a1670ede7b124f7b5b775d7ab8791386
8dcc1913a1670ede7b124f7b5b775d7ab8791386


42527008 True
https://gitlab.gnome.org/GNOME/libxml2/-/commit/5db5a704eb6b030e6bebec9d358d739f1eb24fed
5db5a704eb6b030e6bebec9d358d739f1eb24fed


42522281 True
https://gitlab.gnome.org/GNOME/libxml2/-/commit/ca2bfecea9c23f8d2e11741fff7c6a5372c56bb8
ca2bfecea9c23f8d2e11741fff7c6a5372c56bb8


42532259 True
https://github.com/simdutf/simdutf/commit/c708a9e4c1dc880241c252bec76fada53ab84da3
c708a9e4c1dc880241c252bec76fada53ab84da3


42502259 True
https://github.com/wolfSSL/wolfMQTT/commit/84d4b53122e0fa0280c7872350b89d5777dabbb2
84d4b53122e0fa0280c7872350b89d5777dabbb2


42495573 True
https://github.com/harfbuzz/harfbuzz/commit/9dc9f0385dce05456d48730bf5dc7cac52eaa4da
9dc9f0385dce05456d48730bf5dc7cac52eaa4da


42487233 True
https://github.com/php/php-src/commit/3c53732332c4b9d3904eec0d1c42f0d4d4bf65c6
3c53732332c4b9d3904eec0d1c42f0d4d4bf65c6


42471317 True
https://github.com/libgit2/libgit2/commit/52f859fd534e3c16c2c03b9a2375f00a50f3996e
52f859fd534e3c16c2c03b9a2375f00a50f3996e


42479388 True
https://github.com/lpereira/lwan/commit/ab882fe013ec880425bd918e0bcbf9e798361585
ab882fe013ec880425bd918e0bcbf9e798361585


42481371 True
https://github.com/harfbuzz/harfbuzz/commit/8614a30bc9763ba7f8b452df5527d806bacf4fd9
8614a30bc9763ba7f8b452df5527d806bacf4fd9


42529547 False
https://github.com/igraph/igraph/commit/dc6dcf6227dadfc6670bf911bb6e0640b5df7a35
dc6dcf6227dadfc6670bf911bb6e0640b5df7a35


42508710 True
https://aomedia.googlesource.com/aom/+/ee9dbcb018f20f16348b22bc413dec1c9d901183%5E%21/
ee9dbcb018f20f16348b22bc413dec1c9d901183


42471169 True
https://github.com/harfbuzz/harfbuzz/commit/00fdbca4f6a5c4623b9c4838da502cccce8aaa74
00fdbca4f6a5c4623b9c4838da502cccce8aaa74


42475716 True
https://github.com/OSGeo/gdal/commit/767e3a56144f676ca738ef8f700e0e56035bd05a
767e3a56144f676ca738ef8f700e0e56035bd05a


42493368 True
https://github.com/uNetworking/uWebSockets/commit/5a3c7c03c59405d56ad4aeb6c12267039f5d17a1
5a3c7c03c59405d56ad4aeb6c12267039f5d17a1


42514240 True
https://github.com/libarchive/libarchive/commit/fa4b613f2e2510bd036f2eeed2fece97cd18b079
fa4b613f2e2510bd036f2eeed2fece97cd18b079


42527452 True
https://github.com/ntop/ntopng/commit/d31de871d3bc8e9a24bace37cf9b480867705ab3
d31de871d3bc8e9a24bace37cf9b480867705ab3


42470994 True
https://github.com/harfbuzz/harfbuzz/commit/ca54eba4846d0afda4601929556617a7ebe51714
ca54eba4846d0afda4601929556617a7ebe51714


42534901 False
https://boringssl.googlesource.com/boringssl/+/3e89a7e8db8139db356b892ca9993172346c80cf%5E%21/
3e89a7e8db8139db356b892ca9993172346c80cf


42485232 True
https://github.com/facebook/hermes/commit/f126e71e362dad0f7f1841cbc56b5d85e16e8cc4
f126e71e362dad0f7f1841cbc56b5d85e16e8cc4


42515117 True
https://github.com/Exiv2/exiv2/commit/337fe1854ff17f169032e993789a24bbb53579c4
337fe1854ff17f169032e993789a24bbb53579c4


42488095 True
https://github.com/cisco/openh264/commit/b52786888ddce9d6bc06b7825ba9bffc65924e0c
b52786888ddce9d6bc06b7825ba9bffc65924e0c


42522572 True
https://github.com/harfbuzz/harfbuzz/commit/be872001063d263efe708c4db5af569cfaedd3fe
be872001063d263efe708c4db5af569cfaedd3fe


42513916 False
https://github.com/mm2/Little-CMS/commit/f3f6b7bceb629bc4b6f1dea3e45b44dc3f8674af
f3f6b7bceb629bc4b6f1dea3e45b44dc3f8674af


42541665 True
https://github.com/file/file/commit/87f27958cfbb05d262504976f66db70c24d5061f
87f27958cfbb05d262504976f66db70c24d5061f


42515434 True
https://github.com/libjxl/libjxl/commit/60a019fb5bd4a119c90167662449a3224b91f629
60a019fb5bd4a119c90167662449a3224b91f629


42491572 True
https://github.com/cisco/openh264/commit/b52786888ddce9d6bc06b7825ba9bffc65924e0c
b52786888ddce9d6bc06b7825ba9bffc65924e0c


42513896 True
https://cgit.ghostscript.com/cgi-bin/cgit.cgi/ghostpdl.git/commit/?id=3e86fa5ea2da0bde5e1fd9adaf297be874417993
3e86fa5ea2da0bde5e1fd9adaf297be874417993


42490832 True
https://android.googlesource.com/platform/external/perfetto//+/23280234a3ee0ef4b96c11b31d57a9575142f1e4%5E%21/
23280234a3ee0ef4b96c11b31d57a9575142f1e4


42511896 True
https://github.com/ntop/nDPI/commit/9040bc74c94dbd44cd86b29ec3de40621df53467
9040bc74c94dbd44cd86b29ec3de40621df53467


42488618 True
https://github.com/simdjson/simdjson/commit/a8bf10ea5a0ea2553f07ac46744666c94d0085fc
a8bf10ea5a0ea2553f07ac46744666c94d0085fc


42539272 True
https://github.com/openthread/openthread/commit/3af0bda8b79ed775d3b243bfb794ebdeb51378e2
3af0bda8b79ed775d3b243bfb794ebdeb51378e2


42498407 True
https://chromium.googlesource.com/webm/libwebp/+/277d30749f15d3fd99649c9347867ddc2fe4f32e%5E%21/
277d30749f15d3fd99649c9347867ddc2fe4f32e


42483697 True
https://github.com/ntop/nDPI/commit/b7e666e465f138ae48ab81976726e67deed12701
b7e666e465f138ae48ab81976726e67deed12701


42535307 True
https://github.com/ittiam-systems/libavc/commit/b0117e32b9555e7069c2aef571d921bff22f502f
b0117e32b9555e7069c2aef571d921bff22f502f


42501162 True
https://github.com/kamailio/kamailio/commit/20db418f1e35f31d7a90d7cabbd22ae989b7266c
20db418f1e35f31d7a90d7cabbd22ae989b7266c


42521234 True
https://github.com/ittiam-systems/libavc/commit/c38af025abf0040f6693d15f4ce2e878a728cfee
c38af025abf0040f6693d15f4ce2e878a728cfee


42511812 True
https://github.com/OpenSC/OpenSC/commit/367c3ad2ef2c10cb29602f72163e7fb23c3f5827
367c3ad2ef2c10cb29602f72163e7fb23c3f5827


42470841 True
https://github.com/harfbuzz/harfbuzz/commit/5c65ed800de4caef5ee9ad2111225fa5d8235737
5c65ed800de4caef5ee9ad2111225fa5d8235737


42517007 True
https://github.com/fluent/fluent-bit/commit/5ddb06fe4273bdec0171bc30877959c7bef666c2
5ddb06fe4273bdec0171bc30877959c7bef666c2


42517530 True
https://github.com/libraw/libraw/commit/63794a2471b426ff4268de6982e8a6f711163e2e
63794a2471b426ff4268de6982e8a6f711163e2e


42523382 True
https://github.com/harfbuzz/harfbuzz/commit/647b024784e1346f6886565f570cdf940d7b82b4
647b024784e1346f6886565f570cdf940d7b82b4


42504313 True
https://github.com/apache/arrow/commit/35cc9d1409ed4bab07a40af704a13a6b2011f691
35cc9d1409ed4bab07a40af704a13a6b2011f691


42489161 True
https://github.com/fluent/fluent-bit/commit/cadff53c093210404aed01c4cf586adb8caa07af
cadff53c093210404aed01c4cf586adb8caa07af


42506214 True
https://cgit.ghostscript.com/cgi-bin/cgit.cgi/ghostpdl.git/commit/?id=74da5c5f368ea314867b26abfe96b31e6d8e4e8f
74da5c5f368ea314867b26abfe96b31e6d8e4e8f


42493168 True
https://github.com/Blosc/c-blosc2/commit/767a0d9302dce5d7467014cfd64f91a1b266e6d9
767a0d9302dce5d7467014cfd64f91a1b266e6d9


42515678 True
https://github.com/hunspell/hunspell/commit/4631c530b0afbd57ef34ffa6260899ffa6d91eb4
4631c530b0afbd57ef34ffa6260899ffa6d91eb4


42481592 True
https://github.com/dbry/WavPack/commit/eefe90e7724a0ffce730655f417e34336b6d0a2b
eefe90e7724a0ffce730655f417e34336b6d0a2b


42499904 True
https://github.com/mruby/mruby/commit/06f49b3f84e799f08a80b16054eda916f2d32819
06f49b3f84e799f08a80b16054eda916f2d32819


42481079 True
https://github.com/sass/libsass/commit/e904bce8ac6c8e16fed27b4cc5fe3418be7689a5
e904bce8ac6c8e16fed27b4cc5fe3418be7689a5


42522843 True
https://github.com/LibreDWG/libredwg/commit/c1ed1d91e28a6ddc7a9b5479d4795d58fb6be0ca
c1ed1d91e28a6ddc7a9b5479d4795d58fb6be0ca


42517080 True
https://github.com/hunspell/hunspell/commit/f3f90ae7301595761d3445097ce111ffd5220e2d
f3f90ae7301595761d3445097ce111ffd5220e2d


42471675 True
https://aomedia.googlesource.com/aom/+/fe996504f76f4204074c1f8f681925852c61b777%5E%21/
fe996504f76f4204074c1f8f681925852c61b777


42520134 True
https://github.com/libimobiledevice/libplist/commit/85f5cbd3705b34fcc52009ca51d8167ab18764fa
85f5cbd3705b34fcc52009ca51d8167ab18764fa


370032374 True
https://github.com/google/libultrahdr/commit/55ee308d04995d7b97e1402cc9ebf5b3f42f96ee
55ee308d04995d7b97e1402cc9ebf5b3f42f96ee


42541581 True
https://github.com/file/file/commit/473e039b48fd72660dd00f4b52a2880cc0dd5632
473e039b48fd72660dd00f4b52a2880cc0dd5632


42517406 True
https://cgit.ghostscript.com/cgi-bin/cgit.cgi/ghostpdl.git/commit/?id=28a4b16ec292d181b7227040dd47925e3b0949d9
28a4b16ec292d181b7227040dd47925e3b0949d9


42474364 True
https://github.com/radare/radare2/commit/d271da09ab6cf4817cfabede153e6bd547118cdd
d271da09ab6cf4817cfabede153e6bd547118cdd


42472923 True
https://github.com/openthread/openthread/commit/249bc598748ad08a98b08995698669613594e54b
249bc598748ad08a98b08995698669613594e54b


42479588 True
https://github.com/cisco/openh264/commit/2c13955d0649b2afc575bc5416dcedeffc8c01ec
2c13955d0649b2afc575bc5416dcedeffc8c01ec


42484161 True
https://github.com/DanBloomberg/leptonica/commit/7b5ba2afc759b7a44f6776a53030b494c6d985c3
7b5ba2afc759b7a44f6776a53030b494c6d985c3


42474994 True
https://github.com/lpereira/lwan/commit/6be9574a2d80457a5bfc16b23b67905d8f68e827
6be9574a2d80457a5bfc16b23b67905d8f68e827


42510920 True
https://github.com/OpenSC/OpenSC/commit/0ed4b62ae9cd7104706b779fd50bb65385443310
0ed4b62ae9cd7104706b779fd50bb65385443310


42535782 False
Hard to tell
https://github.com/libssh2/libssh2/commit/b89858b83d68d7e29e0c5b0bb803f8a68271710c
b89858b83d68d7e29e0c5b0bb803f8a68271710c


42479042 True
https://github.com/samtools/htslib/commit/d59c3645f798169f7fde53dbf5c6d3e095465e8c
d59c3645f798169f7fde53dbf5c6d3e095465e8c


42492768 True
https://github.com/SerenityOS/serenity/commit/ce5fe2a6e807b819866b4f429ca6f7a2d74445b7
ce5fe2a6e807b819866b4f429ca6f7a2d74445b7


42533237 True
https://github.com/PCRE2Project/pcre2/commit/3eedbacfeeecd2a06a282c7f9b630883840cbbc4
3eedbacfeeecd2a06a282c7f9b630883840cbbc4


42522273 True
https://gitlab.gnome.org/GNOME/libxml2/-/commit/ca2bfecea9c23f8d2e11741fff7c6a5372c56bb8
ca2bfecea9c23f8d2e11741fff7c6a5372c56bb8


42514759 True
https://cgit.ghostscript.com/cgi-bin/cgit.cgi/ghostpdl.git/commit/?id=05efb77627aa0e05ab59ec1d6cb6988e1eb9710e
05efb77627aa0e05ab59ec1d6cb6988e1eb9710e


42485308 True
https://github.com/Blosc/c-blosc/commit/e3fdd3e506a23ec66d9f3fe2fe346e4a03b1787a
e3fdd3e506a23ec66d9f3fe2fe346e4a03b1787a


42514124 True
https://github.com/ntop/nDPI/commit/346e274a1b1d713aedfc341f7d1300009f9f0e1a
346e274a1b1d713aedfc341f7d1300009f9f0e1a


42476049 True
https://github.com/c-ares/c-ares/commit/b949cc3ddfbeb1b3fba571fb53b186b645e66e9c
b949cc3ddfbeb1b3fba571fb53b186b645e66e9c


42524112 True
https://github.com/google/bloaty/commit/18384d6c6cbb666d08d08c0dabc4a0d1b7623f6f
18384d6c6cbb666d08d08c0dabc4a0d1b7623f6f


42510454 True
https://github.com/AcademySoftwareFoundation/openexr/commit/672c77d7c923402f549371e08b39ece4552cbb85
672c77d7c923402f549371e08b39ece4552cbb85


42481875 True
https://github.com/file/file/commit/4f1887eb56f4abdf448274afc5abdc8f9d078929
4f1887eb56f4abdf448274afc5abdc8f9d078929


42488191 True
https://github.com/cisco/openh264/commit/b52786888ddce9d6bc06b7825ba9bffc65924e0c
b52786888ddce9d6bc06b7825ba9bffc65924e0c


42530963 True
https://github.com/OpenSC/OpenSC/commit/5835f0d4f6c033bd58806d33fa546908d39825c9
5835f0d4f6c033bd58806d33fa546908d39825c9


42489163 True
https://github.com/fluent/fluent-bit/commit/df2af999105cd6c94ec8b533bcca498664b1aa16
df2af999105cd6c94ec8b533bcca498664b1aa16


42478101 True
https://github.com/wireshark/wireshark/commit/7d874e2d3caff57d571cfca28b7919bda9f30c97
7d874e2d3caff57d571cfca28b7919bda9f30c97


42527353 True
https://github.com/ntop/ntopng/commit/1b58d00fecf24f42ec6e771496076ac1d752baaa
1b58d00fecf24f42ec6e771496076ac1d752baaa


42524226 True
https://github.com/wireshark/wireshark/commit/ba1084daac619e9f342c9b27fa40650fb6ea0c09
ba1084daac619e9f342c9b27fa40650fb6ea0c09


42483782 True
https://github.com/ntop/nDPI/commit/b0bf66c436b829155662c27f59ab09dc6e9e7f3d
b0bf66c436b829155662c27f59ab09dc6e9e7f3d


399390672 True
https://cgit.ghostscript.com/cgi-bin/cgit.cgi/ghostpdl.git/commit/?id=714ef06bede27cd12bf3c7d3278fa6327d7a81eb
714ef06bede27cd12bf3c7d3278fa6327d7a81eb


True: 96
False: 4