42516204: 4
42534760: 1
42481233: 1
42501667: 1
42478455: 2
42535583: 3
42529008: 1
42475832: 14
42532259: 1
42514195: 1
42521041: 1
42516841: 2
42488377: 33
42532364: 4
408025086: 18
42473751: 1
42485353: 1
42516512: 46
42513918: 4
42470300: 1
376726596: 15
42541396: 1
42516070: 2
42496364: 1
42513013: 1
429298576: 2
42496125: 3
42476906: 1
42520830: 8
42512329: 1
42527937: 9
42522402: 1
42532906: 2
42491223: 8
42534486: 4
42479378: 1
42536471: 1
42489857: 15
42498298: 1
42484302: 7
42523472: 13
42480742: 1
42491082: 6
42506214: 3
42476249: 2
42499979: 1
42479371: 6
42537419: 3
42512497: 11
42496725: 1
42498732: 2
42504386: 2
42523372: 10
42540431: 2
42500410: 1
42517095: 3
42500100: 3
42488142: 1
42485942: 1
42489773: 1
42509405: 1
42517605: 3
42514528: 3
42472718: 14
42497412: 1
42528813: 16
42526578: 10
42501939: 2
42483053: 1
42520197: 1
42489833: 12
42480315: 11
42506130: 1
42470308: 4
42479388: 1
42477095: 2
42483586: 1
42513224: 1
42536975: 2
42533950: 1
42484285: 3
419468837: 4
42531322: 1
42481079: 1
42495323: 1
42488418: 1
42481124: 1
42538285: 2
42520719: 1
42490846: 2
42477222: 1
42504672: 14
42493862: 10
42527438: 1
42482971: 14
42525160: 10
42523358: 1
42526269: 1
42483511: 1
42526897: 1
