{"42476249": "FAILED to compile vulnerable version"}
{"42477095": "FAILED to compile vulnerable version"}
{"42478455": "FAILED to compile vulnerable version"}
{"42490846": true}
{"42498732": true}
{"42501939": false}
{"42504386": false}
{"42516070": "FAILED to compile vulnerable version"}
{"42516841": "FAILED to compile vulnerable version"}
{"42532906": true}
{"42536975": true}
{"42538285": "FAILED to compile vulnerable version"}
{"42540431": false}
{"429298576": "FAILED to compile vulnerable version"}

{"42484285": "FAILED to compile vulnerable version"}
{"42496125": true}
{"42500100": "FAILED to compile vulnerable version"}
{"42506214": "FAILED to compile vulnerable version"}
{"42514528": true}
{"42517095": "FAILED to compile vulnerable version"}
{"42517605": true}
{"42535583": "FAILED to compile vulnerable version"}
{"42537419": false}

{"419468837": false}
{"42470308": "FAILED to compile vulnerable version"}
{"42513918": true}
{"42516204": false}
{"42532364": true}
{"42534486": true}


true: 10
false: 19