{"42470300": "FAILED to compile vulnerable version"}
{"42473751": "FAILED to compile vulnerable version"}
{"42476906": "FAILED to compile vulnerable version"}
{"42477222": true}
{"42479378": true}
{"42479388": true}
{"42480742": "FAILED to compile vulnerable version"}
{"42481079": true}
{"42481124": true}
{"42481233": true}
{"42483053": "FAILED to compile vulnerable version"}
{"42483511": "FAILED to compile vulnerable version"}
{"42483586": "FAILED to compile vulnerable version"}
{"42485353": true}
{"42485942": "FAILED to compile vulnerable version"}
{"42488142": "FAILED to compile vulnerable version"}
{"42488418": false}
{"42489773": true}
{"42495323": "FAILED to compile vulnerable version"}
{"42496364": false}
{"42496725": true}
{"42497412": false}
{"42498298": "FAILED to compile vulnerable version"}
{"42499979": true}
{"42500410": true}
{"42501667": "FAILED to compile vulnerable version"}
{"42506130": true}
{"42509405": "FAILED to compile vulnerable version"}
{"42512329": false}
{"42513013": true}
{"42513224": true}
{"42514195": "FAILED to compile vulnerable version"}
{"42520197": true}
{"42520719": true}
{"42521041": true}
{"42522402": "FAILED to compile vulnerable version"}
{"42523358": "FAILED to compile vulnerable version"}
{"42526269": true}
{"42526897": true}
{"42527438": true}
{"42529008": true}
{"42531322": "FAILED to compile vulnerable version"}
{"42532259": true}
{"42533950": true}
{"42534760": true}
{"42536471": true}
{"42541396": true}

true: 27
false: 17