[+] Project: mupdf
Append 74 commits to the queue
[+] Pname: mupdf Commit: 199668e936ba87e2f9d88562d83b89dc3cc40a5a Vulnerable to 36 Vulnerabilities, ARVO appllied 7/18 reversed patch.
[+] Pname: mupdf Commit: 199668e936ba87e2f9d88562d83b89dc3cc40a5a Failed to compile
[+] Pname: mupdf Commit: fdeaaded531cf5a9a0f152bd832960e7c528d1b2 Vulnerable to 28 Vulnerabilities, ARVO appllied 8/26 reversed patch.
[+] Pname: mupdf Commit: fdeaaded531cf5a9a0f152bd832960e7c528d1b2 Total: 13, Dedup: 10
[*] 				 b'use-of-uninitialized-value /src/mupdf/thirdparty/freetype/src/sfnt/sfobjs.c'
[*] 				 b'use-of-uninitialized-value /src/mupdf/include/mupdf/fitz/geometry.h'
[*] 				 b'use-of-uninitialized-value /src/mupdf/source/fitz/hash.c'
[*] 				 b'use-of-uninitialized-value /src/mupdf/source/pdf/pdf-xref.c'
[*] 				 b'use-of-uninitialized-value /src/mupdf/source/fitz/draw-mesh.c'
[*] 				 b'use-of-uninitialized-value /src/mupdf/source/fitz/crypt-arc4.c'
[*] 				 b'use-of-uninitialized-value /src/mupdf/source/pdf/pdf-lex.c'
[*] 				 No SUMMARY
[*] 				 b'use-of-uninitialized-value /src/llvm/projects/compiler-rt/lib/msan/../sanitizer_common/sanitizer_common_interceptors.inc'
[*] 				 b'use-of-uninitialized-value /src/mupdf/thirdparty/lcms2/src/cmsintrp.c'
[+] Pname: mupdf Commit: f8eab320696b5d1a956ab7833db87e8cc26bd802 Vulnerable to 32 Vulnerabilities, ARVO appllied 10/22 reversed patch.
[+] Pname: mupdf Commit: f8eab320696b5d1a956ab7833db87e8cc26bd802 Failed to compile
[+] Pname: mupdf Commit: 80b59185030368fecf38d9abe13ffb0302a60c2a Vulnerable to 54 Vulnerabilities, ARVO appllied 0/0 reversed patch.
[+] Pname: mupdf Commit: 80b59185030368fecf38d9abe13ffb0302a60c2a Total: 15, Dedup: 10
[*] 				 b'stack-buffer-underflow /src/mupdf/source/pdf/pdf-function.c'
[*] 				 b'SUMMARY: libFuzzer: out-of-memory\n'
[*] 				 b'heap-use-after-free /src/mupdf/source/fitz/store.c'
[*] 				 b'stack-buffer-overflow /src/llvm/projects/compiler-rt/lib/asan/../sanitizer_common/sanitizer_common_interceptors.inc'
[*] 				 b'SEGV /src/mupdf/source/pdf/pdf-xref.c'
[*] 				 b'heap-use-after-free /src/mupdf/source/pdf/pdf-cmap.c'
[*] 				 b'heap-buffer-overflow /src/mupdf/source/pdf/pdf-function.c'
[*] 				 b'stack-buffer-overflow /src/mupdf/source/pdf/pdf-cmap.c'
[*] 				 b'heap-buffer-overflow /src/mupdf/source/fitz/load-jpx.c'
[*] 				 b'heap-use-after-free /src/llvm/projects/compiler-rt/lib/asan/asan_interceptors_memintrinsics.cc'
[+] Pname: mupdf Commit: 04c37454b9ef5a0576c3dd34adc7426450bf18e7 Vulnerable to 34 Vulnerabilities, ARVO appllied 9/20 reversed patch.
[+] Pname: mupdf Commit: 04c37454b9ef5a0576c3dd34adc7426450bf18e7 Failed to compile
[+] Pname: mupdf Commit: fe8b5f202600e5a328e58222a451ec61dad38875 Vulnerable to 38 Vulnerabilities, ARVO appllied 7/16 reversed patch.
[+] Pname: mupdf Commit: fe8b5f202600e5a328e58222a451ec61dad38875 Total: 11, Dedup: 8
[*] 				 b'stack-buffer-underflow /src/mupdf/source/pdf/pdf-function.c'
[*] 				 b'heap-use-after-free /src/mupdf/source/fitz/draw-affine.c'
[*] 				 b'heap-buffer-overflow /src/mupdf/source/fitz/filter-basic.c'
[*] 				 b'heap-use-after-free /src/mupdf/source/pdf/pdf-cmap.c'
[*] 				 b'SUMMARY: AddressSanitizer: ABRT (/lib/x86_64-linux-gnu/libc.so.6+0x35427) in gsignal\n'
[*] 				 b'heap-buffer-overflow /src/mupdf/source/pdf/pdf-function.c'
[*] 				 b'heap-buffer-overflow /src/mupdf/source/fitz/load-jpx.c'
[*] 				 b'heap-use-after-free /src/llvm/projects/compiler-rt/lib/asan/asan_interceptors_memintrinsics.cc'
[+] Pname: mupdf Commit: 90defd077ddabc919d488953cb24c86476afdf39 Vulnerable to 40 Vulnerabilities, ARVO appllied 10/14 reversed patch.
[+] Pname: mupdf Commit: 90defd077ddabc919d488953cb24c86476afdf39 Total: 40, Dedup: 29
[*] 				 b'use-of-uninitialized-value /src/mupdf/source/fitz/colorspace.c'
[*] 				 b'use-of-uninitialized-value /src/mupdf/thirdparty/freetype/src/sfnt/sfobjs.c'
[*] 				 b'SUMMARY: MemorySanitizer: SEGV /src/mupdf/source/fitz/load-jpx.c in jpx_read_image\n'
[*] 				 b'use-of-uninitialized-value /src/mupdf/source/fitz/draw-unpack.c'
[*] 				 b'use-of-uninitialized-value /src/mupdf/source/pdf/pdf-font.c'
[*] 				 b'SUMMARY: libFuzzer: deadly signal\n'
[*] 				 b'SEGV /src/mupdf/source/pdf/pdf-xref.c'
[*] 				 b'SUMMARY: MemorySanitizer: SEGV /src/mupdf/source/fitz/draw-affine.c in template_affine_color_N_lerp\n'
[*] 				 b'use-of-uninitialized-value /src/mupdf/source/pdf/pdf-annot.c'
[*] 				 b'use-of-uninitialized-value /src/mupdf/thirdparty/jbig2dec/jbig2_arith.c'
[*] 				 b'use-of-uninitialized-value /src/mupdf/thirdparty/lcms2/src/extra_xform.h'
[*] 				 b'use-of-uninitialized-value /src/mupdf/source/fitz/draw-affine.c'
[*] 				 b'use-of-uninitialized-value /src/mupdf/source/fitz/hash.c'
[*] 				 b'use-of-uninitialized-value /src/mupdf/thirdparty/jbig2dec/jbig2_page.c'
[*] 				 b'use-of-uninitialized-value /src/mupdf/source/fitz/fitz-imp.h'
[*] 				 b'use-of-uninitialized-value /src/mupdf/source/pdf/pdf-xref.c'
[*] 				 b'use-of-uninitialized-value /src/mupdf/thirdparty/lcms2/src/cmsio0.c'
[*] 				 b'use-of-uninitialized-value /src/mupdf/source/fitz/crypt-arc4.c'
[*] 				 b'use-of-uninitialized-value /src/mupdf/thirdparty/lcms2/src/cmsintrp.c'
[*] 				 b'use-of-uninitialized-value /src/mupdf/source/fitz/font.c'
[*] 				 b'use-of-uninitialized-value /src/mupdf/source/pdf/pdf-function.c'
[*] 				 b'use-of-uninitialized-value /src/mupdf/thirdparty/jbig2dec/jbig2_mmr.c'
[*] 				 b'use-of-uninitialized-value /src/mupdf/include/mupdf/fitz/geometry.h'
[*] 				 b'use-of-uninitialized-value /src/mupdf/source/fitz/image.c'
[*] 				 b'use-of-uninitialized-value /src/mupdf/source/fitz/draw-mesh.c'
[*] 				 b'use-of-uninitialized-value /src/mupdf/source/pdf/pdf-cmap.c'
[*] 				 b'use-of-uninitialized-value /src/mupdf/source/pdf/pdf-lex.c'
[*] 				 b'use-of-uninitialized-value /src/mupdf/thirdparty/freetype/src/cff/cf2hints.c'
[*] 				 b'use-of-uninitialized-value /src/mupdf/thirdparty/lcms2/src/cmsopt.c'
[+] Pname: mupdf Commit: c7f89b2484ef1448670dd862e417d395131da7f8 Vulnerable to 32 Vulnerabilities, ARVO appllied 9/22 reversed patch.
[+] Pname: mupdf Commit: c7f89b2484ef1448670dd862e417d395131da7f8 Total: 16, Dedup: 11
[*] 				 b'use-of-uninitialized-value /src/mupdf/thirdparty/freetype/src/sfnt/sfobjs.c'
[*] 				 b'use-of-uninitialized-value /src/mupdf/source/fitz/fitz-imp.h'
[*] 				 b'use-of-uninitialized-value /src/mupdf/source/fitz/draw-unpack.c'
[*] 				 b'use-of-uninitialized-value /src/mupdf/source/fitz/hash.c'
[*] 				 b'use-of-uninitialized-value /src/mupdf/source/fitz/draw-mesh.c'
[*] 				 b'use-of-uninitialized-value /src/mupdf/source/pdf/pdf-xref.c'
[*] 				 b'use-of-uninitialized-value /src/mupdf/source/fitz/crypt-arc4.c'
[*] 				 b'SUMMARY: MemorySanitizer: SEGV /src/mupdf/source/fitz/draw-affine.c in template_affine_color_N_lerp\n'
[*] 				 b'use-of-uninitialized-value /src/mupdf/source/pdf/pdf-lex.c'
[*] 				 b'use-of-uninitialized-value /src/mupdf/thirdparty/lcms2/src/cmsintrp.c'
[*] 				 b'use-of-uninitialized-value /src/mupdf/source/pdf/pdf-function.c'
[+] Pname: mupdf Commit: 43a0278d42ac1b350ce6b582f9d0e3d7785a17b6 Vulnerable to 38 Vulnerabilities, ARVO appllied 6/16 reversed patch.
[+] Pname: mupdf Commit: 43a0278d42ac1b350ce6b582f9d0e3d7785a17b6 Total: 31, Dedup: 20
[*] 				 b'use-of-uninitialized-value /src/mupdf/thirdparty/jbig2dec/jbig2_symbol_dict.c'
[*] 				 b'use-of-uninitialized-value /src/mupdf/thirdparty/jbig2dec/jbig2_generic.c'
[*] 				 b'use-of-uninitialized-value /src/mupdf/thirdparty/freetype/src/sfnt/sfobjs.c'
[*] 				 b'SUMMARY: MemorySanitizer: SEGV /src/mupdf/source/fitz/load-jpx.c in jpx_read_image\n'
[*] 				 b'use-of-uninitialized-value /src/mupdf/thirdparty/jbig2dec/jbig2_huffman.c'
[*] 				 b'use-of-uninitialized-value /src/mupdf/thirdparty/jbig2dec/jbig2_arith.c'
[*] 				 b'SUMMARY: libFuzzer: deadly signal\n'
[*] 				 b'SUMMARY: MemorySanitizer: SEGV /src/mupdf/source/fitz/draw-affine.c in template_affine_color_N_lerp\n'
[*] 				 b'use-of-uninitialized-value /src/mupdf/source/fitz/hash.c'
[*] 				 b'use-of-uninitialized-value /src/mupdf/source/fitz/fitz-imp.h'
[*] 				 b'use-of-uninitialized-value /src/mupdf/source/pdf/pdf-xref.c'
[*] 				 b'use-of-uninitialized-value /src/mupdf/source/fitz/crypt-arc4.c'
[*] 				 b'use-of-uninitialized-value /src/mupdf/thirdparty/lcms2/src/cmsintrp.c'
[*] 				 b'use-of-uninitialized-value /src/mupdf/source/pdf/pdf-function.c'
[*] 				 b'use-of-uninitialized-value /src/mupdf/include/mupdf/fitz/geometry.h'
[*] 				 b'use-of-uninitialized-value /src/mupdf/source/fitz/draw-mesh.c'
[*] 				 b'use-of-uninitialized-value /src/mupdf/source/pdf/pdf-cmap.c'
[*] 				 b'use-of-uninitialized-value /src/mupdf/source/pdf/pdf-lex.c'
[*] 				 b'use-of-uninitialized-value /src/mupdf/thirdparty/freetype/src/cff/cf2hints.c'
[*] 				 b'SEGV /src/mupdf/thirdparty/jbig2dec/jbig2_mmr.c'
[+] Pname: mupdf Commit: ce3e98c07e29dab2743e792e478395ed30d27dc1 Vulnerable to 37 Vulnerabilities, ARVO appllied 7/17 reversed patch.
[+] Pname: mupdf Commit: ce3e98c07e29dab2743e792e478395ed30d27dc1 Failed to compile
[+] Pname: mupdf Commit: 75c457ddd28a629a9e1d6e1a8fa313ffef1457cb Vulnerable to 38 Vulnerabilities, ARVO appllied 7/16 reversed patch.
[+] Pname: mupdf Commit: 75c457ddd28a629a9e1d6e1a8fa313ffef1457cb Total: 10, Dedup: 7
[*] 				 b'stack-buffer-underflow /src/mupdf/source/pdf/pdf-function.c'
[*] 				 b'heap-use-after-free /src/mupdf/source/fitz/draw-affine.c'
[*] 				 b'heap-buffer-overflow /src/mupdf/source/fitz/filter-basic.c'
[*] 				 b'heap-use-after-free /src/mupdf/source/pdf/pdf-cmap.c'
[*] 				 b'heap-buffer-overflow /src/mupdf/source/pdf/pdf-function.c'
[*] 				 b'heap-buffer-overflow /src/mupdf/source/fitz/load-jpx.c'
[*] 				 b'heap-use-after-free /src/llvm/projects/compiler-rt/lib/asan/asan_interceptors_memintrinsics.cc'
[+] Pname: mupdf Commit: d9bc8c6f7fb2e3ec7035bebaaee0edcf59287705 Vulnerable to 54 Vulnerabilities, ARVO appllied 0/0 reversed patch.
[+] Pname: mupdf Commit: d9bc8c6f7fb2e3ec7035bebaaee0edcf59287705 Total: 42, Dedup: 29
[*] 				 b'use-of-uninitialized-value /src/mupdf/source/fitz/colorspace.c'
[*] 				 b'use-of-uninitialized-value /src/mupdf/thirdparty/freetype/src/sfnt/sfobjs.c'
[*] 				 b'SUMMARY: MemorySanitizer: SEGV /src/mupdf/source/fitz/load-jpx.c in jpx_read_image\n'
[*] 				 b'use-of-uninitialized-value /src/mupdf/source/fitz/draw-unpack.c'
[*] 				 b'use-of-uninitialized-value /src/mupdf/thirdparty/jbig2dec/jbig2_arith.c'
[*] 				 b'SUMMARY: libFuzzer: deadly signal\n'
[*] 				 b'SEGV /src/mupdf/source/pdf/pdf-xref.c'
[*] 				 b'use-of-uninitialized-value /src/mupdf/source/pdf/pdf-annot.c'
[*] 				 b'SUMMARY: MemorySanitizer: SEGV /src/mupdf/source/fitz/draw-affine.c in template_affine_color_N_lerp\n'
[*] 				 b'use-of-uninitialized-value /src/mupdf/thirdparty/lcms2/src/extra_xform.h'
[*] 				 b'use-of-uninitialized-value /src/mupdf/source/fitz/draw-affine.c'
[*] 				 b'use-of-uninitialized-value /src/mupdf/source/fitz/hash.c'
[*] 				 b'use-of-uninitialized-value /src/mupdf/thirdparty/jbig2dec/jbig2_page.c'
[*] 				 b'use-of-uninitialized-value /src/mupdf/source/fitz/fitz-imp.h'
[*] 				 b'use-of-uninitialized-value /src/mupdf/source/pdf/pdf-xref.c'
[*] 				 b'use-of-uninitialized-value /src/mupdf/thirdparty/lcms2/src/cmsio0.c'
[*] 				 b'use-of-uninitialized-value /src/mupdf/source/fitz/crypt-arc4.c'
[*] 				 b'use-of-uninitialized-value /src/mupdf/thirdparty/lcms2/src/cmsintrp.c'
[*] 				 b'use-of-uninitialized-value /src/mupdf/source/fitz/font.c'
[*] 				 b'use-of-uninitialized-value /src/mupdf/source/pdf/pdf-function.c'
[*] 				 b'use-of-uninitialized-value /src/mupdf/include/mupdf/fitz/geometry.h'
[*] 				 b'use-of-uninitialized-value /src/mupdf/thirdparty/jbig2dec/jbig2_mmr.c'
[*] 				 b'use-of-uninitialized-value /src/mupdf/source/fitz/image.c'
[*] 				 b'use-of-uninitialized-value /src/mupdf/source/fitz/store.c'
[*] 				 b'use-of-uninitialized-value /src/mupdf/source/fitz/draw-mesh.c'
[*] 				 b'use-of-uninitialized-value /src/mupdf/source/pdf/pdf-cmap.c'
[*] 				 b'use-of-uninitialized-value /src/mupdf/source/pdf/pdf-lex.c'
[*] 				 b'use-of-uninitialized-value /src/mupdf/thirdparty/freetype/src/cff/cf2hints.c'
[*] 				 b'use-of-uninitialized-value /src/mupdf/thirdparty/lcms2/src/cmsopt.c'
[+] Pname: mupdf Commit: 57160d72260914d90171027dfd9402997d221a6d Vulnerable to 31 Vulnerabilities, ARVO appllied 10/23 reversed patch.
[+] Pname: mupdf Commit: 57160d72260914d90171027dfd9402997d221a6d Total: 16, Dedup: 11
[*] 				 b'use-of-uninitialized-value /src/mupdf/thirdparty/freetype/src/sfnt/sfobjs.c'
[*] 				 b'use-of-uninitialized-value /src/mupdf/source/fitz/fitz-imp.h'
[*] 				 b'use-of-uninitialized-value /src/mupdf/source/fitz/draw-unpack.c'
[*] 				 b'use-of-uninitialized-value /src/mupdf/source/fitz/hash.c'
[*] 				 b'use-of-uninitialized-value /src/mupdf/source/pdf/pdf-xref.c'
[*] 				 b'SUMMARY: MemorySanitizer: SEGV /src/mupdf/source/fitz/draw-affine.c in template_affine_color_N_lerp\n'
[*] 				 b'use-of-uninitialized-value /src/mupdf/source/fitz/crypt-arc4.c'
[*] 				 b'use-of-uninitialized-value /src/mupdf/source/fitz/draw-mesh.c'
[*] 				 b'use-of-uninitialized-value /src/mupdf/source/pdf/pdf-lex.c'
[*] 				 b'use-of-uninitialized-value /src/mupdf/thirdparty/lcms2/src/cmsintrp.c'
[*] 				 b'use-of-uninitialized-value /src/mupdf/source/pdf/pdf-function.c'
[+] Pname: mupdf Commit: f4879a5c21622370aa936e19552b295ba7490a81 Vulnerable to 40 Vulnerabilities, ARVO appllied 9/14 reversed patch.
[+] Pname: mupdf Commit: f4879a5c21622370aa936e19552b295ba7490a81 Total: 39, Dedup: 27
[*] 				 b'use-of-uninitialized-value /src/mupdf/thirdparty/freetype/src/sfnt/sfobjs.c'
[*] 				 b'SUMMARY: MemorySanitizer: SEGV /src/mupdf/source/fitz/load-jpx.c in jpx_read_image\n'
[*] 				 b'use-of-uninitialized-value /src/mupdf/source/fitz/draw-unpack.c'
[*] 				 b'use-of-uninitialized-value /src/mupdf/thirdparty/jbig2dec/jbig2_arith.c'
[*] 				 b'SUMMARY: libFuzzer: deadly signal\n'
[*] 				 b'SEGV /src/mupdf/source/pdf/pdf-xref.c'
[*] 				 b'SUMMARY: MemorySanitizer: SEGV /src/mupdf/source/fitz/draw-affine.c in template_affine_color_N_lerp\n'
[*] 				 b'use-of-uninitialized-value /src/mupdf/source/pdf/pdf-annot.c'
[*] 				 b'use-of-uninitialized-value /src/mupdf/thirdparty/lcms2/src/extra_xform.h'
[*] 				 b'use-of-uninitialized-value /src/mupdf/source/fitz/draw-affine.c'
[*] 				 b'use-of-uninitialized-value /src/mupdf/source/fitz/hash.c'
[*] 				 b'use-of-uninitialized-value /src/mupdf/thirdparty/jbig2dec/jbig2_page.c'
[*] 				 b'use-of-uninitialized-value /src/mupdf/source/fitz/fitz-imp.h'
[*] 				 b'use-of-uninitialized-value /src/mupdf/source/pdf/pdf-xref.c'
[*] 				 b'use-of-uninitialized-value /src/mupdf/source/fitz/crypt-arc4.c'
[*] 				 b'use-of-uninitialized-value /src/mupdf/thirdparty/lcms2/src/cmsio0.c'
[*] 				 b'use-of-uninitialized-value /src/mupdf/thirdparty/lcms2/src/cmsintrp.c'
[*] 				 b'use-of-uninitialized-value /src/mupdf/source/fitz/font.c'
[*] 				 b'use-of-uninitialized-value /src/mupdf/source/pdf/pdf-function.c'
[*] 				 b'use-of-uninitialized-value /src/mupdf/include/mupdf/fitz/geometry.h'
[*] 				 b'use-of-uninitialized-value /src/mupdf/thirdparty/jbig2dec/jbig2_mmr.c'
[*] 				 b'use-of-uninitialized-value /src/mupdf/source/fitz/image.c'
[*] 				 b'use-of-uninitialized-value /src/mupdf/source/fitz/draw-mesh.c'
[*] 				 b'use-of-uninitialized-value /src/mupdf/source/pdf/pdf-cmap.c'
[*] 				 b'use-of-uninitialized-value /src/mupdf/source/pdf/pdf-lex.c'
[*] 				 b'use-of-uninitialized-value /src/mupdf/thirdparty/freetype/src/cff/cf2hints.c'
[*] 				 b'use-of-uninitialized-value /src/mupdf/thirdparty/lcms2/src/cmsopt.c'
[+] Pname: mupdf Commit: e7cc5e1de83302579bc6aabcf132a9d269f7e5f8 Vulnerable to 40 Vulnerabilities, ARVO appllied 9/14 reversed patch.
[+] Pname: mupdf Commit: e7cc5e1de83302579bc6aabcf132a9d269f7e5f8 Total: 39, Dedup: 27
[*] 				 b'use-of-uninitialized-value /src/mupdf/thirdparty/freetype/src/sfnt/sfobjs.c'
[*] 				 b'SUMMARY: MemorySanitizer: SEGV /src/mupdf/source/fitz/load-jpx.c in jpx_read_image\n'
[*] 				 b'use-of-uninitialized-value /src/mupdf/source/fitz/draw-unpack.c'
[*] 				 b'use-of-uninitialized-value /src/mupdf/thirdparty/jbig2dec/jbig2_arith.c'
[*] 				 b'SUMMARY: libFuzzer: deadly signal\n'
[*] 				 b'SEGV /src/mupdf/source/pdf/pdf-xref.c'
[*] 				 b'SUMMARY: MemorySanitizer: SEGV /src/mupdf/source/fitz/draw-affine.c in template_affine_color_N_lerp\n'
[*] 				 b'use-of-uninitialized-value /src/mupdf/source/pdf/pdf-annot.c'
[*] 				 b'use-of-uninitialized-value /src/mupdf/thirdparty/lcms2/src/extra_xform.h'
[*] 				 b'use-of-uninitialized-value /src/mupdf/source/fitz/draw-affine.c'
[*] 				 b'use-of-uninitialized-value /src/mupdf/source/fitz/hash.c'
[*] 				 b'use-of-uninitialized-value /src/mupdf/thirdparty/jbig2dec/jbig2_page.c'
[*] 				 b'use-of-uninitialized-value /src/mupdf/source/fitz/fitz-imp.h'
[*] 				 b'use-of-uninitialized-value /src/mupdf/source/pdf/pdf-xref.c'
[*] 				 b'use-of-uninitialized-value /src/mupdf/source/fitz/crypt-arc4.c'
[*] 				 b'use-of-uninitialized-value /src/mupdf/thirdparty/lcms2/src/cmsio0.c'
[*] 				 b'use-of-uninitialized-value /src/mupdf/thirdparty/lcms2/src/cmsintrp.c'
[*] 				 b'use-of-uninitialized-value /src/mupdf/source/fitz/font.c'
[*] 				 b'use-of-uninitialized-value /src/mupdf/source/pdf/pdf-function.c'
[*] 				 b'use-of-uninitialized-value /src/mupdf/include/mupdf/fitz/geometry.h'
[*] 				 b'use-of-uninitialized-value /src/mupdf/thirdparty/jbig2dec/jbig2_mmr.c'
[*] 				 b'use-of-uninitialized-value /src/mupdf/source/fitz/image.c'
[*] 				 b'use-of-uninitialized-value /src/mupdf/source/fitz/draw-mesh.c'
[*] 				 b'use-of-uninitialized-value /src/mupdf/source/pdf/pdf-cmap.c'
[*] 				 b'use-of-uninitialized-value /src/mupdf/source/pdf/pdf-lex.c'
[*] 				 b'use-of-uninitialized-value /src/mupdf/thirdparty/freetype/src/cff/cf2hints.c'
[*] 				 b'use-of-uninitialized-value /src/mupdf/thirdparty/lcms2/src/cmsopt.c'
[+] Pname: mupdf Commit: 5cccad8f7b93c142b0672f59b01069a50a353c45 Vulnerable to 39 Vulnerabilities, ARVO appllied 10/15 reversed patch.
[+] Pname: mupdf Commit: 5cccad8f7b93c142b0672f59b01069a50a353c45 Total: 38, Dedup: 26
[*] 				 b'use-of-uninitialized-value /src/mupdf/thirdparty/freetype/src/sfnt/sfobjs.c'
[*] 				 b'SUMMARY: MemorySanitizer: SEGV /src/mupdf/source/fitz/load-jpx.c in jpx_read_image\n'
[*] 				 b'use-of-uninitialized-value /src/mupdf/source/fitz/draw-unpack.c'
[*] 				 b'SUMMARY: libFuzzer: deadly signal\n'
[*] 				 b'SEGV /src/mupdf/source/pdf/pdf-xref.c'
[*] 				 b'use-of-uninitialized-value /src/mupdf/source/pdf/pdf-annot.c'
[*] 				 b'SUMMARY: MemorySanitizer: SEGV /src/mupdf/source/fitz/draw-affine.c in template_affine_color_N_lerp\n'
[*] 				 b'use-of-uninitialized-value /src/mupdf/thirdparty/lcms2/src/extra_xform.h'
[*] 				 b'use-of-uninitialized-value /src/mupdf/source/fitz/draw-affine.c'
[*] 				 b'use-of-uninitialized-value /src/mupdf/source/fitz/hash.c'
[*] 				 b'use-of-uninitialized-value /src/mupdf/thirdparty/jbig2dec/jbig2_page.c'
[*] 				 b'use-of-uninitialized-value /src/mupdf/source/fitz/fitz-imp.h'
[*] 				 b'use-of-uninitialized-value /src/mupdf/source/pdf/pdf-xref.c'
[*] 				 b'use-of-uninitialized-value /src/mupdf/thirdparty/lcms2/src/cmsio0.c'
[*] 				 b'use-of-uninitialized-value /src/mupdf/source/fitz/crypt-arc4.c'
[*] 				 b'use-of-uninitialized-value /src/mupdf/thirdparty/lcms2/src/cmsintrp.c'
[*] 				 b'use-of-uninitialized-value /src/mupdf/source/fitz/font.c'
[*] 				 b'use-of-uninitialized-value /src/mupdf/source/pdf/pdf-function.c'
[*] 				 b'use-of-uninitialized-value /src/mupdf/include/mupdf/fitz/geometry.h'
[*] 				 b'use-of-uninitialized-value /src/mupdf/thirdparty/jbig2dec/jbig2_mmr.c'
[*] 				 b'use-of-uninitialized-value /src/mupdf/source/fitz/image.c'
[*] 				 b'use-of-uninitialized-value /src/mupdf/source/fitz/draw-mesh.c'
[*] 				 b'use-of-uninitialized-value /src/mupdf/source/pdf/pdf-cmap.c'
[*] 				 b'use-of-uninitialized-value /src/mupdf/source/pdf/pdf-lex.c'
[*] 				 b'use-of-uninitialized-value /src/mupdf/thirdparty/freetype/src/cff/cf2hints.c'
[*] 				 b'use-of-uninitialized-value /src/mupdf/thirdparty/lcms2/src/cmsopt.c'
[+] Pname: mupdf Commit: f85a9d6a08ebba9e319abdc05eadc3e443b878f1 Vulnerable to 33 Vulnerabilities, ARVO appllied 10/21 reversed patch.
[+] Pname: mupdf Commit: f85a9d6a08ebba9e319abdc05eadc3e443b878f1 Failed to compile
[+] Pname: mupdf Commit: f51836b9732c38d945b87fda0770009a77ba680c Vulnerable to 43 Vulnerabilities, ARVO appllied 9/11 reversed patch.
[+] Pname: mupdf Commit: f51836b9732c38d945b87fda0770009a77ba680c Total: 42, Dedup: 29
[*] 				 b'use-of-uninitialized-value /src/mupdf/source/fitz/colorspace.c'
[*] 				 b'use-of-uninitialized-value /src/mupdf/thirdparty/freetype/src/sfnt/sfobjs.c'
[*] 				 b'use-of-uninitialized-value /src/mupdf/source/fitz/draw-unpack.c'
[*] 				 b'use-of-uninitialized-value /src/mupdf/thirdparty/jbig2dec/jbig2_arith.c'
[*] 				 b'use-of-uninitialized-value /src/mupdf/source/pdf/pdf-font.c'
[*] 				 b'SEGV /src/mupdf/source/pdf/pdf-xref.c'
[*] 				 b'use-of-uninitialized-value /src/mupdf/source/pdf/pdf-annot.c'
[*] 				 b'SUMMARY: libFuzzer: deadly signal\n'
[*] 				 b'SUMMARY: MemorySanitizer: SEGV /src/mupdf/source/fitz/draw-affine.c in template_affine_color_N_lerp\n'
[*] 				 b'use-of-uninitialized-value /src/mupdf/thirdparty/lcms2/src/extra_xform.h'
[*] 				 b'use-of-uninitialized-value /src/mupdf/source/fitz/draw-affine.c'
[*] 				 b'use-of-uninitialized-value /src/mupdf/source/fitz/hash.c'
[*] 				 b'use-of-uninitialized-value /src/mupdf/thirdparty/jbig2dec/jbig2_page.c'
[*] 				 b'use-of-uninitialized-value /src/mupdf/source/fitz/fitz-imp.h'
[*] 				 b'use-of-uninitialized-value /src/mupdf/source/pdf/pdf-xref.c'
[*] 				 b'use-of-uninitialized-value /src/mupdf/source/fitz/crypt-arc4.c'
[*] 				 b'use-of-uninitialized-value /src/mupdf/thirdparty/lcms2/src/cmsio0.c'
[*] 				 b'use-of-uninitialized-value /src/mupdf/thirdparty/lcms2/src/cmsintrp.c'
[*] 				 b'use-of-uninitialized-value /src/mupdf/source/fitz/font.c'
[*] 				 b'use-of-uninitialized-value /src/mupdf/source/pdf/pdf-function.c'
[*] 				 b'use-of-uninitialized-value /src/mupdf/include/mupdf/fitz/geometry.h'
[*] 				 b'use-of-uninitialized-value /src/mupdf/thirdparty/jbig2dec/jbig2_mmr.c'
[*] 				 b'use-of-uninitialized-value /src/mupdf/source/fitz/image.c'
[*] 				 b'use-of-uninitialized-value /src/mupdf/source/fitz/store.c'
[*] 				 b'use-of-uninitialized-value /src/mupdf/source/fitz/draw-mesh.c'
[*] 				 b'use-of-uninitialized-value /src/mupdf/source/pdf/pdf-cmap.c'
[*] 				 b'use-of-uninitialized-value /src/mupdf/source/pdf/pdf-lex.c'
[*] 				 b'use-of-uninitialized-value /src/mupdf/thirdparty/freetype/src/cff/cf2hints.c'
[*] 				 b'use-of-uninitialized-value /src/mupdf/thirdparty/lcms2/src/cmsopt.c'
[+] Pname: mupdf Commit: b105ae5371549dce1b7e3d39fe130307f50d908a Vulnerable to 48 Vulnerabilities, ARVO appllied 4/6 reversed patch.
[+] Pname: mupdf Commit: b105ae5371549dce1b7e3d39fe130307f50d908a Total: 43, Dedup: 30
[*] 				 b'use-of-uninitialized-value /src/mupdf/source/fitz/colorspace.c'
[*] 				 b'use-of-uninitialized-value /src/mupdf/thirdparty/freetype/src/sfnt/sfobjs.c'
[*] 				 b'SUMMARY: MemorySanitizer: SEGV /src/mupdf/source/fitz/load-jpx.c in jpx_read_image\n'
[*] 				 b'use-of-uninitialized-value /src/mupdf/source/fitz/draw-unpack.c'
[*] 				 b'use-of-uninitialized-value /src/mupdf/source/pdf/pdf-font.c'
[*] 				 b'use-of-uninitialized-value /src/mupdf/thirdparty/jbig2dec/jbig2_arith.c'
[*] 				 b'SEGV /src/mupdf/source/pdf/pdf-xref.c'
[*] 				 b'use-of-uninitialized-value /src/mupdf/source/pdf/pdf-annot.c'
[*] 				 b'SUMMARY: MemorySanitizer: SEGV /src/mupdf/source/fitz/draw-affine.c in template_affine_color_N_lerp\n'
[*] 				 b'SUMMARY: libFuzzer: deadly signal\n'
[*] 				 b'use-of-uninitialized-value /src/mupdf/thirdparty/lcms2/src/extra_xform.h'
[*] 				 b'use-of-uninitialized-value /src/mupdf/source/fitz/draw-affine.c'
[*] 				 b'use-of-uninitialized-value /src/mupdf/source/fitz/hash.c'
[*] 				 b'use-of-uninitialized-value /src/mupdf/thirdparty/jbig2dec/jbig2_page.c'
[*] 				 b'use-of-uninitialized-value /src/mupdf/source/fitz/fitz-imp.h'
[*] 				 b'use-of-uninitialized-value /src/mupdf/source/pdf/pdf-xref.c'
[*] 				 b'use-of-uninitialized-value /src/mupdf/source/fitz/crypt-arc4.c'
[*] 				 b'use-of-uninitialized-value /src/mupdf/thirdparty/lcms2/src/cmsio0.c'
[*] 				 b'use-of-uninitialized-value /src/mupdf/thirdparty/lcms2/src/cmsintrp.c'
[*] 				 b'use-of-uninitialized-value /src/mupdf/source/fitz/font.c'
[*] 				 b'use-of-uninitialized-value /src/mupdf/source/pdf/pdf-function.c'
[*] 				 b'use-of-uninitialized-value /src/mupdf/thirdparty/jbig2dec/jbig2_mmr.c'
[*] 				 b'use-of-uninitialized-value /src/mupdf/include/mupdf/fitz/geometry.h'
[*] 				 b'use-of-uninitialized-value /src/mupdf/source/fitz/image.c'
[*] 				 b'use-of-uninitialized-value /src/mupdf/source/fitz/store.c'
[*] 				 b'use-of-uninitialized-value /src/mupdf/source/fitz/draw-mesh.c'
[*] 				 b'use-of-uninitialized-value /src/mupdf/source/pdf/pdf-cmap.c'
[*] 				 b'use-of-uninitialized-value /src/mupdf/source/pdf/pdf-lex.c'
[*] 				 b'use-of-uninitialized-value /src/mupdf/thirdparty/freetype/src/cff/cf2hints.c'
[*] 				 b'use-of-uninitialized-value /src/mupdf/thirdparty/lcms2/src/cmsopt.c'
[+] Pname: mupdf Commit: a6cbde55a4bc8095556d5b0e134e51d7ac946805 Vulnerable to 45 Vulnerabilities, ARVO appllied 7/9 reversed patch.
[+] Pname: mupdf Commit: a6cbde55a4bc8095556d5b0e134e51d7ac946805 Total: 42, Dedup: 30
[*] 				 b'use-of-uninitialized-value /src/mupdf/source/fitz/colorspace.c'
[*] 				 b'use-of-uninitialized-value /src/mupdf/thirdparty/freetype/src/sfnt/sfobjs.c'
[*] 				 b'SUMMARY: MemorySanitizer: SEGV /src/mupdf/source/fitz/load-jpx.c in jpx_read_image\n'
[*] 				 b'use-of-uninitialized-value /src/mupdf/source/fitz/draw-unpack.c'
[*] 				 b'use-of-uninitialized-value /src/mupdf/source/pdf/pdf-font.c'
[*] 				 b'use-of-uninitialized-value /src/mupdf/thirdparty/jbig2dec/jbig2_arith.c'
[*] 				 b'SEGV /src/mupdf/source/pdf/pdf-xref.c'
[*] 				 b'SUMMARY: MemorySanitizer: SEGV /src/mupdf/source/fitz/draw-affine.c in template_affine_color_N_lerp\n'
[*] 				 b'SUMMARY: libFuzzer: deadly signal\n'
[*] 				 b'use-of-uninitialized-value /src/mupdf/source/pdf/pdf-annot.c'
[*] 				 b'use-of-uninitialized-value /src/mupdf/thirdparty/lcms2/src/extra_xform.h'
[*] 				 b'use-of-uninitialized-value /src/mupdf/source/fitz/draw-affine.c'
[*] 				 b'use-of-uninitialized-value /src/mupdf/source/fitz/hash.c'
[*] 				 b'use-of-uninitialized-value /src/mupdf/thirdparty/jbig2dec/jbig2_page.c'
[*] 				 b'use-of-uninitialized-value /src/mupdf/source/fitz/fitz-imp.h'
[*] 				 b'use-of-uninitialized-value /src/mupdf/source/pdf/pdf-xref.c'
[*] 				 b'use-of-uninitialized-value /src/mupdf/source/fitz/crypt-arc4.c'
[*] 				 b'use-of-uninitialized-value /src/mupdf/thirdparty/lcms2/src/cmsio0.c'
[*] 				 b'use-of-uninitialized-value /src/mupdf/thirdparty/lcms2/src/cmsintrp.c'
[*] 				 b'use-of-uninitialized-value /src/mupdf/source/fitz/font.c'
[*] 				 b'use-of-uninitialized-value /src/mupdf/source/pdf/pdf-function.c'
[*] 				 b'use-of-uninitialized-value /src/mupdf/include/mupdf/fitz/geometry.h'
[*] 				 b'use-of-uninitialized-value /src/mupdf/thirdparty/jbig2dec/jbig2_mmr.c'
[*] 				 b'use-of-uninitialized-value /src/mupdf/source/fitz/image.c'
[*] 				 b'use-of-uninitialized-value /src/mupdf/source/fitz/store.c'
[*] 				 b'use-of-uninitialized-value /src/mupdf/source/fitz/draw-mesh.c'
[*] 				 b'use-of-uninitialized-value /src/mupdf/source/pdf/pdf-cmap.c'
[*] 				 b'use-of-uninitialized-value /src/mupdf/source/pdf/pdf-lex.c'
[*] 				 b'use-of-uninitialized-value /src/mupdf/thirdparty/freetype/src/cff/cf2hints.c'
[*] 				 b'use-of-uninitialized-value /src/mupdf/thirdparty/lcms2/src/cmsopt.c'
[+] Pname: mupdf Commit: 4dcc6affe04368461310a21238f7e1871a752a05 Vulnerable to 48 Vulnerabilities, ARVO appllied 4/6 reversed patch.
[+] Pname: mupdf Commit: 4dcc6affe04368461310a21238f7e1871a752a05 Total: 41, Dedup: 29
[*] 				 b'use-of-uninitialized-value /src/mupdf/source/fitz/colorspace.c'
[*] 				 b'use-of-uninitialized-value /src/mupdf/thirdparty/freetype/src/sfnt/sfobjs.c'
[*] 				 b'SUMMARY: MemorySanitizer: SEGV /src/mupdf/source/fitz/load-jpx.c in jpx_read_image\n'
[*] 				 b'use-of-uninitialized-value /src/mupdf/source/fitz/draw-unpack.c'
[*] 				 b'use-of-uninitialized-value /src/mupdf/thirdparty/jbig2dec/jbig2_arith.c'
[*] 				 b'SUMMARY: libFuzzer: deadly signal\n'
[*] 				 b'use-of-uninitialized-value /src/mupdf/source/pdf/pdf-font.c'
[*] 				 b'use-of-uninitialized-value /src/mupdf/source/pdf/pdf-annot.c'
[*] 				 b'SUMMARY: MemorySanitizer: SEGV /src/mupdf/source/fitz/draw-affine.c in template_affine_color_N_lerp\n'
[*] 				 b'SEGV /src/mupdf/source/pdf/pdf-xref.c'
[*] 				 b'use-of-uninitialized-value /src/mupdf/thirdparty/lcms2/src/extra_xform.h'
[*] 				 b'use-of-uninitialized-value /src/mupdf/source/fitz/draw-affine.c'
[*] 				 b'use-of-uninitialized-value /src/mupdf/source/fitz/hash.c'
[*] 				 b'use-of-uninitialized-value /src/mupdf/thirdparty/jbig2dec/jbig2_page.c'
[*] 				 b'use-of-uninitialized-value /src/mupdf/source/fitz/fitz-imp.h'
[*] 				 b'use-of-uninitialized-value /src/mupdf/source/pdf/pdf-xref.c'
[*] 				 b'use-of-uninitialized-value /src/mupdf/thirdparty/lcms2/src/cmsio0.c'
[*] 				 b'use-of-uninitialized-value /src/mupdf/source/fitz/crypt-arc4.c'
[*] 				 b'use-of-uninitialized-value /src/mupdf/thirdparty/lcms2/src/cmsintrp.c'
[*] 				 b'use-of-uninitialized-value /src/mupdf/source/fitz/font.c'
[*] 				 b'use-of-uninitialized-value /src/mupdf/source/pdf/pdf-function.c'
[*] 				 b'use-of-uninitialized-value /src/mupdf/include/mupdf/fitz/geometry.h'
[*] 				 b'use-of-uninitialized-value /src/mupdf/thirdparty/jbig2dec/jbig2_mmr.c'
[*] 				 b'use-of-uninitialized-value /src/mupdf/source/fitz/image.c'
[*] 				 b'use-of-uninitialized-value /src/mupdf/source/fitz/draw-mesh.c'
[*] 				 b'use-of-uninitialized-value /src/mupdf/source/pdf/pdf-cmap.c'
[*] 				 b'use-of-uninitialized-value /src/mupdf/source/pdf/pdf-lex.c'
[*] 				 b'use-of-uninitialized-value /src/mupdf/thirdparty/freetype/src/cff/cf2hints.c'
[*] 				 b'use-of-uninitialized-value /src/mupdf/thirdparty/lcms2/src/cmsopt.c'
[+] Pname: mupdf Commit: 7e8807ead274119194ce9a911cbf9c0e61a110bb Vulnerable to 43 Vulnerabilities, ARVO appllied 7/11 reversed patch.
[+] Pname: mupdf Commit: 7e8807ead274119194ce9a911cbf9c0e61a110bb Total: 39, Dedup: 27
[*] 				 b'use-of-uninitialized-value /src/mupdf/source/fitz/colorspace.c'
[*] 				 b'use-of-uninitialized-value /src/mupdf/thirdparty/freetype/src/sfnt/sfobjs.c'
[*] 				 b'SUMMARY: MemorySanitizer: SEGV /src/mupdf/source/fitz/load-jpx.c in jpx_read_image\n'
[*] 				 b'use-of-uninitialized-value /src/mupdf/source/fitz/draw-unpack.c'
[*] 				 b'use-of-uninitialized-value /src/mupdf/source/pdf/pdf-font.c'
[*] 				 b'use-of-uninitialized-value /src/mupdf/thirdparty/jbig2dec/jbig2_arith.c'
[*] 				 b'SEGV /src/mupdf/source/pdf/pdf-xref.c'
[*] 				 b'SUMMARY: MemorySanitizer: SEGV /src/mupdf/source/fitz/draw-affine.c in template_affine_color_N_lerp\n'
[*] 				 b'use-of-uninitialized-value /src/mupdf/source/pdf/pdf-annot.c'
[*] 				 b'SUMMARY: libFuzzer: deadly signal\n'
[*] 				 b'use-of-uninitialized-value /src/mupdf/thirdparty/lcms2/src/extra_xform.h'
[*] 				 b'use-of-uninitialized-value /src/mupdf/source/fitz/draw-affine.c'
[*] 				 b'use-of-uninitialized-value /src/mupdf/source/fitz/hash.c'
[*] 				 b'use-of-uninitialized-value /src/mupdf/thirdparty/jbig2dec/jbig2_page.c'
[*] 				 b'use-of-uninitialized-value /src/mupdf/source/fitz/fitz-imp.h'
[*] 				 b'use-of-uninitialized-value /src/mupdf/source/pdf/pdf-xref.c'
[*] 				 b'use-of-uninitialized-value /src/mupdf/thirdparty/lcms2/src/cmsio0.c'
[*] 				 b'use-of-uninitialized-value /src/mupdf/source/fitz/crypt-arc4.c'
[*] 				 b'use-of-uninitialized-value /src/mupdf/thirdparty/lcms2/src/cmsintrp.c'
[*] 				 b'use-of-uninitialized-value /src/mupdf/source/pdf/pdf-function.c'
[*] 				 b'use-of-uninitialized-value /src/mupdf/thirdparty/jbig2dec/jbig2_mmr.c'
[*] 				 b'use-of-uninitialized-value /src/mupdf/source/fitz/image.c'
[*] 				 b'use-of-uninitialized-value /src/mupdf/source/fitz/draw-mesh.c'
[*] 				 b'use-of-uninitialized-value /src/mupdf/source/pdf/pdf-cmap.c'
[*] 				 b'use-of-uninitialized-value /src/mupdf/source/pdf/pdf-lex.c'
[*] 				 b'use-of-uninitialized-value /src/mupdf/thirdparty/freetype/src/cff/cf2hints.c'
[*] 				 b'use-of-uninitialized-value /src/mupdf/thirdparty/lcms2/src/cmsopt.c'
[+] Pname: mupdf Commit: 43e6a76ff86747501b77f2e485bdfcd8c067fb8f Vulnerable to 48 Vulnerabilities, ARVO appllied 4/6 reversed patch.
[+] Pname: mupdf Commit: 43e6a76ff86747501b77f2e485bdfcd8c067fb8f Total: 15, Dedup: 10
[*] 				 b'stack-buffer-underflow /src/mupdf/source/pdf/pdf-function.c'
[*] 				 b'heap-use-after-free /src/mupdf/include/mupdf/fitz/geometry.h'
[*] 				 b'heap-use-after-free /src/mupdf/source/fitz/draw-affine.c'
[*] 				 b'heap-use-after-free /src/mupdf/source/fitz/store.c'
[*] 				 b'SEGV /src/mupdf/source/pdf/pdf-xref.c'
[*] 				 b'stack-buffer-overflow /src/llvm/projects/compiler-rt/lib/asan/../sanitizer_common/sanitizer_common_interceptors.inc'
[*] 				 b'heap-use-after-free /src/mupdf/source/pdf/pdf-cmap.c'
[*] 				 b'heap-buffer-overflow /src/mupdf/source/pdf/pdf-function.c'
[*] 				 b'heap-buffer-overflow /src/mupdf/source/fitz/load-jpx.c'
[*] 				 b'heap-use-after-free /src/llvm/projects/compiler-rt/lib/asan/asan_interceptors_memintrinsics.cc'
[+] Pname: mupdf Commit: 43dec68e7f2d577c66c0fd6b8071562e5edb9cdb Vulnerable to 39 Vulnerabilities, ARVO appllied 9/15 reversed patch.
[+] Pname: mupdf Commit: 43dec68e7f2d577c66c0fd6b8071562e5edb9cdb Total: 7, Dedup: 6
[*] 				 b'stack-buffer-underflow /src/mupdf/source/pdf/pdf-function.c'
[*] 				 b'heap-use-after-free /src/llvm/projects/compiler-rt/lib/asan/asan_interceptors_memintrinsics.cc'
[*] 				 b'heap-use-after-free /src/mupdf/source/pdf/pdf-cmap.c'
[*] 				 b'heap-buffer-overflow /src/mupdf/source/pdf/pdf-function.c'
[*] 				 b'heap-buffer-overflow /src/mupdf/source/fitz/load-jpx.c'
[*] 				 b'heap-use-after-free /src/mupdf/source/fitz/draw-affine.c'
[+] Pname: mupdf Commit: df3e707a46e6d8b19a87a979bd1bc424c5ea975f Vulnerable to 36 Vulnerabilities, ARVO appllied 7/18 reversed patch.
[+] Pname: mupdf Commit: df3e707a46e6d8b19a87a979bd1bc424c5ea975f Failed to compile
[+] Pname: mupdf Commit: 4889fe51af274e0c158a0a8a2e6132c700937427 Vulnerable to 53 Vulnerabilities, ARVO appllied 1/1 reversed patch.
[+] Pname: mupdf Commit: 4889fe51af274e0c158a0a8a2e6132c700937427 Total: 14, Dedup: 9
[*] 				 b'heap-use-after-free /src/mupdf/include/mupdf/fitz/geometry.h'
[*] 				 b'stack-buffer-underflow /src/mupdf/source/pdf/pdf-function.c'
[*] 				 b'heap-use-after-free /src/mupdf/source/fitz/draw-affine.c'
[*] 				 b'heap-use-after-free /src/mupdf/source/fitz/store.c'
[*] 				 b'stack-buffer-overflow /src/llvm/projects/compiler-rt/lib/asan/../sanitizer_common/sanitizer_common_interceptors.inc'
[*] 				 b'SEGV /src/mupdf/source/pdf/pdf-xref.c'
[*] 				 b'heap-buffer-overflow /src/mupdf/source/pdf/pdf-function.c'
[*] 				 b'heap-buffer-overflow /src/mupdf/source/fitz/load-jpx.c'
[*] 				 b'heap-use-after-free /src/llvm/projects/compiler-rt/lib/asan/asan_interceptors_memintrinsics.cc'
[+] Pname: mupdf Commit: 7d6039ff1b57a07efe0beb0f58b9c947fac3c3aa Vulnerable to 28 Vulnerabilities, ARVO appllied 8/26 reversed patch.
[+] Pname: mupdf Commit: 7d6039ff1b57a07efe0beb0f58b9c947fac3c3aa Total: 12, Dedup: 9
[*] 				 b'use-of-uninitialized-value /src/mupdf/thirdparty/freetype/src/sfnt/sfobjs.c'
[*] 				 b'use-of-uninitialized-value /src/mupdf/include/mupdf/fitz/geometry.h'
[*] 				 b'use-of-uninitialized-value /src/mupdf/source/fitz/draw-mesh.c'
[*] 				 b'use-of-uninitialized-value /src/mupdf/source/pdf/pdf-xref.c'
[*] 				 b'use-of-uninitialized-value /src/mupdf/source/fitz/crypt-arc4.c'
[*] 				 b'use-of-uninitialized-value /src/mupdf/source/pdf/pdf-lex.c'
[*] 				 No SUMMARY
[*] 				 b'use-of-uninitialized-value /src/llvm/projects/compiler-rt/lib/msan/../sanitizer_common/sanitizer_common_interceptors.inc'
[*] 				 b'use-of-uninitialized-value /src/mupdf/thirdparty/lcms2/src/cmsintrp.c'
[+] Pname: mupdf Commit: f5a0d27300d33a2e967b6cf291f0f79aa0f5ac8c Vulnerable to 28 Vulnerabilities, ARVO appllied 9/26 reversed patch.
[+] Pname: mupdf Commit: f5a0d27300d33a2e967b6cf291f0f79aa0f5ac8c Total: 4, Dedup: 3
[*] 				 b'stack-buffer-underflow /src/mupdf/source/pdf/pdf-function.c'
[*] 				 b'heap-buffer-overflow /src/mupdf/source/pdf/pdf-function.c'
[*] 				 b'heap-buffer-overflow /src/mupdf/source/fitz/filter-basic.c'
[+] Pname: mupdf Commit: 7be007cf32e9ca6382937c9fe531391e6c384414 Vulnerable to 30 Vulnerabilities, ARVO appllied 8/24 reversed patch.
[+] Pname: mupdf Commit: 7be007cf32e9ca6382937c9fe531391e6c384414 Total: 15, Dedup: 10
[*] 				 b'use-of-uninitialized-value /src/mupdf/thirdparty/freetype/src/sfnt/sfobjs.c'
[*] 				 b'use-of-uninitialized-value /src/mupdf/source/fitz/draw-unpack.c'
[*] 				 b'use-of-uninitialized-value /src/mupdf/source/fitz/image.c'
[*] 				 b'use-of-uninitialized-value /src/mupdf/source/fitz/hash.c'
[*] 				 b'use-of-uninitialized-value /src/mupdf/source/pdf/pdf-xref.c'
[*] 				 b'use-of-uninitialized-value /src/mupdf/source/fitz/draw-mesh.c'
[*] 				 b'use-of-uninitialized-value /src/mupdf/source/fitz/crypt-arc4.c'
[*] 				 b'use-of-uninitialized-value /src/mupdf/source/pdf/pdf-lex.c'
[*] 				 b'use-of-uninitialized-value /src/mupdf/thirdparty/lcms2/src/cmsintrp.c'
[*] 				 b'use-of-uninitialized-value /src/mupdf/source/pdf/pdf-function.c'
[+] Pname: mupdf Commit: 38682a8f48393b56c55bc57dc5db107dabc51dd7 Vulnerable to 29 Vulnerabilities, ARVO appllied 8/25 reversed patch.
[+] Pname: mupdf Commit: 38682a8f48393b56c55bc57dc5db107dabc51dd7 Total: 14, Dedup: 9
[*] 				 b'use-of-uninitialized-value /src/mupdf/thirdparty/freetype/src/sfnt/sfobjs.c'
[*] 				 b'use-of-uninitialized-value /src/mupdf/source/fitz/draw-unpack.c'
[*] 				 b'use-of-uninitialized-value /src/mupdf/source/fitz/hash.c'
[*] 				 b'use-of-uninitialized-value /src/mupdf/source/pdf/pdf-xref.c'
[*] 				 b'use-of-uninitialized-value /src/mupdf/source/fitz/draw-mesh.c'
[*] 				 b'use-of-uninitialized-value /src/mupdf/source/fitz/crypt-arc4.c'
[*] 				 b'use-of-uninitialized-value /src/mupdf/source/pdf/pdf-lex.c'
[*] 				 b'use-of-uninitialized-value /src/mupdf/thirdparty/lcms2/src/cmsintrp.c'
[*] 				 b'use-of-uninitialized-value /src/mupdf/source/pdf/pdf-function.c'
[+] Pname: mupdf Commit: a723508f7a6861e62a65909101b53b849c04bf01 Vulnerable to 30 Vulnerabilities, ARVO appllied 8/24 reversed patch.
[+] Pname: mupdf Commit: a723508f7a6861e62a65909101b53b849c04bf01 Total: 15, Dedup: 10
[*] 				 b'use-of-uninitialized-value /src/mupdf/thirdparty/freetype/src/sfnt/sfobjs.c'
[*] 				 b'use-of-uninitialized-value /src/mupdf/source/fitz/fitz-imp.h'
[*] 				 b'use-of-uninitialized-value /src/mupdf/source/fitz/draw-unpack.c'
[*] 				 b'use-of-uninitialized-value /src/mupdf/thirdparty/lcms2/src/cmsintrp.c'
[*] 				 b'use-of-uninitialized-value /src/mupdf/source/fitz/draw-mesh.c'
[*] 				 b'use-of-uninitialized-value /src/mupdf/source/pdf/pdf-xref.c'
[*] 				 b'use-of-uninitialized-value /src/mupdf/source/fitz/crypt-arc4.c'
[*] 				 b'use-of-uninitialized-value /src/mupdf/source/pdf/pdf-lex.c'
[*] 				 b'use-of-uninitialized-value /src/mupdf/source/fitz/hash.c'
[*] 				 b'use-of-uninitialized-value /src/mupdf/source/pdf/pdf-function.c'
[+] Pname: mupdf Commit: 972ea27ebc9409814a92010d48a2252da52a2719 Vulnerable to 27 Vulnerabilities, ARVO appllied 9/27 reversed patch.
[+] Pname: mupdf Commit: 972ea27ebc9409814a92010d48a2252da52a2719 Total: 16, Dedup: 11
[*] 				 b'use-of-uninitialized-value /src/mupdf/thirdparty/freetype/src/sfnt/sfobjs.c'
[*] 				 b'SEGV /src/mupdf/source/fitz/draw-affine.c'
[*] 				 b'use-of-uninitialized-value /src/llvm-project/compiler-rt/lib/msan/../sanitizer_common/sanitizer_common_interceptors.inc'
[*] 				 b'use-of-uninitialized-value /src/mupdf/thirdparty/lcms2/src/cmsintrp.c'
[*] 				 b'use-of-uninitialized-value /src/mupdf/source/pdf/pdf-xref.c'
[*] 				 b'use-of-uninitialized-value /src/mupdf/source/fitz/draw-mesh.c'
[*] 				 b'use-of-uninitialized-value /src/mupdf/source/fitz/crypt-arc4.c'
[*] 				 No SUMMARY
[*] 				 b'use-of-uninitialized-value /src/mupdf/source/pdf/pdf-lex.c'
[*] 				 b'use-of-uninitialized-value /src/mupdf/source/fitz/hash.c'
[*] 				 b'use-of-uninitialized-value /src/mupdf/source/fitz/draw-paint.c'
[+] Pname: mupdf Commit: 828b3a56221d5ae630d52f738b8eaf1e18f645b2 Vulnerable to 25 Vulnerabilities, ARVO appllied 10/29 reversed patch.
[+] Pname: mupdf Commit: 828b3a56221d5ae630d52f738b8eaf1e18f645b2 Total: 12, Dedup: 4
[*] 				 b'SEGV /src/mupdf/source/fitz/draw-affine.c'
[*] 				 No SUMMARY
[*] 				 b'heap-buffer-overflow /src/mupdf/source/pdf/pdf-xref.c'
[*] 				 b'heap-buffer-overflow /src/mupdf/source/pdf/pdf-function.c'
[+] Pname: mupdf Commit: c3aa7c5e87a69188e20106d8a0d7190b12ae4865 Vulnerable to 27 Vulnerabilities, ARVO appllied 9/27 reversed patch.
[+] Pname: mupdf Commit: c3aa7c5e87a69188e20106d8a0d7190b12ae4865 Total: 20, Dedup: 12
[*] 				 b'SUMMARY: MemorySanitizer: SEGV (/lib/x86_64-linux-gnu/libc.so.6+0x14dc3a) \n'
[*] 				 b'SEGV /src/mupdf/source/fitz/draw-affine.c'
[*] 				 b'use-of-uninitialized-value /src/mupdf/thirdparty/freetype/src/sfnt/sfobjs.c'
[*] 				 b'use-of-uninitialized-value /src/llvm-project/compiler-rt/lib/msan/../sanitizer_common/sanitizer_common_interceptors.inc'
[*] 				 b'use-of-uninitialized-value /src/mupdf/thirdparty/lcms2/src/cmsintrp.c'
[*] 				 b'use-of-uninitialized-value /src/mupdf/source/pdf/pdf-xref.c'
[*] 				 b'use-of-uninitialized-value /src/mupdf/source/fitz/draw-mesh.c'
[*] 				 b'use-of-uninitialized-value /src/mupdf/source/fitz/crypt-arc4.c'
[*] 				 No SUMMARY
[*] 				 b'use-of-uninitialized-value /src/mupdf/source/pdf/pdf-lex.c'
[*] 				 b'use-of-uninitialized-value /src/mupdf/source/fitz/hash.c'
[*] 				 b'use-of-uninitialized-value /src/mupdf/source/fitz/draw-paint.c'
[+] Pname: mupdf Commit: 160ad64a21b624b8128f7e5835b416922b7939e4 Vulnerable to 26 Vulnerabilities, ARVO appllied 9/28 reversed patch.
[+] Pname: mupdf Commit: 160ad64a21b624b8128f7e5835b416922b7939e4 Total: 19, Dedup: 11
[*] 				 b'SUMMARY: MemorySanitizer: SEGV (/lib/x86_64-linux-gnu/libc.so.6+0x14dc3a) \n'
[*] 				 b'SEGV /src/mupdf/source/fitz/draw-affine.c'
[*] 				 b'use-of-uninitialized-value /src/mupdf/thirdparty/freetype/src/sfnt/sfobjs.c'
[*] 				 b'use-of-uninitialized-value /src/llvm-project/compiler-rt/lib/msan/../sanitizer_common/sanitizer_common_interceptors.inc'
[*] 				 b'use-of-uninitialized-value /src/mupdf/thirdparty/lcms2/src/cmsintrp.c'
[*] 				 b'use-of-uninitialized-value /src/mupdf/source/fitz/draw-mesh.c'
[*] 				 b'use-of-uninitialized-value /src/mupdf/source/pdf/pdf-xref.c'
[*] 				 No SUMMARY
[*] 				 b'use-of-uninitialized-value /src/mupdf/source/pdf/pdf-lex.c'
[*] 				 b'use-of-uninitialized-value /src/mupdf/source/fitz/hash.c'
[*] 				 b'use-of-uninitialized-value /src/mupdf/source/fitz/draw-paint.c'
[+] Pname: mupdf Commit: 6104185b7aa9dc8957c57202e7b4790e9fa385b5 Vulnerable to 27 Vulnerabilities, ARVO appllied 9/27 reversed patch.
[+] Pname: mupdf Commit: 6104185b7aa9dc8957c57202e7b4790e9fa385b5 Total: 20, Dedup: 12
[*] 				 b'SUMMARY: MemorySanitizer: SEGV (/lib/x86_64-linux-gnu/libc.so.6+0x14dc3a) \n'
[*] 				 b'SEGV /src/mupdf/source/fitz/draw-affine.c'
[*] 				 b'use-of-uninitialized-value /src/mupdf/thirdparty/freetype/src/sfnt/sfobjs.c'
[*] 				 b'use-of-uninitialized-value /src/llvm-project/compiler-rt/lib/msan/../sanitizer_common/sanitizer_common_interceptors.inc'
[*] 				 b'use-of-uninitialized-value /src/mupdf/source/fitz/hash.c'
[*] 				 b'use-of-uninitialized-value /src/mupdf/source/fitz/draw-mesh.c'
[*] 				 b'use-of-uninitialized-value /src/mupdf/source/pdf/pdf-xref.c'
[*] 				 b'use-of-uninitialized-value /src/mupdf/source/fitz/crypt-arc4.c'
[*] 				 No SUMMARY
[*] 				 b'use-of-uninitialized-value /src/mupdf/source/pdf/pdf-lex.c'
[*] 				 b'use-of-uninitialized-value /src/mupdf/thirdparty/lcms2/src/cmsintrp.c'
[*] 				 b'use-of-uninitialized-value /src/mupdf/source/fitz/draw-paint.c'
[+] Pname: mupdf Commit: 3df056e58e80b0b2f8f1556798898c97ca185bd8 Vulnerable to 22 Vulnerabilities, ARVO appllied 11/32 reversed patch.
[+] Pname: mupdf Commit: 3df056e58e80b0b2f8f1556798898c97ca185bd8 Total: 14, Dedup: 5
[*] 				 b'heap-buffer-overflow /src/mupdf/source/pdf/pdf-xref.c'
[*] 				 b'heap-use-after-free /src/mupdf/source/fitz/draw-paint.c'
[*] 				 b'heap-use-after-free /src/mupdf/source/fitz/draw-device.c'
[*] 				 No SUMMARY
[*] 				 b'heap-buffer-overflow /src/mupdf/source/pdf/pdf-function.c'
[+] Pname: mupdf Commit: d379c9a77de64f1debe292f505e4f76822e2b597 Vulnerable to 21 Vulnerabilities, ARVO appllied 12/33 reversed patch.
[+] Pname: mupdf Commit: d379c9a77de64f1debe292f505e4f76822e2b597 Total: 14, Dedup: 5
[*] 				 b'heap-buffer-overflow /src/mupdf/source/pdf/pdf-xref.c'
[*] 				 b'heap-use-after-free /src/mupdf/source/fitz/draw-paint.c'
[*] 				 b'heap-use-after-free /src/mupdf/source/fitz/draw-device.c'
[*] 				 No SUMMARY
[*] 				 b'heap-buffer-overflow /src/mupdf/source/pdf/pdf-function.c'
[+] Pname: mupdf Commit: 43d80b0275e1a6e498072e5f88b0faf98310c051 Vulnerable to 22 Vulnerabilities, ARVO appllied 12/32 reversed patch.
[+] Pname: mupdf Commit: 43d80b0275e1a6e498072e5f88b0faf98310c051 Total: 19, Dedup: 10
[*] 				 b'SUMMARY: MemorySanitizer: SEGV (/lib/x86_64-linux-gnu/libc.so.6+0x14dc3a) \n'
[*] 				 b'SEGV /src/mupdf/source/fitz/draw-affine.c'
[*] 				 b'use-of-uninitialized-value /src/mupdf/thirdparty/freetype/src/sfnt/sfobjs.c'
[*] 				 b'use-of-uninitialized-value /src/llvm-project/compiler-rt/lib/msan/../sanitizer_common/sanitizer_common_interceptors.inc'
[*] 				 b'use-of-uninitialized-value /src/mupdf/thirdparty/lcms2/src/cmsintrp.c'
[*] 				 b'use-of-uninitialized-value /src/mupdf/source/pdf/pdf-xref.c'
[*] 				 b'use-of-uninitialized-value /src/mupdf/source/fitz/draw-mesh.c'
[*] 				 No SUMMARY
[*] 				 b'use-of-uninitialized-value /src/mupdf/source/pdf/pdf-lex.c'
[*] 				 b'use-of-uninitialized-value /src/mupdf/source/fitz/hash.c'
[+] Pname: mupdf Commit: 4f9068d0e64a6d262434faff057e69fa4dce8018 Vulnerable to 26 Vulnerabilities, ARVO appllied 9/28 reversed patch.
[+] Pname: mupdf Commit: 4f9068d0e64a6d262434faff057e69fa4dce8018 Total: 14, Dedup: 4
[*] 				 b'heap-buffer-overflow /src/mupdf/source/pdf/pdf-function.c'
[*] 				 b'SEGV /src/mupdf/source/fitz/draw-affine.c'
[*] 				 No SUMMARY
[*] 				 b'heap-buffer-overflow /src/mupdf/source/pdf/pdf-xref.c'
[+] Pname: mupdf Commit: 475129d6b181a9b17ec08bca70a1ac03e42e3b2b Vulnerable to 26 Vulnerabilities, ARVO appllied 9/28 reversed patch.
[+] Pname: mupdf Commit: 475129d6b181a9b17ec08bca70a1ac03e42e3b2b Total: 10, Dedup: 3
[*] 				 b'SEGV /src/mupdf/source/fitz/draw-affine.c'
[*] 				 No SUMMARY
[*] 				 b'heap-buffer-overflow /src/mupdf/source/pdf/pdf-function.c'
[+] Pname: mupdf Commit: 27e2d170cbb5b5f93a619267c97100a1ee0dec73 Vulnerable to 21 Vulnerabilities, ARVO appllied 11/33 reversed patch.
[+] Pname: mupdf Commit: 27e2d170cbb5b5f93a619267c97100a1ee0dec73 Total: 21, Dedup: 12
[*] 				 b'use-of-uninitialized-value /src/mupdf/thirdparty/freetype/src/sfnt/sfobjs.c'
[*] 				 b'SUMMARY: MemorySanitizer: SEGV (/lib/x86_64-linux-gnu/libc.so.6+0xbbc2c) \n'
[*] 				 b'use-of-uninitialized-value /src/mupdf/include/mupdf/fitz/geometry.h'
[*] 				 b'use-of-uninitialized-value /src/llvm-project/compiler-rt/lib/msan/../sanitizer_common/sanitizer_common_interceptors.inc'
[*] 				 b'use-of-uninitialized-value /src/mupdf/thirdparty/lcms2/src/cmsintrp.c'
[*] 				 b'use-of-uninitialized-value /src/mupdf/source/pdf/pdf-xref.c'
[*] 				 b'use-of-uninitialized-value /src/mupdf/source/fitz/draw-mesh.c'
[*] 				 b'use-of-uninitialized-value /src/mupdf/include/mupdf/fitz/context.h'
[*] 				 b'use-of-uninitialized-value /src/mupdf/source/pdf/pdf-lex.c'
[*] 				 No SUMMARY
[*] 				 b'use-of-uninitialized-value /src/mupdf/source/fitz/hash.c'
[*] 				 b'use-of-uninitialized-value /src/mupdf/source/fitz/draw-paint.c'
[+] Pname: mupdf Commit: 51a32b68d1b2efd0e7cecd2217f8e6144dffb174 Vulnerable to 20 Vulnerabilities, ARVO appllied 12/34 reversed patch.
[+] Pname: mupdf Commit: 51a32b68d1b2efd0e7cecd2217f8e6144dffb174 Total: 21, Dedup: 12
[*] 				 b'use-of-uninitialized-value /src/mupdf/thirdparty/freetype/src/sfnt/sfobjs.c'
[*] 				 b'use-of-uninitialized-value /src/mupdf/include/mupdf/fitz/geometry.h'
[*] 				 b'SUMMARY: MemorySanitizer: SEGV (/lib/x86_64-linux-gnu/libc.so.6+0xbbc2c) \n'
[*] 				 b'use-of-uninitialized-value /src/llvm-project/compiler-rt/lib/msan/../sanitizer_common/sanitizer_common_interceptors.inc'
[*] 				 b'use-of-uninitialized-value /src/mupdf/source/fitz/hash.c'
[*] 				 b'use-of-uninitialized-value /src/mupdf/source/pdf/pdf-xref.c'
[*] 				 b'use-of-uninitialized-value /src/mupdf/source/fitz/draw-mesh.c'
[*] 				 b'use-of-uninitialized-value /src/mupdf/include/mupdf/fitz/context.h'
[*] 				 No SUMMARY
[*] 				 b'use-of-uninitialized-value /src/mupdf/source/pdf/pdf-lex.c'
[*] 				 b'use-of-uninitialized-value /src/mupdf/thirdparty/lcms2/src/cmsintrp.c'
[*] 				 b'use-of-uninitialized-value /src/mupdf/source/fitz/draw-paint.c'
[+] Pname: mupdf Commit: 8ed7c72d86152c60c73fb84f65640c9452cb5f12 Vulnerable to 8 Vulnerabilities, ARVO appllied 17/46 reversed patch.
[+] Pname: mupdf Commit: 8ed7c72d86152c60c73fb84f65640c9452cb5f12 Total: 12, Dedup: 8
[*] 				 b'heap-buffer-overflow /src/mupdf/source/fitz/load-bmp.c'
[*] 				 b'heap-use-after-free /src/mupdf/include/mupdf/fitz/context.h'
[*] 				 b'SEGV (/lib/x86_64-linux-gnu/libc.so.6+0xbbcd2) (BuildId'
[*] 				 b'negative-size-param /src/llvm-project/compiler-rt/lib/asan/asan_interceptors_memintrinsics.cpp'
[*] 				 No SUMMARY
[*] 				 b'heap-buffer-overflow /src/mupdf/source/pdf/pdf-function.c'
[*] 				 b'ABRT (/lib/x86_64-linux-gnu/libc.so.6+0x4300b) (BuildId'
[*] 				 b'stack-buffer-underflow /src/mupdf/source/fitz/load-bmp.c'
[+] Pname: mupdf Commit: 67d1055a074c5c06155405c49309d300b8c485a2 Vulnerable to 7 Vulnerabilities, ARVO appllied 17/47 reversed patch.
[+] Pname: mupdf Commit: 67d1055a074c5c06155405c49309d300b8c485a2 Total: 11, Dedup: 7
[*] 				 b'heap-buffer-overflow /src/mupdf/source/fitz/load-bmp.c'
[*] 				 b'heap-use-after-free /src/mupdf/include/mupdf/fitz/context.h'
[*] 				 b'negative-size-param /src/llvm-project/compiler-rt/lib/asan/asan_interceptors_memintrinsics.cpp'
[*] 				 No SUMMARY
[*] 				 b'heap-buffer-overflow /src/mupdf/source/pdf/pdf-function.c'
[*] 				 b'ABRT (/lib/x86_64-linux-gnu/libc.so.6+0x4300b) (BuildId'
[*] 				 b'stack-buffer-underflow /src/mupdf/source/fitz/load-bmp.c'
[+] Pname: mupdf Commit: 296801871655f0053eb3d5700ed828fbd3b8675f Vulnerable to 17 Vulnerabilities, ARVO appllied 12/37 reversed patch.
[+] Pname: mupdf Commit: 296801871655f0053eb3d5700ed828fbd3b8675f Total: 24, Dedup: 14
[*] 				 b'use-of-uninitialized-value /src/mupdf/source/fitz/load-bmp.c'
[*] 				 b'use-of-uninitialized-value /src/mupdf/thirdparty/freetype/src/sfnt/sfobjs.c'
[*] 				 b'use-of-uninitialized-value /src/mupdf/include/mupdf/fitz/geometry.h'
[*] 				 b'use-of-uninitialized-value /src/llvm-project/compiler-rt/lib/msan/../sanitizer_common/sanitizer_common_interceptors.inc'
[*] 				 b'use-of-uninitialized-value /src/mupdf/source/fitz/hash.c'
[*] 				 b'use-of-uninitialized-value /src/mupdf/source/fitz/draw-mesh.c'
[*] 				 b'use-of-uninitialized-value /src/mupdf/source/pdf/pdf-xref.c'
[*] 				 b'SEGV (/lib/x86_64-linux-gnu/libc.so.6+0xbbc0c) (BuildId'
[*] 				 b'use-of-uninitialized-value /src/mupdf/thirdparty/zlib/inflate.c'
[*] 				 b'use-of-uninitialized-value /src/mupdf/include/mupdf/fitz/context.h'
[*] 				 b'SEGV (/lib/x86_64-linux-gnu/libc.so.6+0xbbcd2) (BuildId'
[*] 				 No SUMMARY
[*] 				 b'use-of-uninitialized-value /src/mupdf/source/pdf/pdf-lex.c'
[*] 				 b'use-of-uninitialized-value /src/mupdf/thirdparty/lcms2/src/cmsintrp.c'
[+] Pname: mupdf Commit: 8549646afa47f6d8fda671e91eef4c3eaf93e48d Vulnerable to 10 Vulnerabilities, ARVO appllied 15/44 reversed patch.
[+] Pname: mupdf Commit: 8549646afa47f6d8fda671e91eef4c3eaf93e48d Total: 20, Dedup: 14
[*] 				 b'use-of-uninitialized-value /src/mupdf/thirdparty/freetype/src/sfnt/sfobjs.c'
[*] 				 b'use-of-uninitialized-value /src/mupdf/include/mupdf/fitz/geometry.h'
[*] 				 b'SUMMARY: libFuzzer: deadly signal\n'
[*] 				 b'use-of-uninitialized-value /src/mupdf/thirdparty/lcms2/src/cmsintrp.c'
[*] 				 b'use-of-uninitialized-value /src/mupdf/source/pdf/pdf-xref.c'
[*] 				 b'use-of-uninitialized-value /src/mupdf/source/fitz/draw-mesh.c'
[*] 				 b'SEGV (/lib/x86_64-linux-gnu/libc.so.6+0xbbcd2) (BuildId'
[*] 				 b'use-of-uninitialized-value /src/mupdf/thirdparty/zlib/inflate.c'
[*] 				 b'use-of-uninitialized-value /src/mupdf/include/mupdf/fitz/context.h'
[*] 				 b'SEGV (/lib/x86_64-linux-gnu/libc.so.6+0xbbc0c) (BuildId'
[*] 				 b'use-of-uninitialized-value /src/mupdf/source/pdf/pdf-lex.c'
[*] 				 No SUMMARY
[*] 				 b'use-of-uninitialized-value /src/mupdf/source/fitz/printf.c'
[*] 				 b'use-of-uninitialized-value /src/mupdf/source/fitz/hash.c'
[+] Pname: mupdf Commit: a0009cc0e3e2c295feaab4c6c61d65b7773a1266 Vulnerable to 10 Vulnerabilities, ARVO appllied 15/44 reversed patch.
[+] Pname: mupdf Commit: a0009cc0e3e2c295feaab4c6c61d65b7773a1266 Total: 19, Dedup: 14
[*] 				 b'use-of-uninitialized-value /src/mupdf/thirdparty/freetype/src/sfnt/sfobjs.c'
[*] 				 b'use-of-uninitialized-value /src/mupdf/include/mupdf/fitz/geometry.h'
[*] 				 b'SUMMARY: libFuzzer: deadly signal\n'
[*] 				 b'use-of-uninitialized-value /src/mupdf/thirdparty/lcms2/src/cmsintrp.c'
[*] 				 b'use-of-uninitialized-value /src/mupdf/source/pdf/pdf-xref.c'
[*] 				 b'use-of-uninitialized-value /src/mupdf/source/fitz/draw-mesh.c'
[*] 				 b'use-of-uninitialized-value /src/mupdf/thirdparty/zlib/inflate.c'
[*] 				 b'SEGV (/lib/x86_64-linux-gnu/libc.so.6+0xbbc0c) (BuildId'
[*] 				 b'SEGV (/lib/x86_64-linux-gnu/libc.so.6+0xbbcd2) (BuildId'
[*] 				 b'use-of-uninitialized-value /src/mupdf/include/mupdf/fitz/context.h'
[*] 				 No SUMMARY
[*] 				 b'use-of-uninitialized-value /src/mupdf/source/pdf/pdf-lex.c'
[*] 				 b'use-of-uninitialized-value /src/mupdf/source/fitz/printf.c'
[*] 				 b'use-of-uninitialized-value /src/mupdf/source/fitz/hash.c'
[+] Pname: mupdf Commit: 3f3de914a38ef440cf99c4b0c6f0f043c5fdffbe Vulnerable to 14 Vulnerabilities, ARVO appllied 14/40 reversed patch.
[+] Pname: mupdf Commit: 3f3de914a38ef440cf99c4b0c6f0f043c5fdffbe Total: 23, Dedup: 15
[*] 				 b'use-of-uninitialized-value /src/mupdf/thirdparty/freetype/src/sfnt/sfobjs.c'
[*] 				 b'use-of-uninitialized-value /src/mupdf/include/mupdf/fitz/geometry.h'
[*] 				 b'use-of-uninitialized-value /src/llvm-project/compiler-rt/lib/msan/../sanitizer_common/sanitizer_common_interceptors.inc'
[*] 				 b'use-of-uninitialized-value /src/mupdf/thirdparty/lcms2/src/cmsintrp.c'
[*] 				 b'use-of-uninitialized-value /src/mupdf/source/pdf/pdf-xref.c'
[*] 				 b'use-of-uninitialized-value /src/mupdf/source/fitz/draw-mesh.c'
[*] 				 b'SEGV (/lib/x86_64-linux-gnu/libc.so.6+0xbbc0c) (BuildId'
[*] 				 b'SEGV (/lib/x86_64-linux-gnu/libc.so.6+0xbbcd2) (BuildId'
[*] 				 b'use-of-uninitialized-value /src/mupdf/include/mupdf/fitz/context.h'
[*] 				 b'use-of-uninitialized-value /src/mupdf/thirdparty/zlib/inflate.c'
[*] 				 b'SUMMARY: libFuzzer: deadly signal\n'
[*] 				 b'use-of-uninitialized-value /src/mupdf/source/pdf/pdf-lex.c'
[*] 				 No SUMMARY
[*] 				 b'use-of-uninitialized-value /src/mupdf/source/fitz/printf.c'
[*] 				 b'use-of-uninitialized-value /src/mupdf/source/fitz/hash.c'
[+] Pname: mupdf Commit: b562598570209fd7ab059410961d6b2ac429ad60 Vulnerable to 11 Vulnerabilities, ARVO appllied 15/43 reversed patch.
[+] Pname: mupdf Commit: b562598570209fd7ab059410961d6b2ac429ad60 Total: 22, Dedup: 14
[*] 				 b'use-of-uninitialized-value /src/mupdf/thirdparty/freetype/src/sfnt/sfobjs.c'
[*] 				 b'use-of-uninitialized-value /src/mupdf/include/mupdf/fitz/geometry.h'
[*] 				 b'use-of-uninitialized-value /src/llvm-project/compiler-rt/lib/msan/../sanitizer_common/sanitizer_common_interceptors.inc'
[*] 				 b'use-of-uninitialized-value /src/mupdf/source/fitz/hash.c'
[*] 				 b'use-of-uninitialized-value /src/mupdf/source/pdf/pdf-xref.c'
[*] 				 b'use-of-uninitialized-value /src/mupdf/source/fitz/draw-mesh.c'
[*] 				 b'SEGV (/lib/x86_64-linux-gnu/libc.so.6+0xbbc0c) (BuildId'
[*] 				 b'SEGV (/lib/x86_64-linux-gnu/libc.so.6+0xbbcd2) (BuildId'
[*] 				 b'use-of-uninitialized-value /src/mupdf/thirdparty/zlib/inflate.c'
[*] 				 b'use-of-uninitialized-value /src/mupdf/include/mupdf/fitz/context.h'
[*] 				 No SUMMARY
[*] 				 b'use-of-uninitialized-value /src/mupdf/source/pdf/pdf-lex.c'
[*] 				 b'use-of-uninitialized-value /src/mupdf/source/fitz/printf.c'
[*] 				 b'use-of-uninitialized-value /src/mupdf/thirdparty/lcms2/src/cmsintrp.c'
[+] Pname: mupdf Commit: 8ad9e2393c695e8d8b850a2b735b4a6d02e05a26 Vulnerable to 14 Vulnerabilities, ARVO appllied 15/40 reversed patch.
[+] Pname: mupdf Commit: 8ad9e2393c695e8d8b850a2b735b4a6d02e05a26 Total: 14, Dedup: 9
[*] 				 b'heap-buffer-overflow /src/mupdf/source/fitz/load-bmp.c'
[*] 				 b'heap-use-after-free /src/mupdf/include/mupdf/fitz/context.h'
[*] 				 b'heap-buffer-overflow /src/mupdf/source/fitz/draw-scale-simple.c'
[*] 				 b'SEGV (/lib/x86_64-linux-gnu/libc.so.6+0xbbcd2) (BuildId'
[*] 				 b'negative-size-param /src/llvm-project/compiler-rt/lib/asan/asan_interceptors_memintrinsics.cpp'
[*] 				 No SUMMARY
[*] 				 b'heap-buffer-overflow /src/mupdf/source/pdf/pdf-function.c'
[*] 				 b'stack-buffer-overflow /src/mupdf/source/pdf/pdf-cmap.c'
[*] 				 b'stack-buffer-underflow /src/mupdf/source/fitz/load-bmp.c'
[+] Pname: mupdf Commit: 9a35f1652ed34ea6aaa7daef36de219b1ed8a3ce Vulnerable to 13 Vulnerabilities, ARVO appllied 15/41 reversed patch.
[+] Pname: mupdf Commit: 9a35f1652ed34ea6aaa7daef36de219b1ed8a3ce Total: 12, Dedup: 8
[*] 				 b'heap-buffer-overflow /src/mupdf/source/fitz/load-bmp.c'
[*] 				 b'heap-use-after-free /src/mupdf/include/mupdf/fitz/context.h'
[*] 				 b'SEGV (/lib/x86_64-linux-gnu/libc.so.6+0xbbcd2) (BuildId'
[*] 				 b'negative-size-param /src/llvm-project/compiler-rt/lib/asan/asan_interceptors_memintrinsics.cpp'
[*] 				 No SUMMARY
[*] 				 b'stack-buffer-overflow /src/mupdf/source/pdf/pdf-cmap.c'
[*] 				 b'heap-buffer-overflow /src/mupdf/source/pdf/pdf-function.c'
[*] 				 b'stack-buffer-underflow /src/mupdf/source/fitz/load-bmp.c'
[+] Pname: mupdf Commit: 1402b6b99aab6aeeddaf04c84bf411d3be6d8f1c Vulnerable to 14 Vulnerabilities, ARVO appllied 15/40 reversed patch.
[+] Pname: mupdf Commit: 1402b6b99aab6aeeddaf04c84bf411d3be6d8f1c Total: 13, Dedup: 8
[*] 				 b'heap-buffer-overflow /src/mupdf/source/fitz/load-bmp.c'
[*] 				 b'heap-use-after-free /src/mupdf/include/mupdf/fitz/context.h'
[*] 				 b'SEGV (/lib/x86_64-linux-gnu/libc.so.6+0xbbcd2) (BuildId'
[*] 				 b'negative-size-param /src/llvm-project/compiler-rt/lib/asan/asan_interceptors_memintrinsics.cpp'
[*] 				 No SUMMARY
[*] 				 b'stack-buffer-overflow /src/mupdf/source/pdf/pdf-cmap.c'
[*] 				 b'heap-buffer-overflow /src/mupdf/source/pdf/pdf-function.c'
[*] 				 b'stack-buffer-underflow /src/mupdf/source/fitz/load-bmp.c'
[+] Pname: mupdf Commit: ab9112d95d2af2ca5d9d48ee9d248fbd813c9c2f Vulnerable to 16 Vulnerabilities, ARVO appllied 13/38 reversed patch.
[+] Pname: mupdf Commit: ab9112d95d2af2ca5d9d48ee9d248fbd813c9c2f Total: 12, Dedup: 7
[*] 				 b'heap-use-after-free /src/mupdf/include/mupdf/fitz/context.h'
[*] 				 b'SEGV (/lib/x86_64-linux-gnu/libc.so.6+0xbbcd2) (BuildId'
[*] 				 b'negative-size-param /src/llvm-project/compiler-rt/lib/asan/asan_interceptors_memintrinsics.cpp'
[*] 				 No SUMMARY
[*] 				 b'stack-buffer-overflow /src/mupdf/source/pdf/pdf-cmap.c'
[*] 				 b'heap-buffer-overflow /src/mupdf/source/pdf/pdf-function.c'
[*] 				 b'stack-buffer-underflow /src/mupdf/source/fitz/load-bmp.c'
[+] Pname: mupdf Commit: 5d12b0e0ce722ec950bc90ad82cfe5bb2ce6c2f8 Vulnerable to 17 Vulnerabilities, ARVO appllied 13/37 reversed patch.
[+] Pname: mupdf Commit: 5d12b0e0ce722ec950bc90ad82cfe5bb2ce6c2f8 Total: 11, Dedup: 6
[*] 				 b'heap-use-after-free /src/mupdf/include/mupdf/fitz/context.h'
[*] 				 b'SEGV /src/mupdf/include/mupdf/fitz/context.h'
[*] 				 b'negative-size-param /src/llvm-project/compiler-rt/lib/asan/asan_interceptors_memintrinsics.cpp'
[*] 				 No SUMMARY
[*] 				 b'heap-buffer-overflow /src/mupdf/source/pdf/pdf-function.c'
[*] 				 b'stack-buffer-overflow /src/mupdf/source/pdf/pdf-cmap.c'
[+] Pname: mupdf Commit: 9923ac4d5c5aa38b269e0fc62d75ddfe1e6016d3 Vulnerable to 18 Vulnerabilities, ARVO appllied 14/36 reversed patch.
[+] Pname: mupdf Commit: 9923ac4d5c5aa38b269e0fc62d75ddfe1e6016d3 Total: 24, Dedup: 13
[*] 				 b'use-of-uninitialized-value /src/mupdf/thirdparty/freetype/src/sfnt/sfobjs.c'
[*] 				 b'use-of-uninitialized-value /src/mupdf/include/mupdf/fitz/geometry.h'
[*] 				 b'use-of-uninitialized-value /src/llvm-project/compiler-rt/lib/msan/../sanitizer_common/sanitizer_common_interceptors.inc'
[*] 				 b'use-of-uninitialized-value /src/mupdf/source/fitz/hash.c'
[*] 				 b'use-of-uninitialized-value /src/mupdf/source/pdf/pdf-xref.c'
[*] 				 b'use-of-uninitialized-value /src/mupdf/source/fitz/draw-mesh.c'
[*] 				 b'SEGV (/lib/x86_64-linux-gnu/libc.so.6+0xbbc0c) (BuildId'
[*] 				 b'use-of-uninitialized-value /src/mupdf/include/mupdf/fitz/context.h'
[*] 				 b'use-of-uninitialized-value /src/mupdf/source/pdf/pdf-lex.c'
[*] 				 No SUMMARY
[*] 				 b'use-of-uninitialized-value /src/mupdf/thirdparty/lcms2/src/cmsintrp.c'
[*] 				 b'use-of-uninitialized-value /src/mupdf/source/pdf/pdf-page.c'
[*] 				 b'use-of-uninitialized-value /src/mupdf/source/fitz/draw-paint.c'
[+] Pname: mupdf Commit: ff99c58133f574b01139a92a308a596452c9d520 Vulnerable to 17 Vulnerabilities, ARVO appllied 14/37 reversed patch.
[+] Pname: mupdf Commit: ff99c58133f574b01139a92a308a596452c9d520 Total: 23, Dedup: 12
[*] 				 b'use-of-uninitialized-value /src/mupdf/thirdparty/freetype/src/sfnt/sfobjs.c'
[*] 				 b'use-of-uninitialized-value /src/mupdf/include/mupdf/fitz/geometry.h'
[*] 				 b'use-of-uninitialized-value /src/llvm-project/compiler-rt/lib/msan/../sanitizer_common/sanitizer_common_interceptors.inc'
[*] 				 b'use-of-uninitialized-value /src/mupdf/thirdparty/lcms2/src/cmsintrp.c'
[*] 				 b'use-of-uninitialized-value /src/mupdf/source/pdf/pdf-xref.c'
[*] 				 b'use-of-uninitialized-value /src/mupdf/source/fitz/draw-mesh.c'
[*] 				 b'SEGV (/lib/x86_64-linux-gnu/libc.so.6+0xbbc0c) (BuildId'
[*] 				 b'use-of-uninitialized-value /src/mupdf/include/mupdf/fitz/context.h'
[*] 				 No SUMMARY
[*] 				 b'use-of-uninitialized-value /src/mupdf/source/pdf/pdf-lex.c'
[*] 				 b'use-of-uninitialized-value /src/mupdf/source/fitz/hash.c'
[*] 				 b'use-of-uninitialized-value /src/mupdf/source/fitz/draw-paint.c'
[+] Pname: mupdf Commit: a0242b452f1bad75467744dd8ffea1a3f69cabc6 Vulnerable to 19 Vulnerabilities, ARVO appllied 13/35 reversed patch.
[+] Pname: mupdf Commit: a0242b452f1bad75467744dd8ffea1a3f69cabc6 Total: 14, Dedup: 8
[*] 				 b'heap-use-after-free /src/mupdf/include/mupdf/fitz/context.h'
[*] 				 b'SEGV /src/mupdf/include/mupdf/fitz/context.h'
[*] 				 b'negative-size-param /src/llvm-project/compiler-rt/lib/asan/asan_interceptors_memintrinsics.cpp'
[*] 				 b'heap-use-after-free /src/mupdf/source/fitz/draw-paint.c'
[*] 				 b'heap-use-after-free /src/mupdf/source/fitz/draw-device.c'
[*] 				 No SUMMARY
[*] 				 b'stack-buffer-overflow /src/mupdf/source/pdf/pdf-cmap.c'
[*] 				 b'heap-buffer-overflow /src/mupdf/source/pdf/pdf-function.c'
[+] Pname: mupdf Commit: 4ea8f996e4be0e1eb05c9559da3409d6a32277a8 Vulnerable to 18 Vulnerabilities, ARVO appllied 14/36 reversed patch.
[+] Pname: mupdf Commit: 4ea8f996e4be0e1eb05c9559da3409d6a32277a8 Total: 14, Dedup: 8
[*] 				 b'heap-use-after-free /src/mupdf/include/mupdf/fitz/context.h'
[*] 				 b'SEGV /src/mupdf/include/mupdf/fitz/context.h'
[*] 				 b'negative-size-param /src/llvm-project/compiler-rt/lib/asan/asan_interceptors_memintrinsics.cpp'
[*] 				 b'heap-use-after-free /src/mupdf/source/fitz/draw-paint.c'
[*] 				 b'heap-use-after-free /src/mupdf/source/fitz/draw-device.c'
[*] 				 No SUMMARY
[*] 				 b'stack-buffer-overflow /src/mupdf/source/pdf/pdf-cmap.c'
[*] 				 b'heap-buffer-overflow /src/mupdf/source/pdf/pdf-function.c'
[+] Pname: mupdf Commit: 360a6e0772e48272a738a9d825ba554387892ff7 Vulnerable to 20 Vulnerabilities, ARVO appllied 12/34 reversed patch.
[+] Pname: mupdf Commit: 360a6e0772e48272a738a9d825ba554387892ff7 Total: 13, Dedup: 7
[*] 				 b'heap-use-after-free /src/mupdf/include/mupdf/fitz/context.h'
[*] 				 b'negative-size-param /src/llvm-project/compiler-rt/lib/asan/asan_interceptors_memintrinsics.cpp'
[*] 				 b'heap-use-after-free /src/mupdf/source/fitz/draw-paint.c'
[*] 				 b'heap-use-after-free /src/mupdf/source/fitz/draw-device.c'
[*] 				 No SUMMARY
[*] 				 b'heap-buffer-overflow /src/mupdf/source/pdf/pdf-function.c'
[*] 				 b'stack-buffer-overflow /src/mupdf/source/pdf/pdf-cmap.c'
[+] Pname: mupdf Commit: ab80fcab1c51d185b1ed3f362fab576136bd7a25 Vulnerable to 20 Vulnerabilities, ARVO appllied 12/34 reversed patch.
[+] Pname: mupdf Commit: ab80fcab1c51d185b1ed3f362fab576136bd7a25 Total: 11, Dedup: 6
[*] 				 b'heap-use-after-free /src/mupdf/include/mupdf/fitz/context.h'
[*] 				 b'negative-size-param /src/llvm-project/compiler-rt/lib/asan/asan_interceptors_memintrinsics.cpp'
[*] 				 b'heap-use-after-free /src/mupdf/source/fitz/draw-paint.c'
[*] 				 b'heap-use-after-free /src/mupdf/source/fitz/draw-device.c'
[*] 				 No SUMMARY
[*] 				 b'heap-buffer-overflow /src/mupdf/source/pdf/pdf-function.c'
[+] Pname: mupdf Commit: 1f5baed9400268c62483cac15c85b4292f0d7be9 Vulnerable to 3 Vulnerabilities, ARVO appllied 11/51 reversed patch.
[+] Pname: mupdf Commit: 1f5baed9400268c62483cac15c85b4292f0d7be9 Total: 18, Dedup: 10
[*] 				 b'use-of-uninitialized-value /src/mupdf/include/mupdf/fitz/geometry.h'
[*] 				 b'use-of-uninitialized-value /src/mupdf/source/pdf/pdf-op-run.c'
[*] 				 b'SUMMARY: libFuzzer: deadly signal\n'
[*] 				 b'use-of-uninitialized-value /src/mupdf/source/fitz/draw-mesh.c'
[*] 				 b'SEGV (/lib/x86_64-linux-gnu/libc.so.6+0xbbc0c) (BuildId'
[*] 				 b'use-of-uninitialized-value /src/mupdf/include/mupdf/fitz/context.h'
[*] 				 b'use-of-uninitialized-value /src/mupdf/source/fitz/filter-predict.c'
[*] 				 b'SEGV /src/mupdf/source/pdf/pdf-object.c'
[*] 				 No SUMMARY
[*] 				 b'use-of-uninitialized-value /src/mupdf/thirdparty/openjpeg/src/lib/openjp2/j2k.c'
[+] Pname: mupdf Commit: 8e5603875e9812e62b361637acd1afaa89a7f778 Vulnerable to 3 Vulnerabilities, ARVO appllied 10/51 reversed patch.
[+] Pname: mupdf Commit: 8e5603875e9812e62b361637acd1afaa89a7f778 Total: 15, Dedup: 7
[*] 				 b'use-of-uninitialized-value /src/mupdf/include/mupdf/fitz/geometry.h'
[*] 				 b'SUMMARY: libFuzzer: deadly signal\n'
[*] 				 b'use-of-uninitialized-value /src/mupdf/source/fitz/draw-mesh.c'
[*] 				 b'SEGV (/lib/x86_64-linux-gnu/libc.so.6+0xbbc0c) (BuildId'
[*] 				 b'use-of-uninitialized-value /src/mupdf/include/mupdf/fitz/context.h'
[*] 				 b'use-of-uninitialized-value /src/mupdf/source/fitz/filter-predict.c'
[*] 				 No SUMMARY
[+] Pname: mupdf Commit: 45f670984a63dcb4e8b95b2c4625fe8f81867730 Vulnerable to 6 Vulnerabilities, ARVO appllied 9/48 reversed patch.
[+] Pname: mupdf Commit: 45f670984a63dcb4e8b95b2c4625fe8f81867730 Total: 19, Dedup: 11
[*] 				 b'use-of-uninitialized-value /src/mupdf/include/mupdf/fitz/geometry.h'
[*] 				 b'SUMMARY: libFuzzer: deadly signal\n'
[*] 				 b'use-of-uninitialized-value /src/mupdf/source/fitz/draw-mesh.c'
[*] 				 b'use-of-uninitialized-value /src/mupdf/thirdparty/libjpeg/jerror.c'
[*] 				 b'SEGV (/lib/x86_64-linux-gnu/libc.so.6+0xbbc0c) (BuildId'
[*] 				 b'use-of-uninitialized-value /src/mupdf/include/mupdf/fitz/context.h'
[*] 				 b'use-of-uninitialized-value /src/mupdf/source/fitz/filter-predict.c'
[*] 				 b'SEGV /src/mupdf/source/pdf/pdf-object.c'
[*] 				 No SUMMARY
[*] 				 b'use-of-uninitialized-value /src/mupdf/thirdparty/lcms2/src/cmsintrp.c'
[*] 				 b'use-of-uninitialized-value /src/mupdf/thirdparty/openjpeg/src/lib/openjp2/j2k.c'
[+] Pname: mupdf Commit: 6a41622f726dc5a4edc7cd6f400567a564742f5d Vulnerable to 3 Vulnerabilities, ARVO appllied 11/51 reversed patch.
[+] Pname: mupdf Commit: 6a41622f726dc5a4edc7cd6f400567a564742f5d Total: 17, Dedup: 9
[*] 				 b'use-of-uninitialized-value /src/mupdf/include/mupdf/fitz/geometry.h'
[*] 				 b'use-of-uninitialized-value /src/mupdf/source/pdf/pdf-op-run.c'
[*] 				 b'SUMMARY: libFuzzer: deadly signal\n'
[*] 				 b'use-of-uninitialized-value /src/mupdf/source/fitz/draw-mesh.c'
[*] 				 b'SEGV (/lib/x86_64-linux-gnu/libc.so.6+0xbbc0c) (BuildId'
[*] 				 b'use-of-uninitialized-value /src/mupdf/include/mupdf/fitz/context.h'
[*] 				 b'use-of-uninitialized-value /src/mupdf/source/fitz/filter-predict.c'
[*] 				 b'SEGV /src/mupdf/source/pdf/pdf-object.c'
[*] 				 No SUMMARY
[+] Pname: mupdf Commit: b89b44fef7be50d66373f55318fd80e90e3acf02 Vulnerable to 5 Vulnerabilities, ARVO appllied 10/49 reversed patch.
[+] Pname: mupdf Commit: b89b44fef7be50d66373f55318fd80e90e3acf02 Total: 10, Dedup: 6
[*] 				 b'heap-use-after-free /src/mupdf/include/mupdf/fitz/context.h'
[*] 				 b'negative-size-param /src/llvm-project/compiler-rt/lib/asan/asan_interceptors_memintrinsics.cpp'
[*] 				 b'SEGV /src/mupdf/source/pdf/pdf-object.c'
[*] 				 No SUMMARY
[*] 				 b'heap-buffer-overflow /src/mupdf/source/pdf/pdf-op-run.c'
[*] 				 b'ABRT (/lib/x86_64-linux-gnu/libc.so.6+0x4300b) (BuildId'
[+] Pname: mupdf Commit: 72044938d0755f9f359b586d971650ac539352fe Vulnerable to 4 Vulnerabilities, ARVO appllied 11/50 reversed patch.
[+] Pname: mupdf Commit: 72044938d0755f9f359b586d971650ac539352fe Total: 10, Dedup: 6
[*] 				 b'heap-use-after-free /src/mupdf/include/mupdf/fitz/context.h'
[*] 				 b'negative-size-param /src/llvm-project/compiler-rt/lib/asan/asan_interceptors_memintrinsics.cpp'
[*] 				 b'SEGV /src/mupdf/source/pdf/pdf-object.c'
[*] 				 No SUMMARY
[*] 				 b'heap-buffer-overflow /src/mupdf/source/pdf/pdf-op-run.c'
[*] 				 b'ABRT (/lib/x86_64-linux-gnu/libc.so.6+0x4300b) (BuildId'
[+] Pname: mupdf Commit: b8415aec6a130c09ababed4f4f1ffd102b115c0d Vulnerable to 3 Vulnerabilities, ARVO appllied 12/51 reversed patch.
[+] Pname: mupdf Commit: b8415aec6a130c09ababed4f4f1ffd102b115c0d Total: 16, Dedup: 9
[*] 				 b'use-of-uninitialized-value /src/mupdf/include/mupdf/fitz/geometry.h'
[*] 				 b'SUMMARY: libFuzzer: deadly signal\n'
[*] 				 b'use-of-uninitialized-value /src/mupdf/source/fitz/draw-mesh.c'
[*] 				 b'SEGV (/lib/x86_64-linux-gnu/libc.so.6+0xbbc0c) (BuildId'
[*] 				 b'use-of-uninitialized-value /src/mupdf/include/mupdf/fitz/context.h'
[*] 				 b'use-of-uninitialized-value /src/mupdf/source/fitz/filter-predict.c'
[*] 				 b'SEGV /src/mupdf/source/pdf/pdf-object.c'
[*] 				 No SUMMARY
[*] 				 b'use-of-uninitialized-value /src/mupdf/thirdparty/openjpeg/src/lib/openjp2/j2k.c'
[+] Pname: mupdf Commit: 9b8ea63fb64ebb550ea0fec0c6c60469da9c8d93 Vulnerable to 5 Vulnerabilities, ARVO appllied 10/49 reversed patch.
[+] Pname: mupdf Commit: 9b8ea63fb64ebb550ea0fec0c6c60469da9c8d93 Total: 8, Dedup: 5
[*] 				 b'heap-use-after-free /src/mupdf/include/mupdf/fitz/context.h'
[*] 				 b'negative-size-param /src/llvm-project/compiler-rt/lib/asan/asan_interceptors_memintrinsics.cpp'
[*] 				 b'SEGV /src/mupdf/source/pdf/pdf-object.c'
[*] 				 No SUMMARY
[*] 				 b'ABRT (/lib/x86_64-linux-gnu/libc.so.6+0x4300b) (BuildId'
[+] Pname: mupdf Commit: 75a858476fd994b8803989caea13d8261952902d Vulnerable to 6 Vulnerabilities, ARVO appllied 9/48 reversed patch.
[+] Pname: mupdf Commit: 75a858476fd994b8803989caea13d8261952902d Total: 17, Dedup: 10
[*] 				 b'use-of-uninitialized-value /src/mupdf/include/mupdf/fitz/geometry.h'
[*] 				 b'SUMMARY: libFuzzer: deadly signal\n'
[*] 				 b'use-of-uninitialized-value /src/mupdf/source/fitz/draw-mesh.c'
[*] 				 b'SEGV (/lib/x86_64-linux-gnu/libc.so.6+0xbbc0c) (BuildId'
[*] 				 b'use-of-uninitialized-value /src/mupdf/include/mupdf/fitz/context.h'
[*] 				 b'use-of-uninitialized-value /src/mupdf/source/fitz/filter-predict.c'
[*] 				 b'SEGV /src/mupdf/source/pdf/pdf-object.c'
[*] 				 No SUMMARY
[*] 				 b'use-of-uninitialized-value /src/mupdf/thirdparty/lcms2/src/cmsintrp.c'
[*] 				 b'use-of-uninitialized-value /src/mupdf/thirdparty/openjpeg/src/lib/openjp2/j2k.c'
[+] Pname: mupdf Commit: 6a0b735fbf12fbd1c12b20c777bb55cbcf2205a8 Vulnerable to 2 Vulnerabilities, ARVO appllied 11/52 reversed patch.
[+] Pname: mupdf Commit: 6a0b735fbf12fbd1c12b20c777bb55cbcf2205a8 Total: 11, Dedup: 8
[*] 				 b'negative-size-param /src/mupdf/source/fitz/draw-unpack.c'
[*] 				 b'heap-use-after-free /src/mupdf/source/html/html-parse.c'
[*] 				 b'heap-buffer-overflow /src/mupdf/source/cbz/mucbz.c'
[*] 				 b'heap-use-after-free /src/mupdf/include/mupdf/fitz/context.h'
[*] 				 No SUMMARY
[*] 				 b'heap-buffer-overflow /src/mupdf/source/pdf/pdf-op-run.c'
[*] 				 b'ABRT (/lib/x86_64-linux-gnu/libc.so.6+0x4300b) (BuildId'
[*] 				 b'negative-size-param /src/mupdf/source/fitz/stream-read.c'
[+] Pname: mupdf Commit: 2e315681ce88535b714a679631bd25a4eaa88050 Vulnerable to 1 Vulnerabilities, ARVO appllied 12/53 reversed patch.
[+] Pname: mupdf Commit: 2e315681ce88535b714a679631bd25a4eaa88050 Total: 11, Dedup: 8
[*] 				 b'negative-size-param /src/mupdf/source/fitz/draw-unpack.c'
[*] 				 b'heap-buffer-overflow /src/mupdf/source/cbz/mucbz.c'
[*] 				 b'heap-use-after-free /src/mupdf/source/html/html-parse.c'
[*] 				 b'heap-use-after-free /src/mupdf/include/mupdf/fitz/context.h'
[*] 				 No SUMMARY
[*] 				 b'heap-buffer-overflow /src/mupdf/source/pdf/pdf-op-run.c'
[*] 				 b'ABRT (/lib/x86_64-linux-gnu/libc.so.6+0x4300b) (BuildId'
[*] 				 b'negative-size-param /src/mupdf/source/fitz/stream-read.c'
[+] Pname: mupdf Commit: ad9dae58b4320fae5a94cc80b310cb7a4df15741 Vulnerable to 2 Vulnerabilities, ARVO appllied 11/52 reversed patch.
[+] Pname: mupdf Commit: ad9dae58b4320fae5a94cc80b310cb7a4df15741 Total: 10, Dedup: 7
[*] 				 b'negative-size-param /src/mupdf/source/fitz/draw-unpack.c'
[*] 				 b'heap-buffer-overflow /src/mupdf/source/cbz/mucbz.c'
[*] 				 b'heap-use-after-free /src/mupdf/include/mupdf/fitz/context.h'
[*] 				 No SUMMARY
[*] 				 b'heap-buffer-overflow /src/mupdf/source/pdf/pdf-op-run.c'
[*] 				 b'ABRT (/lib/x86_64-linux-gnu/libc.so.6+0x4300b) (BuildId'
[*] 				 b'negative-size-param /src/mupdf/source/fitz/stream-read.c'
[+] Pname: mupdf Commit: 01de6ee44638abeef08ecfb145fc3a1c960709a0 Vulnerable to 0 Vulnerabilities, ARVO appllied 13/54 reversed patch.
[+] Pname: mupdf Commit: 01de6ee44638abeef08ecfb145fc3a1c960709a0 Total: 11, Dedup: 8
[*] 				 b'negative-size-param /src/mupdf/source/fitz/draw-unpack.c'
[*] 				 b'heap-use-after-free /src/mupdf/source/html/html-parse.c'
[*] 				 b'heap-buffer-overflow /src/mupdf/source/cbz/mucbz.c'
[*] 				 b'heap-use-after-free /src/mupdf/include/mupdf/fitz/context.h'
[*] 				 No SUMMARY
[*] 				 b'heap-buffer-overflow /src/mupdf/source/pdf/pdf-op-run.c'
[*] 				 b'ABRT (/lib/x86_64-linux-gnu/libc.so.6+0x4300b) (BuildId'
[*] 				 b'negative-size-param /src/mupdf/source/fitz/stream-read.c'
/home/n132/ARVO/arvo/Log/AIO/mupdf
