[+] Project: opensc
Append 88 commits to the queue
[+] Pname: opensc Commit: ee78b0b80514460936c585c3ff5fc477338ae371 Vulnerable to 83 Vulnerabilities, ARVO appllied 8/11 reversed patch.
[+] Pname: opensc Commit: ee78b0b80514460936c585c3ff5fc477338ae371 Total: 7, Dedup: 4
[*] 				 b'heap-buffer-overflow /src/opensc/src/libopensc/pkcs15-pin.c'
[*] 				 b'heap-buffer-overflow /src/opensc/src/libopensc/sc.c'
[*] 				 b'heap-buffer-overflow /src/opensc/src/libopensc/card-setcos.c'
[*] 				 b'stack-buffer-overflow /src/opensc/src/libopensc/card-openpgp.c'
[+] Pname: opensc Commit: 333c41c5d51450177553b8fd8cb2d710a7f7dec5 Vulnerable to 82 Vulnerabilities, ARVO appllied 9/12 reversed patch.
[+] Pname: opensc Commit: 333c41c5d51450177553b8fd8cb2d710a7f7dec5 Total: 6, Dedup: 3
[*] 				 b'heap-buffer-overflow /src/opensc/src/libopensc/pkcs15-pin.c'
[*] 				 b'heap-buffer-overflow /src/opensc/src/libopensc/card-setcos.c'
[*] 				 b'heap-buffer-overflow /src/opensc/src/libopensc/sc.c'
[+] Pname: opensc Commit: 4c67bbf3838aba9cf7e00697403d7b860bbae30b Vulnerable to 85 Vulnerabilities, ARVO appllied 6/9 reversed patch.
[+] Pname: opensc Commit: 4c67bbf3838aba9cf7e00697403d7b860bbae30b Total: 5, Dedup: 4
[*] 				 b'heap-buffer-overflow /src/opensc/src/libopensc/pkcs15-pin.c'
[*] 				 b'stack-buffer-overflow /src/opensc/src/libopensc/card-openpgp.c'
[*] 				 b'heap-buffer-overflow /src/opensc/src/libopensc/card-setcos.c'
[*] 				 b'heap-buffer-overflow /src/opensc/src/libopensc/sc.c'
[+] Pname: opensc Commit: a581cbfc2dd0ba25f37b95e8b65d6d2270264c80 Vulnerable to 85 Vulnerabilities, ARVO appllied 6/9 reversed patch.
[+] Pname: opensc Commit: a581cbfc2dd0ba25f37b95e8b65d6d2270264c80 Total: 7, Dedup: 4
[*] 				 b'heap-buffer-overflow /src/opensc/src/libopensc/sc.c'
[*] 				 b'heap-buffer-overflow /src/opensc/src/libopensc/pkcs15-pin.c'
[*] 				 b'heap-buffer-overflow /src/opensc/src/libopensc/card-setcos.c'
[*] 				 b'stack-buffer-overflow /src/opensc/src/libopensc/card-openpgp.c'
[+] Pname: opensc Commit: 8fea658fe9b5bdf51de7e321a1a549056ba4b150 Vulnerable to 91 Vulnerabilities, ARVO appllied 2/3 reversed patch.
[+] Pname: opensc Commit: 8fea658fe9b5bdf51de7e321a1a549056ba4b150 Total: 20, Dedup: 8
[*] 				 b'double-free /src/llvm/projects/compiler-rt/lib/asan/asan_malloc_linux.cpp'
[*] 				 b'stack-buffer-overflow /src/opensc/src/libopensc/card-openpgp.c'
[*] 				 b'heap-buffer-overflow /src/opensc/src/libopensc/card-coolkey.c'
[*] 				 b'heap-buffer-overflow /src/llvm/projects/compiler-rt/lib/asan/asan_interceptors_memintrinsics.cpp'
[*] 				 b'heap-buffer-overflow /src/opensc/src/libopensc/sc.c'
[*] 				 b'heap-buffer-overflow /src/opensc/src/libopensc/pkcs15-pin.c'
[*] 				 b'stack-buffer-overflow /src/llvm/projects/compiler-rt/lib/asan/asan_interceptors_memintrinsics.cpp'
[*] 				 b'heap-buffer-overflow /src/opensc/src/libopensc/card-setcos.c'
[+] Pname: opensc Commit: 2d02de4233a70fdad4cbf0862c83f03d9ba85d78 Vulnerable to 88 Vulnerabilities, ARVO appllied 5/6 reversed patch.
[+] Pname: opensc Commit: 2d02de4233a70fdad4cbf0862c83f03d9ba85d78 Total: 15, Dedup: 8
[*] 				 b'double-free /src/llvm/projects/compiler-rt/lib/asan/asan_malloc_linux.cpp'
[*] 				 b'stack-buffer-overflow /src/opensc/src/libopensc/card-openpgp.c'
[*] 				 b'heap-buffer-overflow /src/opensc/src/libopensc/card-coolkey.c'
[*] 				 b'heap-buffer-overflow /src/llvm/projects/compiler-rt/lib/asan/asan_interceptors_memintrinsics.cpp'
[*] 				 b'heap-buffer-overflow /src/opensc/src/libopensc/sc.c'
[*] 				 b'heap-buffer-overflow /src/opensc/src/libopensc/pkcs15-pin.c'
[*] 				 b'stack-buffer-overflow /src/llvm/projects/compiler-rt/lib/asan/asan_interceptors_memintrinsics.cpp'
[*] 				 b'heap-buffer-overflow /src/opensc/src/libopensc/card-setcos.c'
[+] Pname: opensc Commit: b79db82ae7b65b0847ea8fb286d203fae0a0ceb5 Vulnerable to 89 Vulnerabilities, ARVO appllied 4/5 reversed patch.
[+] Pname: opensc Commit: b79db82ae7b65b0847ea8fb286d203fae0a0ceb5 Total: 20, Dedup: 8
[*] 				 b'double-free /src/llvm/projects/compiler-rt/lib/asan/asan_malloc_linux.cpp'
[*] 				 b'stack-buffer-overflow /src/opensc/src/libopensc/card-openpgp.c'
[*] 				 b'heap-buffer-overflow /src/opensc/src/libopensc/card-coolkey.c'
[*] 				 b'heap-buffer-overflow /src/llvm/projects/compiler-rt/lib/asan/asan_interceptors_memintrinsics.cpp'
[*] 				 b'heap-buffer-overflow /src/opensc/src/libopensc/sc.c'
[*] 				 b'heap-buffer-overflow /src/opensc/src/libopensc/pkcs15-pin.c'
[*] 				 b'stack-buffer-overflow /src/llvm/projects/compiler-rt/lib/asan/asan_interceptors_memintrinsics.cpp'
[*] 				 b'heap-buffer-overflow /src/opensc/src/libopensc/card-setcos.c'
[+] Pname: opensc Commit: 5557f34f5ef86cbf2d2de0ff39b591d4c836defb Vulnerable to 89 Vulnerabilities, ARVO appllied 4/5 reversed patch.
[+] Pname: opensc Commit: 5557f34f5ef86cbf2d2de0ff39b591d4c836defb Total: 2, Dedup: 1
[*] 				 b'heap-use-after-free /src/opensc/src/libopensc/pkcs15.c'
[+] Pname: opensc Commit: 61cd7fcdb2fdc9214b431abb631b202314dcc32f Vulnerable to 92 Vulnerabilities, ARVO appllied 2/2 reversed patch.
[+] Pname: opensc Commit: 61cd7fcdb2fdc9214b431abb631b202314dcc32f Total: 10, Dedup: 7
[*] 				 b'heap-buffer-overflow /src/opensc/src/libopensc/card-coolkey.c'
[*] 				 b'heap-buffer-overflow /src/llvm/projects/compiler-rt/lib/asan/asan_interceptors_memintrinsics.cpp'
[*] 				 b'heap-buffer-overflow /src/opensc/src/libopensc/sc.c'
[*] 				 b'stack-buffer-overflow /src/llvm/projects/compiler-rt/lib/asan/asan_interceptors_memintrinsics.cpp'
[*] 				 b'heap-buffer-overflow /src/opensc/src/libopensc/pkcs15-pin.c'
[*] 				 b'heap-buffer-overflow /src/opensc/src/libopensc/card-setcos.c'
[*] 				 b'heap-buffer-overflow /src/llvm/projects/compiler-rt/lib/asan/../sanitizer_common/sanitizer_common_interceptors.inc'
[+] Pname: opensc Commit: 026b6ab43dfb52b768ad15123dc698e05c52be20 Vulnerable to 92 Vulnerabilities, ARVO appllied 2/2 reversed patch.
[+] Pname: opensc Commit: 026b6ab43dfb52b768ad15123dc698e05c52be20 Total: 9, Dedup: 6
[*] 				 b'heap-buffer-overflow /src/opensc/src/libopensc/card-coolkey.c'
[*] 				 b'stack-buffer-overflow /src/llvm/projects/compiler-rt/lib/asan/asan_interceptors_memintrinsics.cpp'
[*] 				 b'heap-buffer-overflow /src/opensc/src/libopensc/sc.c'
[*] 				 b'heap-buffer-overflow /src/llvm/projects/compiler-rt/lib/asan/asan_interceptors_memintrinsics.cpp'
[*] 				 b'heap-buffer-overflow /src/opensc/src/libopensc/card-setcos.c'
[*] 				 b'heap-buffer-overflow /src/llvm/projects/compiler-rt/lib/asan/../sanitizer_common/sanitizer_common_interceptors.inc'
[+] Pname: opensc Commit: 1be013d08e381b2bea21fa97fa5b3584e1245f6d Vulnerable to 93 Vulnerabilities, ARVO appllied 1/1 reversed patch.
[+] Pname: opensc Commit: 1be013d08e381b2bea21fa97fa5b3584e1245f6d Total: 3, Dedup: 2
[*] 				 b'bad-free /src/llvm/projects/compiler-rt/lib/asan/asan_malloc_linux.cpp'
[*] 				 b'heap-use-after-free /src/opensc/src/libopensc/pkcs15.c'
[+] Pname: opensc Commit: 0d091c8e0c645b6291f5c5aff3f154848d99e95a Vulnerable to 93 Vulnerabilities, ARVO appllied 1/1 reversed patch.
[+] Pname: opensc Commit: 0d091c8e0c645b6291f5c5aff3f154848d99e95a Total: 2, Dedup: 1
[*] 				 b'heap-use-after-free /src/opensc/src/libopensc/pkcs15.c'
[+] Pname: opensc Commit: 3b632e64a19235636ab0a93fc2a4b5a7caf078a3 Vulnerable to 94 Vulnerabilities, ARVO appllied 0/0 reversed patch.
[+] Pname: opensc Commit: 3b632e64a19235636ab0a93fc2a4b5a7caf078a3 Total: 2, Dedup: 1
[*] 				 b'heap-use-after-free /src/opensc/src/libopensc/pkcs15.c'
[+] Pname: opensc Commit: d965156fe61df9f892b1c0555198b7b37daff437 Vulnerable to 94 Vulnerabilities, ARVO appllied 0/0 reversed patch.
[+] Pname: opensc Commit: d965156fe61df9f892b1c0555198b7b37daff437 Total: 1, Dedup: 1
[*] 				 b'SUMMARY: AddressSanitizer: SEGV /src/opensc/src/libopensc/pkcs15.c in sc_pkcs15_make_absolute_path\n'
[+] Pname: opensc Commit: b0241eefa1b47f1420456f5dbc43564d59961a54 Vulnerable to 94 Vulnerabilities, ARVO appllied 0/0 reversed patch.
[+] Pname: opensc Commit: b0241eefa1b47f1420456f5dbc43564d59961a54 Total: 2, Dedup: 1
[*] 				 b'heap-buffer-overflow /src/opensc/src/libopensc/asn1.c'
[+] Pname: opensc Commit: bdca524aa8810bcfa2ff36744be0b261db0be448 Vulnerable to 94 Vulnerabilities, ARVO appllied 0/0 reversed patch.
[+] Pname: opensc Commit: bdca524aa8810bcfa2ff36744be0b261db0be448 Total: 0, Dedup: 0
[+] Pname: opensc Commit: 7ae74c524f1cc2912e8de1ecbf616b602424a830 Vulnerable to 76 Vulnerabilities, ARVO appllied 9/18 reversed patch.
[+] Pname: opensc Commit: 7ae74c524f1cc2912e8de1ecbf616b602424a830 Total: 110, Dedup: 12
[*] 				 b'stack-buffer-overflow /src/opensc/src/libopensc/asn1.c'
[*] 				 b'heap-buffer-overflow /src/opensc/src/libopensc/log.c'
[*] 				 b'heap-buffer-overflow /src/llvm-project/compiler-rt/lib/asan/asan_interceptors_memintrinsics.cpp'
[*] 				 b'global-buffer-overflow /src/opensc/src/libopensc/card.c'
[*] 				 b'heap-use-after-free /src/opensc/src/libopensc/sc.c'
[*] 				 b'double-free /src/llvm-project/compiler-rt/lib/asan/asan_malloc_linux.cpp'
[*] 				 b'stack-buffer-overflow /src/opensc/src/libopensc/card-iasecc.c'
[*] 				 b'heap-buffer-overflow /src/opensc/src/libopensc/card-asepcos.c'
[*] 				 b'heap-buffer-overflow /src/opensc/src/libopensc/pkcs15-oberthur.c'
[*] 				 b'memcpy-param-overlap /src/llvm-project/compiler-rt/lib/asan/asan_interceptors_memintrinsics.cpp'
[*] 				 b'stack-buffer-overflow /src/opensc/src/libopensc/pkcs15-tcos.c'
[*] 				 b'stack-buffer-overflow /src/llvm-project/compiler-rt/lib/asan/asan_interceptors_memintrinsics.cpp'
[+] Pname: opensc Commit: 5f16ffae848e88dc2c93a6a4c1501501dddbbdd8 Vulnerable to 57 Vulnerabilities, ARVO appllied 22/37 reversed patch.
[+] Pname: opensc Commit: 5f16ffae848e88dc2c93a6a4c1501501dddbbdd8 Total: 111, Dedup: 12
[*] 				 b'stack-buffer-overflow /src/opensc/src/libopensc/asn1.c'
[*] 				 b'heap-buffer-overflow /src/opensc/src/libopensc/log.c'
[*] 				 b'heap-buffer-overflow /src/llvm-project/compiler-rt/lib/asan/asan_interceptors_memintrinsics.cpp'
[*] 				 b'stack-use-after-return /src/opensc/src/libopensc/pkcs15-tcos.c'
[*] 				 b'global-buffer-overflow /src/opensc/src/libopensc/card.c'
[*] 				 b'double-free /src/llvm-project/compiler-rt/lib/asan/asan_malloc_linux.cpp'
[*] 				 b'stack-buffer-overflow /src/opensc/src/libopensc/card-iasecc.c'
[*] 				 b'heap-buffer-overflow /src/opensc/src/libopensc/card-asepcos.c'
[*] 				 b'heap-buffer-overflow /src/opensc/src/libopensc/pkcs15-oberthur.c'
[*] 				 b'memcpy-param-overlap /src/llvm-project/compiler-rt/lib/asan/asan_interceptors_memintrinsics.cpp'
[*] 				 b'stack-buffer-overflow /src/opensc/src/libopensc/pkcs15-tcos.c'
[*] 				 b'stack-buffer-overflow /src/llvm-project/compiler-rt/lib/asan/asan_interceptors_memintrinsics.cpp'
[+] Pname: opensc Commit: 978c912c7089fa4573add7140170feb9fcbe7f87 Vulnerable to 72 Vulnerabilities, ARVO appllied 12/22 reversed patch.
[+] Pname: opensc Commit: 978c912c7089fa4573add7140170feb9fcbe7f87 Total: 109, Dedup: 13
[*] 				 b'stack-buffer-overflow /src/opensc/src/libopensc/asn1.c'
[*] 				 b'heap-buffer-overflow /src/opensc/src/libopensc/log.c'
[*] 				 b'heap-buffer-overflow /src/llvm-project/compiler-rt/lib/asan/asan_interceptors_memintrinsics.cpp'
[*] 				 b'memcpy-param-overlap /src/llvm-project/compiler-rt/lib/asan/asan_interceptors_memintrinsics.cpp'
[*] 				 b'global-buffer-overflow /src/opensc/src/libopensc/card.c'
[*] 				 b'double-free /src/llvm-project/compiler-rt/lib/asan/asan_malloc_linux.cpp'
[*] 				 b'stack-use-after-return /src/opensc/src/libopensc/pkcs15-tcos.c'
[*] 				 b'heap-use-after-free /src/opensc/src/libopensc/sc.c'
[*] 				 b'heap-buffer-overflow /src/opensc/src/libopensc/card-asepcos.c'
[*] 				 b'stack-buffer-overflow /src/opensc/src/libopensc/pkcs15-tcos.c'
[*] 				 b'heap-buffer-overflow /src/opensc/src/libopensc/pkcs15-oberthur.c'
[*] 				 b'stack-buffer-overflow /src/opensc/src/libopensc/card-iasecc.c'
[*] 				 b'stack-buffer-overflow /src/llvm-project/compiler-rt/lib/asan/asan_interceptors_memintrinsics.cpp'
[+] Pname: opensc Commit: 1ae8b60425ab61f5c6fedf4502275c9047683f69 Vulnerable to 58 Vulnerabilities, ARVO appllied 21/36 reversed patch.
[+] Pname: opensc Commit: 1ae8b60425ab61f5c6fedf4502275c9047683f69 Total: 111, Dedup: 12
[*] 				 b'stack-buffer-overflow /src/opensc/src/libopensc/asn1.c'
[*] 				 b'heap-buffer-overflow /src/opensc/src/libopensc/log.c'
[*] 				 b'heap-buffer-overflow /src/llvm-project/compiler-rt/lib/asan/asan_interceptors_memintrinsics.cpp'
[*] 				 b'double-free /src/llvm-project/compiler-rt/lib/asan/asan_malloc_linux.cpp'
[*] 				 b'global-buffer-overflow /src/opensc/src/libopensc/card.c'
[*] 				 b'heap-use-after-free /src/opensc/src/libopensc/sc.c'
[*] 				 b'stack-buffer-overflow /src/opensc/src/libopensc/card-iasecc.c'
[*] 				 b'heap-buffer-overflow /src/opensc/src/libopensc/card-asepcos.c'
[*] 				 b'heap-buffer-overflow /src/opensc/src/libopensc/pkcs15-oberthur.c'
[*] 				 b'memcpy-param-overlap /src/llvm-project/compiler-rt/lib/asan/asan_interceptors_memintrinsics.cpp'
[*] 				 b'stack-buffer-overflow /src/opensc/src/libopensc/pkcs15-tcos.c'
[*] 				 b'stack-buffer-overflow /src/llvm-project/compiler-rt/lib/asan/asan_interceptors_memintrinsics.cpp'
[+] Pname: opensc Commit: b02da8348be97d4b24081783f6af46757373bc3e Vulnerable to 78 Vulnerabilities, ARVO appllied 9/16 reversed patch.
[+] Pname: opensc Commit: b02da8348be97d4b24081783f6af46757373bc3e Total: 112, Dedup: 11
[*] 				 b'stack-buffer-overflow /src/opensc/src/libopensc/asn1.c'
[*] 				 b'heap-buffer-overflow /src/opensc/src/libopensc/log.c'
[*] 				 b'heap-buffer-overflow /src/llvm-project/compiler-rt/lib/asan/asan_interceptors_memintrinsics.cpp'
[*] 				 b'global-buffer-overflow /src/opensc/src/libopensc/card.c'
[*] 				 b'double-free /src/llvm-project/compiler-rt/lib/asan/asan_malloc_linux.cpp'
[*] 				 b'stack-buffer-overflow /src/opensc/src/libopensc/card-iasecc.c'
[*] 				 b'heap-buffer-overflow /src/opensc/src/libopensc/card-asepcos.c'
[*] 				 b'stack-buffer-overflow /src/opensc/src/libopensc/pkcs15-tcos.c'
[*] 				 b'heap-buffer-overflow /src/opensc/src/libopensc/pkcs15-oberthur.c'
[*] 				 b'memcpy-param-overlap /src/llvm-project/compiler-rt/lib/asan/asan_interceptors_memintrinsics.cpp'
[*] 				 b'stack-buffer-overflow /src/llvm-project/compiler-rt/lib/asan/asan_interceptors_memintrinsics.cpp'
[+] Pname: opensc Commit: f015746d22d249642c19674298a18ad824db0ed7 Vulnerable to 60 Vulnerabilities, ARVO appllied 19/34 reversed patch.
[+] Pname: opensc Commit: f015746d22d249642c19674298a18ad824db0ed7 Total: 110, Dedup: 11
[*] 				 b'stack-buffer-overflow /src/opensc/src/libopensc/asn1.c'
[*] 				 b'heap-buffer-overflow /src/opensc/src/libopensc/log.c'
[*] 				 b'heap-buffer-overflow /src/llvm-project/compiler-rt/lib/asan/asan_interceptors_memintrinsics.cpp'
[*] 				 b'stack-use-after-return /src/opensc/src/libopensc/pkcs15-tcos.c'
[*] 				 b'global-buffer-overflow /src/opensc/src/libopensc/card.c'
[*] 				 b'heap-use-after-free /src/opensc/src/libopensc/sc.c'
[*] 				 b'stack-buffer-overflow /src/opensc/src/libopensc/card-iasecc.c'
[*] 				 b'heap-buffer-overflow /src/opensc/src/libopensc/card-asepcos.c'
[*] 				 b'heap-buffer-overflow /src/opensc/src/libopensc/pkcs15-oberthur.c'
[*] 				 b'memcpy-param-overlap /src/llvm-project/compiler-rt/lib/asan/asan_interceptors_memintrinsics.cpp'
[*] 				 b'stack-buffer-overflow /src/llvm-project/compiler-rt/lib/asan/asan_interceptors_memintrinsics.cpp'
[+] Pname: opensc Commit: 797414be05220fa371972606d7a6c2e94dd6d8db Vulnerable to 78 Vulnerabilities, ARVO appllied 9/16 reversed patch.
[+] Pname: opensc Commit: 797414be05220fa371972606d7a6c2e94dd6d8db Total: 107, Dedup: 10
[*] 				 b'stack-buffer-overflow /src/opensc/src/libopensc/asn1.c'
[*] 				 b'heap-buffer-overflow /src/opensc/src/libopensc/log.c'
[*] 				 b'heap-buffer-overflow /src/llvm-project/compiler-rt/lib/asan/asan_interceptors_memintrinsics.cpp'
[*] 				 b'global-buffer-overflow /src/opensc/src/libopensc/card.c'
[*] 				 b'stack-buffer-overflow /src/opensc/src/libopensc/card-iasecc.c'
[*] 				 b'heap-buffer-overflow /src/opensc/src/libopensc/card-asepcos.c'
[*] 				 b'heap-buffer-overflow /src/opensc/src/libopensc/pkcs15-oberthur.c'
[*] 				 b'memcpy-param-overlap /src/llvm-project/compiler-rt/lib/asan/asan_interceptors_memintrinsics.cpp'
[*] 				 b'stack-buffer-overflow /src/opensc/src/libopensc/pkcs15-tcos.c'
[*] 				 b'stack-buffer-overflow /src/llvm-project/compiler-rt/lib/asan/asan_interceptors_memintrinsics.cpp'
[+] Pname: opensc Commit: 412372b02412c05612bea7f53b01134a3fc435b8 Vulnerable to 62 Vulnerabilities, ARVO appllied 18/32 reversed patch.
[+] Pname: opensc Commit: 412372b02412c05612bea7f53b01134a3fc435b8 Total: 99, Dedup: 6
[*] 				 b'SUMMARY: libFuzzer: deadly signal\n'
[*] 				 b'SEGV /src/opensc/src/libopensc/log.c'
[*] 				 No SUMMARY
[*] 				 b'SUMMARY: UndefinedBehaviorSanitizer: SEGV (/lib/x86_64-linux-gnu/libc.so.6+0x8b834) in strlen\n'
[*] 				 b'undefined-behavior pkcs15-tcos.c'
[*] 				 b'SUMMARY: UndefinedBehaviorSanitizer: SEGV (/lib/x86_64-linux-gnu/libc.so.6+0x14e1a6) \n'
[+] Pname: opensc Commit: ee1c8073c2ecd0d7644d64ef3f2a2be4b5752c6e Vulnerable to 81 Vulnerabilities, ARVO appllied 8/13 reversed patch.
[+] Pname: opensc Commit: ee1c8073c2ecd0d7644d64ef3f2a2be4b5752c6e Total: 57, Dedup: 12
[*] 				 b'stack-buffer-overflow /src/opensc/src/libopensc/asn1.c'
[*] 				 b'heap-buffer-overflow /src/opensc/src/libopensc/log.c'
[*] 				 b'heap-buffer-overflow /src/llvm-project/compiler-rt/lib/asan/asan_interceptors_memintrinsics.cpp'
[*] 				 b'heap-buffer-overflow /src/opensc/src/libopensc/card-piv.c'
[*] 				 b'stack-buffer-overflow /src/opensc/src/libopensc/card-openpgp.c'
[*] 				 b'heap-buffer-overflow /src/opensc/src/libopensc/sc.c'
[*] 				 b'stack-buffer-overflow /src/opensc/src/libopensc/card-iasecc.c'
[*] 				 b'heap-buffer-overflow /src/opensc/src/libopensc/card-asepcos.c'
[*] 				 b'heap-buffer-overflow /src/opensc/src/libopensc/pkcs15-oberthur.c'
[*] 				 b'memcpy-param-overlap /src/llvm-project/compiler-rt/lib/asan/asan_interceptors_memintrinsics.cpp'
[*] 				 b'heap-buffer-overflow /src/opensc/src/libopensc/card-setcos.c'
[*] 				 b'stack-buffer-overflow /src/llvm-project/compiler-rt/lib/asan/asan_interceptors_memintrinsics.cpp'
[+] Pname: opensc Commit: fca2ba9474e150e72282317b91ce68d0b801f573 Vulnerable to 63 Vulnerabilities, ARVO appllied 17/31 reversed patch.
[+] Pname: opensc Commit: fca2ba9474e150e72282317b91ce68d0b801f573 Total: 112, Dedup: 13
[*] 				 b'stack-buffer-overflow /src/opensc/src/libopensc/asn1.c'
[*] 				 b'heap-buffer-overflow /src/opensc/src/libopensc/log.c'
[*] 				 b'heap-buffer-overflow /src/llvm-project/compiler-rt/lib/asan/asan_interceptors_memintrinsics.cpp'
[*] 				 b'stack-use-after-return /src/opensc/src/libopensc/pkcs15-tcos.c'
[*] 				 b'double-free /src/llvm-project/compiler-rt/lib/asan/asan_malloc_linux.cpp'
[*] 				 b'global-buffer-overflow /src/opensc/src/libopensc/card.c'
[*] 				 b'heap-use-after-free /src/opensc/src/libopensc/sc.c'
[*] 				 b'stack-buffer-overflow /src/opensc/src/libopensc/card-iasecc.c'
[*] 				 b'heap-buffer-overflow /src/opensc/src/libopensc/card-asepcos.c'
[*] 				 b'heap-buffer-overflow /src/opensc/src/libopensc/pkcs15-oberthur.c'
[*] 				 b'memcpy-param-overlap /src/llvm-project/compiler-rt/lib/asan/asan_interceptors_memintrinsics.cpp'
[*] 				 b'stack-buffer-overflow /src/opensc/src/libopensc/pkcs15-tcos.c'
[*] 				 b'stack-buffer-overflow /src/llvm-project/compiler-rt/lib/asan/asan_interceptors_memintrinsics.cpp'
[+] Pname: opensc Commit: 732ed77ad67e5303c46c0fa767929afd87076c87 Vulnerable to 66 Vulnerabilities, ARVO appllied 14/28 reversed patch.
[+] Pname: opensc Commit: 732ed77ad67e5303c46c0fa767929afd87076c87 Total: 113, Dedup: 13
[*] 				 b'stack-buffer-overflow /src/opensc/src/libopensc/asn1.c'
[*] 				 b'heap-buffer-overflow /src/opensc/src/libopensc/log.c'
[*] 				 b'heap-buffer-overflow /src/llvm-project/compiler-rt/lib/asan/asan_interceptors_memintrinsics.cpp'
[*] 				 b'stack-use-after-return /src/opensc/src/libopensc/pkcs15-tcos.c'
[*] 				 b'global-buffer-overflow /src/opensc/src/libopensc/card.c'
[*] 				 b'double-free /src/llvm-project/compiler-rt/lib/asan/asan_malloc_linux.cpp'
[*] 				 b'memcpy-param-overlap /src/llvm-project/compiler-rt/lib/asan/asan_interceptors_memintrinsics.cpp'
[*] 				 b'stack-buffer-overflow /src/opensc/src/libopensc/card-iasecc.c'
[*] 				 b'heap-buffer-overflow /src/opensc/src/libopensc/card-asepcos.c'
[*] 				 b'stack-buffer-overflow /src/opensc/src/libopensc/pkcs15-tcos.c'
[*] 				 b'heap-buffer-overflow /src/opensc/src/libopensc/pkcs15-oberthur.c'
[*] 				 b'heap-use-after-free /src/opensc/src/libopensc/sc.c'
[*] 				 b'stack-buffer-overflow /src/llvm-project/compiler-rt/lib/asan/asan_interceptors_memintrinsics.cpp'
[+] Pname: opensc Commit: 2f6ab4c1a2bfc3adf8295d086bd67a12f0d921db Vulnerable to 63 Vulnerabilities, ARVO appllied 17/31 reversed patch.
[+] Pname: opensc Commit: 2f6ab4c1a2bfc3adf8295d086bd67a12f0d921db Total: 113, Dedup: 13
[*] 				 b'stack-buffer-overflow /src/opensc/src/libopensc/asn1.c'
[*] 				 b'heap-buffer-overflow /src/opensc/src/libopensc/log.c'
[*] 				 b'stack-use-after-return /src/opensc/src/libopensc/pkcs15-tcos.c'
[*] 				 b'heap-buffer-overflow /src/llvm-project/compiler-rt/lib/asan/asan_interceptors_memintrinsics.cpp'
[*] 				 b'global-buffer-overflow /src/opensc/src/libopensc/card.c'
[*] 				 b'double-free /src/llvm-project/compiler-rt/lib/asan/asan_malloc_linux.cpp'
[*] 				 b'memcpy-param-overlap /src/llvm-project/compiler-rt/lib/asan/asan_interceptors_memintrinsics.cpp'
[*] 				 b'heap-use-after-free /src/opensc/src/libopensc/sc.c'
[*] 				 b'heap-buffer-overflow /src/opensc/src/libopensc/card-asepcos.c'
[*] 				 b'heap-buffer-overflow /src/opensc/src/libopensc/pkcs15-oberthur.c'
[*] 				 b'stack-buffer-overflow /src/opensc/src/libopensc/card-iasecc.c'
[*] 				 b'stack-buffer-overflow /src/opensc/src/libopensc/pkcs15-tcos.c'
[*] 				 b'stack-buffer-overflow /src/llvm-project/compiler-rt/lib/asan/asan_interceptors_memintrinsics.cpp'
[+] Pname: opensc Commit: 3ebfb01a3c54650391ce9eeb0dbe5b88e41f1f5b Vulnerable to 67 Vulnerabilities, ARVO appllied 13/27 reversed patch.
[+] Pname: opensc Commit: 3ebfb01a3c54650391ce9eeb0dbe5b88e41f1f5b Total: 113, Dedup: 13
[*] 				 b'stack-buffer-overflow /src/opensc/src/libopensc/asn1.c'
[*] 				 b'heap-buffer-overflow /src/opensc/src/libopensc/log.c'
[*] 				 b'heap-buffer-overflow /src/llvm-project/compiler-rt/lib/asan/asan_interceptors_memintrinsics.cpp'
[*] 				 b'stack-use-after-return /src/opensc/src/libopensc/pkcs15-tcos.c'
[*] 				 b'global-buffer-overflow /src/opensc/src/libopensc/card.c'
[*] 				 b'heap-use-after-free /src/opensc/src/libopensc/sc.c'
[*] 				 b'double-free /src/llvm-project/compiler-rt/lib/asan/asan_malloc_linux.cpp'
[*] 				 b'stack-buffer-overflow /src/opensc/src/libopensc/card-iasecc.c'
[*] 				 b'heap-buffer-overflow /src/opensc/src/libopensc/card-asepcos.c'
[*] 				 b'heap-buffer-overflow /src/opensc/src/libopensc/pkcs15-oberthur.c'
[*] 				 b'memcpy-param-overlap /src/llvm-project/compiler-rt/lib/asan/asan_interceptors_memintrinsics.cpp'
[*] 				 b'stack-buffer-overflow /src/opensc/src/libopensc/pkcs15-tcos.c'
[*] 				 b'stack-buffer-overflow /src/llvm-project/compiler-rt/lib/asan/asan_interceptors_memintrinsics.cpp'
[+] Pname: opensc Commit: b577531720cf1ec1e82c44cbae6d7fc23866e269 Vulnerable to 68 Vulnerabilities, ARVO appllied 13/26 reversed patch.
[+] Pname: opensc Commit: b577531720cf1ec1e82c44cbae6d7fc23866e269 Total: 113, Dedup: 13
[*] 				 b'stack-buffer-overflow /src/opensc/src/libopensc/asn1.c'
[*] 				 b'heap-buffer-overflow /src/opensc/src/libopensc/log.c'
[*] 				 b'heap-buffer-overflow /src/llvm-project/compiler-rt/lib/asan/asan_interceptors_memintrinsics.cpp'
[*] 				 b'memcpy-param-overlap /src/llvm-project/compiler-rt/lib/asan/asan_interceptors_memintrinsics.cpp'
[*] 				 b'global-buffer-overflow /src/opensc/src/libopensc/card.c'
[*] 				 b'double-free /src/llvm-project/compiler-rt/lib/asan/asan_malloc_linux.cpp'
[*] 				 b'stack-use-after-return /src/opensc/src/libopensc/pkcs15-tcos.c'
[*] 				 b'stack-buffer-overflow /src/opensc/src/libopensc/card-iasecc.c'
[*] 				 b'heap-buffer-overflow /src/opensc/src/libopensc/card-asepcos.c'
[*] 				 b'stack-buffer-overflow /src/opensc/src/libopensc/pkcs15-tcos.c'
[*] 				 b'heap-buffer-overflow /src/opensc/src/libopensc/pkcs15-oberthur.c'
[*] 				 b'heap-use-after-free /src/opensc/src/libopensc/sc.c'
[*] 				 b'stack-buffer-overflow /src/llvm-project/compiler-rt/lib/asan/asan_interceptors_memintrinsics.cpp'
[+] Pname: opensc Commit: 8dd136ac240580b63ce509a1379a109026b93b5e Vulnerable to 70 Vulnerabilities, ARVO appllied 11/24 reversed patch.
[+] Pname: opensc Commit: 8dd136ac240580b63ce509a1379a109026b93b5e Total: 112, Dedup: 12
[*] 				 b'stack-buffer-overflow /src/opensc/src/libopensc/asn1.c'
[*] 				 b'heap-buffer-overflow /src/opensc/src/libopensc/log.c'
[*] 				 b'heap-buffer-overflow /src/llvm-project/compiler-rt/lib/asan/asan_interceptors_memintrinsics.cpp'
[*] 				 b'stack-use-after-return /src/opensc/src/libopensc/pkcs15-tcos.c'
[*] 				 b'global-buffer-overflow /src/opensc/src/libopensc/card.c'
[*] 				 b'double-free /src/llvm-project/compiler-rt/lib/asan/asan_malloc_linux.cpp'
[*] 				 b'heap-use-after-free /src/opensc/src/libopensc/sc.c'
[*] 				 b'stack-buffer-overflow /src/opensc/src/libopensc/card-iasecc.c'
[*] 				 b'stack-buffer-overflow /src/opensc/src/libopensc/pkcs15-tcos.c'
[*] 				 b'heap-buffer-overflow /src/opensc/src/libopensc/pkcs15-oberthur.c'
[*] 				 b'memcpy-param-overlap /src/llvm-project/compiler-rt/lib/asan/asan_interceptors_memintrinsics.cpp'
[*] 				 b'stack-buffer-overflow /src/llvm-project/compiler-rt/lib/asan/asan_interceptors_memintrinsics.cpp'
[+] Pname: opensc Commit: b16a5cbee03202aa122a7ae840335450eeee5a9a Vulnerable to 75 Vulnerabilities, ARVO appllied 10/19 reversed patch.
[+] Pname: opensc Commit: b16a5cbee03202aa122a7ae840335450eeee5a9a Total: 108, Dedup: 11
[*] 				 b'stack-buffer-overflow /src/opensc/src/libopensc/asn1.c'
[*] 				 b'heap-buffer-overflow /src/opensc/src/libopensc/log.c'
[*] 				 b'heap-buffer-overflow /src/llvm-project/compiler-rt/lib/asan/asan_interceptors_memintrinsics.cpp'
[*] 				 b'global-buffer-overflow /src/opensc/src/libopensc/card.c'
[*] 				 b'double-free /src/llvm-project/compiler-rt/lib/asan/asan_malloc_linux.cpp'
[*] 				 b'stack-buffer-overflow /src/opensc/src/libopensc/card-iasecc.c'
[*] 				 b'heap-buffer-overflow /src/opensc/src/libopensc/card-asepcos.c'
[*] 				 b'stack-buffer-overflow /src/opensc/src/libopensc/pkcs15-tcos.c'
[*] 				 b'heap-buffer-overflow /src/opensc/src/libopensc/pkcs15-oberthur.c'
[*] 				 b'heap-use-after-free /src/opensc/src/libopensc/sc.c'
[*] 				 b'stack-buffer-overflow /src/llvm-project/compiler-rt/lib/asan/asan_interceptors_memintrinsics.cpp'
[+] Pname: opensc Commit: ad81126c07735f0f3a752724fa9c8fe370cf9cda Vulnerable to 70 Vulnerabilities, ARVO appllied 14/24 reversed patch.
[+] Pname: opensc Commit: ad81126c07735f0f3a752724fa9c8fe370cf9cda Total: 110, Dedup: 13
[*] 				 b'stack-buffer-overflow /src/opensc/src/libopensc/asn1.c'
[*] 				 b'heap-buffer-overflow /src/opensc/src/libopensc/log.c'
[*] 				 b'heap-buffer-overflow /src/llvm-project/compiler-rt/lib/asan/asan_interceptors_memintrinsics.cpp'
[*] 				 b'stack-use-after-return /src/opensc/src/libopensc/pkcs15-tcos.c'
[*] 				 b'double-free /src/llvm-project/compiler-rt/lib/asan/asan_malloc_linux.cpp'
[*] 				 b'global-buffer-overflow /src/opensc/src/libopensc/card.c'
[*] 				 b'memcpy-param-overlap /src/llvm-project/compiler-rt/lib/asan/asan_interceptors_memintrinsics.cpp'
[*] 				 b'stack-buffer-overflow /src/opensc/src/libopensc/card-iasecc.c'
[*] 				 b'heap-buffer-overflow /src/opensc/src/libopensc/card-asepcos.c'
[*] 				 b'stack-buffer-overflow /src/opensc/src/libopensc/pkcs15-tcos.c'
[*] 				 b'heap-buffer-overflow /src/opensc/src/libopensc/pkcs15-oberthur.c'
[*] 				 b'heap-use-after-free /src/opensc/src/libopensc/sc.c'
[*] 				 b'stack-buffer-overflow /src/llvm-project/compiler-rt/lib/asan/asan_interceptors_memintrinsics.cpp'
[+] Pname: opensc Commit: a10b661f99a091dcd8b7746e4ca8c02a6de98a61 Vulnerable to 76 Vulnerabilities, ARVO appllied 11/18 reversed patch.
[+] Pname: opensc Commit: a10b661f99a091dcd8b7746e4ca8c02a6de98a61 Total: 111, Dedup: 11
[*] 				 b'stack-buffer-overflow /src/opensc/src/libopensc/asn1.c'
[*] 				 b'heap-buffer-overflow /src/opensc/src/libopensc/log.c'
[*] 				 b'heap-buffer-overflow /src/llvm-project/compiler-rt/lib/asan/asan_interceptors_memintrinsics.cpp'
[*] 				 b'memcpy-param-overlap /src/llvm-project/compiler-rt/lib/asan/asan_interceptors_memintrinsics.cpp'
[*] 				 b'global-buffer-overflow /src/opensc/src/libopensc/card.c'
[*] 				 b'double-free /src/llvm-project/compiler-rt/lib/asan/asan_malloc_linux.cpp'
[*] 				 b'heap-buffer-overflow /src/opensc/src/libopensc/card-asepcos.c'
[*] 				 b'heap-buffer-overflow /src/opensc/src/libopensc/pkcs15-oberthur.c'
[*] 				 b'stack-buffer-overflow /src/opensc/src/libopensc/card-iasecc.c'
[*] 				 b'stack-buffer-overflow /src/opensc/src/libopensc/pkcs15-tcos.c'
[*] 				 b'stack-buffer-overflow /src/llvm-project/compiler-rt/lib/asan/asan_interceptors_memintrinsics.cpp'
[+] Pname: opensc Commit: 31169afb7252f58a2db2b365835f6166f9d4b6c9 Vulnerable to 81 Vulnerabilities, ARVO appllied 9/13 reversed patch.
[+] Pname: opensc Commit: 31169afb7252f58a2db2b365835f6166f9d4b6c9 Total: 5, Dedup: 5
[*] 				 b'stack-buffer-overflow /src/opensc/src/libopensc/asn1.c'
[*] 				 b'stack-buffer-overflow /src/opensc/src/libopensc/card-openpgp.c'
[*] 				 b'heap-buffer-overflow /src/opensc/src/libopensc/sc.c'
[*] 				 b'heap-buffer-overflow /src/opensc/src/libopensc/card-setcos.c'
[*] 				 b'stack-buffer-overflow /src/llvm-project/compiler-rt/lib/asan/asan_interceptors_memintrinsics.cpp'
[+] Pname: opensc Commit: c212776f45ba4190f378aac017e69e1125cb83e7 Vulnerable to 79 Vulnerabilities, ARVO appllied 10/15 reversed patch.
[+] Pname: opensc Commit: c212776f45ba4190f378aac017e69e1125cb83e7 Total: 104, Dedup: 8
[*] 				 b'stack-buffer-overflow /src/opensc/src/libopensc/asn1.c'
[*] 				 b'heap-buffer-overflow /src/opensc/src/libopensc/log.c'
[*] 				 b'heap-buffer-overflow /src/llvm-project/compiler-rt/lib/asan/asan_interceptors_memintrinsics.cpp'
[*] 				 b'global-buffer-overflow /src/opensc/src/libopensc/card.c'
[*] 				 b'stack-buffer-overflow /src/opensc/src/libopensc/card-iasecc.c'
[*] 				 b'heap-buffer-overflow /src/opensc/src/libopensc/card-asepcos.c'
[*] 				 b'heap-buffer-overflow /src/opensc/src/libopensc/pkcs15-oberthur.c'
[*] 				 b'memcpy-param-overlap /src/llvm-project/compiler-rt/lib/asan/asan_interceptors_memintrinsics.cpp'
[+] Pname: opensc Commit: 4ef7ed9ffd2acacfc5026db4fb984a1386a07bdb Vulnerable to 81 Vulnerabilities, ARVO appllied 8/13 reversed patch.
[+] Pname: opensc Commit: 4ef7ed9ffd2acacfc5026db4fb984a1386a07bdb Total: 15, Dedup: 11
[*] 				 b'stack-buffer-overflow /src/opensc/src/libopensc/asn1.c'
[*] 				 b'heap-buffer-overflow /src/llvm-project/compiler-rt/lib/asan/asan_interceptors_memintrinsics.cpp'
[*] 				 b'heap-buffer-overflow /src/opensc/src/libopensc/card-piv.c'
[*] 				 b'stack-buffer-overflow /src/opensc/src/libopensc/card-openpgp.c'
[*] 				 b'heap-buffer-overflow /src/opensc/src/libopensc/sc.c'
[*] 				 b'stack-buffer-overflow /src/opensc/src/libopensc/card-iasecc.c'
[*] 				 b'heap-buffer-overflow /src/opensc/src/libopensc/card-asepcos.c'
[*] 				 b'heap-buffer-overflow /src/opensc/src/libopensc/pkcs15-oberthur.c'
[*] 				 b'memcpy-param-overlap /src/llvm-project/compiler-rt/lib/asan/asan_interceptors_memintrinsics.cpp'
[*] 				 b'heap-buffer-overflow /src/opensc/src/libopensc/card-setcos.c'
[*] 				 b'stack-buffer-overflow /src/llvm-project/compiler-rt/lib/asan/asan_interceptors_memintrinsics.cpp'
[+] Pname: opensc Commit: 34dad7f543f006ad269ce1f935a9e8d3e3a83db7 Vulnerable to 80 Vulnerabilities, ARVO appllied 9/14 reversed patch.
[+] Pname: opensc Commit: 34dad7f543f006ad269ce1f935a9e8d3e3a83db7 Total: 56, Dedup: 11
[*] 				 b'stack-buffer-overflow /src/opensc/src/libopensc/asn1.c'
[*] 				 b'heap-buffer-overflow /src/opensc/src/libopensc/log.c'
[*] 				 b'heap-buffer-overflow /src/llvm-project/compiler-rt/lib/asan/asan_interceptors_memintrinsics.cpp'
[*] 				 b'memcpy-param-overlap /src/llvm-project/compiler-rt/lib/asan/asan_interceptors_memintrinsics.cpp'
[*] 				 b'heap-buffer-overflow /src/opensc/src/libopensc/card-piv.c'
[*] 				 b'stack-buffer-overflow /src/opensc/src/libopensc/card-openpgp.c'
[*] 				 b'heap-buffer-overflow /src/opensc/src/libopensc/card-asepcos.c'
[*] 				 b'heap-buffer-overflow /src/opensc/src/libopensc/pkcs15-oberthur.c'
[*] 				 b'stack-buffer-overflow /src/opensc/src/libopensc/card-iasecc.c'
[*] 				 b'heap-buffer-overflow /src/opensc/src/libopensc/card-setcos.c'
[*] 				 b'stack-buffer-overflow /src/llvm-project/compiler-rt/lib/asan/asan_interceptors_memintrinsics.cpp'
[+] Pname: opensc Commit: fc0df4e5d578e5926a59dbf3a34ce737424464ba Vulnerable to 52 Vulnerabilities, ARVO appllied 27/42 reversed patch.
[+] Pname: opensc Commit: fc0df4e5d578e5926a59dbf3a34ce737424464ba Total: 112, Dedup: 13
[*] 				 b'stack-buffer-overflow /src/opensc/src/libopensc/asn1.c'
[*] 				 b'heap-buffer-overflow /src/opensc/src/libopensc/log.c'
[*] 				 b'heap-buffer-overflow /src/llvm-project/compiler-rt/lib/asan/asan_interceptors_memintrinsics.cpp'
[*] 				 b'stack-use-after-return /src/opensc/src/libopensc/pkcs15-tcos.c'
[*] 				 b'global-buffer-overflow /src/opensc/src/libopensc/card.c'
[*] 				 b'double-free /src/llvm-project/compiler-rt/lib/asan/asan_malloc_linux.cpp'
[*] 				 b'heap-use-after-free /src/opensc/src/libopensc/sc.c'
[*] 				 b'stack-buffer-overflow /src/opensc/src/libopensc/card-iasecc.c'
[*] 				 b'heap-buffer-overflow /src/opensc/src/libopensc/card-asepcos.c'
[*] 				 b'heap-buffer-overflow /src/opensc/src/libopensc/pkcs15-oberthur.c'
[*] 				 b'memcpy-param-overlap /src/llvm-project/compiler-rt/lib/asan/asan_interceptors_memintrinsics.cpp'
[*] 				 b'stack-buffer-overflow /src/opensc/src/libopensc/pkcs15-tcos.c'
[*] 				 b'stack-buffer-overflow /src/llvm-project/compiler-rt/lib/asan/asan_interceptors_memintrinsics.cpp'
[+] Pname: opensc Commit: b67261ab27d286cfba327b24a08e1333b6b8e631 Vulnerable to 48 Vulnerabilities, ARVO appllied 26/46 reversed patch.
[+] Pname: opensc Commit: b67261ab27d286cfba327b24a08e1333b6b8e631 Total: 109, Dedup: 12
[*] 				 b'stack-buffer-overflow /src/opensc/src/libopensc/asn1.c'
[*] 				 b'heap-buffer-overflow /src/opensc/src/libopensc/log.c'
[*] 				 b'heap-buffer-overflow /src/llvm-project/compiler-rt/lib/asan/asan_interceptors_memintrinsics.cpp'
[*] 				 b'stack-use-after-return /src/opensc/src/libopensc/pkcs15-tcos.c'
[*] 				 b'global-buffer-overflow /src/opensc/src/libopensc/card.c'
[*] 				 b'heap-use-after-free /src/opensc/src/libopensc/sc.c'
[*] 				 b'double-free /src/llvm-project/compiler-rt/lib/asan/asan_malloc_linux.cpp'
[*] 				 b'heap-buffer-overflow /src/opensc/src/libopensc/card-asepcos.c'
[*] 				 b'stack-buffer-overflow /src/opensc/src/libopensc/pkcs15-tcos.c'
[*] 				 b'heap-buffer-overflow /src/opensc/src/libopensc/pkcs15-oberthur.c'
[*] 				 b'memcpy-param-overlap /src/llvm-project/compiler-rt/lib/asan/asan_interceptors_memintrinsics.cpp'
[*] 				 b'stack-buffer-overflow /src/llvm-project/compiler-rt/lib/asan/asan_interceptors_memintrinsics.cpp'
[+] Pname: opensc Commit: c3c5f2d518c6edb36fb519807fd85cbc043cb0d3 Vulnerable to 50 Vulnerabilities, ARVO appllied 26/44 reversed patch.
[+] Pname: opensc Commit: c3c5f2d518c6edb36fb519807fd85cbc043cb0d3 Total: 109, Dedup: 12
[*] 				 b'stack-buffer-overflow /src/opensc/src/libopensc/asn1.c'
[*] 				 b'heap-buffer-overflow /src/opensc/src/libopensc/log.c'
[*] 				 b'heap-buffer-overflow /src/llvm-project/compiler-rt/lib/asan/asan_interceptors_memintrinsics.cpp'
[*] 				 b'stack-use-after-return /src/opensc/src/libopensc/pkcs15-tcos.c'
[*] 				 b'global-buffer-overflow /src/opensc/src/libopensc/card.c'
[*] 				 b'double-free /src/llvm-project/compiler-rt/lib/asan/asan_malloc_linux.cpp'
[*] 				 b'heap-use-after-free /src/opensc/src/libopensc/sc.c'
[*] 				 b'heap-buffer-overflow /src/opensc/src/libopensc/card-asepcos.c'
[*] 				 b'heap-buffer-overflow /src/opensc/src/libopensc/pkcs15-oberthur.c'
[*] 				 b'memcpy-param-overlap /src/llvm-project/compiler-rt/lib/asan/asan_interceptors_memintrinsics.cpp'
[*] 				 b'stack-buffer-overflow /src/opensc/src/libopensc/pkcs15-tcos.c'
[*] 				 b'stack-buffer-overflow /src/llvm-project/compiler-rt/lib/asan/asan_interceptors_memintrinsics.cpp'
[+] Pname: opensc Commit: ef17b3fb89c433de049953cc967f8ac62292bb41 Vulnerable to 50 Vulnerabilities, ARVO appllied 26/44 reversed patch.
[+] Pname: opensc Commit: ef17b3fb89c433de049953cc967f8ac62292bb41 Total: 108, Dedup: 12
[*] 				 b'stack-buffer-overflow /src/opensc/src/libopensc/asn1.c'
[*] 				 b'heap-buffer-overflow /src/opensc/src/libopensc/log.c'
[*] 				 b'heap-buffer-overflow /src/llvm-project/compiler-rt/lib/asan/asan_interceptors_memintrinsics.cpp'
[*] 				 b'stack-use-after-return /src/opensc/src/libopensc/pkcs15-tcos.c'
[*] 				 b'global-buffer-overflow /src/opensc/src/libopensc/card.c'
[*] 				 b'heap-use-after-free /src/opensc/src/libopensc/sc.c'
[*] 				 b'double-free /src/llvm-project/compiler-rt/lib/asan/asan_malloc_linux.cpp'
[*] 				 b'heap-buffer-overflow /src/opensc/src/libopensc/card-asepcos.c'
[*] 				 b'heap-buffer-overflow /src/opensc/src/libopensc/pkcs15-oberthur.c'
[*] 				 b'memcpy-param-overlap /src/llvm-project/compiler-rt/lib/asan/asan_interceptors_memintrinsics.cpp'
[*] 				 b'stack-buffer-overflow /src/opensc/src/libopensc/pkcs15-tcos.c'
[*] 				 b'stack-buffer-overflow /src/llvm-project/compiler-rt/lib/asan/asan_interceptors_memintrinsics.cpp'
[+] Pname: opensc Commit: 5d4daf6c92e4668f5458f380f3cacea3e879d91a Vulnerable to 51 Vulnerabilities, ARVO appllied 25/43 reversed patch.
[+] Pname: opensc Commit: 5d4daf6c92e4668f5458f380f3cacea3e879d91a Total: 108, Dedup: 13
[*] 				 b'stack-buffer-overflow /src/opensc/src/libopensc/asn1.c'
[*] 				 b'heap-buffer-overflow /src/opensc/src/libopensc/log.c'
[*] 				 b'heap-buffer-overflow /src/llvm-project/compiler-rt/lib/asan/asan_interceptors_memintrinsics.cpp'
[*] 				 b'stack-use-after-return /src/opensc/src/libopensc/pkcs15-tcos.c'
[*] 				 b'global-buffer-overflow /src/opensc/src/libopensc/card.c'
[*] 				 b'double-free /src/llvm-project/compiler-rt/lib/asan/asan_malloc_linux.cpp'
[*] 				 b'heap-use-after-free /src/opensc/src/libopensc/sc.c'
[*] 				 b'stack-buffer-overflow /src/opensc/src/libopensc/card-iasecc.c'
[*] 				 b'heap-buffer-overflow /src/opensc/src/libopensc/card-asepcos.c'
[*] 				 b'stack-buffer-overflow /src/opensc/src/libopensc/pkcs15-tcos.c'
[*] 				 b'heap-buffer-overflow /src/opensc/src/libopensc/pkcs15-oberthur.c'
[*] 				 b'memcpy-param-overlap /src/llvm-project/compiler-rt/lib/asan/asan_interceptors_memintrinsics.cpp'
[*] 				 b'stack-buffer-overflow /src/llvm-project/compiler-rt/lib/asan/asan_interceptors_memintrinsics.cpp'
[+] Pname: opensc Commit: d5dea2dd1b3a412adace25ee8a9ff2e73a97508a Vulnerable to 51 Vulnerabilities, ARVO appllied 28/43 reversed patch.
[+] Pname: opensc Commit: d5dea2dd1b3a412adace25ee8a9ff2e73a97508a Total: 112, Dedup: 13
[*] 				 b'stack-buffer-overflow /src/opensc/src/libopensc/asn1.c'
[*] 				 b'heap-buffer-overflow /src/opensc/src/libopensc/log.c'
[*] 				 b'heap-buffer-overflow /src/llvm-project/compiler-rt/lib/asan/asan_interceptors_memintrinsics.cpp'
[*] 				 b'memcpy-param-overlap /src/llvm-project/compiler-rt/lib/asan/asan_interceptors_memintrinsics.cpp'
[*] 				 b'global-buffer-overflow /src/opensc/src/libopensc/card.c'
[*] 				 b'heap-use-after-free /src/opensc/src/libopensc/sc.c'
[*] 				 b'stack-use-after-return /src/opensc/src/libopensc/pkcs15-tcos.c'
[*] 				 b'double-free /src/llvm-project/compiler-rt/lib/asan/asan_malloc_linux.cpp'
[*] 				 b'heap-buffer-overflow /src/opensc/src/libopensc/card-asepcos.c'
[*] 				 b'heap-buffer-overflow /src/opensc/src/libopensc/pkcs15-oberthur.c'
[*] 				 b'stack-buffer-overflow /src/opensc/src/libopensc/card-iasecc.c'
[*] 				 b'stack-buffer-overflow /src/opensc/src/libopensc/pkcs15-tcos.c'
[*] 				 b'stack-buffer-overflow /src/llvm-project/compiler-rt/lib/asan/asan_interceptors_memintrinsics.cpp'
[+] Pname: opensc Commit: fe6864c5f3ba9085acdac569b7567b911e01f445 Vulnerable to 53 Vulnerabilities, ARVO appllied 26/41 reversed patch.
[+] Pname: opensc Commit: fe6864c5f3ba9085acdac569b7567b911e01f445 Total: 112, Dedup: 13
[*] 				 b'stack-buffer-overflow /src/opensc/src/libopensc/asn1.c'
[*] 				 b'heap-buffer-overflow /src/opensc/src/libopensc/log.c'
[*] 				 b'heap-buffer-overflow /src/llvm-project/compiler-rt/lib/asan/asan_interceptors_memintrinsics.cpp'
[*] 				 b'memcpy-param-overlap /src/llvm-project/compiler-rt/lib/asan/asan_interceptors_memintrinsics.cpp'
[*] 				 b'global-buffer-overflow /src/opensc/src/libopensc/card.c'
[*] 				 b'double-free /src/llvm-project/compiler-rt/lib/asan/asan_malloc_linux.cpp'
[*] 				 b'stack-use-after-return /src/opensc/src/libopensc/pkcs15-tcos.c'
[*] 				 b'stack-buffer-overflow /src/opensc/src/libopensc/card-iasecc.c'
[*] 				 b'heap-buffer-overflow /src/opensc/src/libopensc/card-asepcos.c'
[*] 				 b'heap-buffer-overflow /src/opensc/src/libopensc/pkcs15-oberthur.c'
[*] 				 b'heap-use-after-free /src/opensc/src/libopensc/sc.c'
[*] 				 b'stack-buffer-overflow /src/opensc/src/libopensc/pkcs15-tcos.c'
[*] 				 b'stack-buffer-overflow /src/llvm-project/compiler-rt/lib/asan/asan_interceptors_memintrinsics.cpp'
[+] Pname: opensc Commit: 3d1acdf7d82eb2c532b525cc8d9229d6d0bdf72c Vulnerable to 48 Vulnerabilities, ARVO appllied 24/46 reversed patch.
[+] Pname: opensc Commit: 3d1acdf7d82eb2c532b525cc8d9229d6d0bdf72c Total: 112, Dedup: 13
[*] 				 b'heap-buffer-overflow /src/opensc/src/tests/fuzzing/../../../src/pkcs15init/pkcs15-lib.c'
[*] 				 b'heap-buffer-overflow /src/opensc/src/libopensc/card-epass2003.c'
[*] 				 b'stack-buffer-overflow /src/opensc/src/libopensc/sc.c'
[*] 				 b'stack-use-after-return /src/opensc/src/tests/fuzzing/../../../src/pkcs15init/profile.c'
[*] 				 b'heap-buffer-overflow /src/llvm-project/compiler-rt/lib/asan/asan_interceptors_memintrinsics.cpp'
[*] 				 b'global-buffer-overflow /src/opensc/src/libopensc/card.c'
[*] 				 b'stack-buffer-overflow /src/opensc/src/libopensc/iasecc-sdo.c'
[*] 				 b'double-free /src/llvm-project/compiler-rt/lib/asan/asan_malloc_linux.cpp'
[*] 				 b'SEGV /src/opensc/src/libopensc/aux-data.c'
[*] 				 b'heap-buffer-overflow /src/opensc/src/pkcs15init/pkcs15-epass2003.c'
[*] 				 b'stack-buffer-overflow /src/opensc/src/tests/fuzzing/../../../src/pkcs15init/pkcs15-lib.c'
[*] 				 b'stack-buffer-overflow /src/llvm-project/compiler-rt/lib/asan/../sanitizer_common/sanitizer_common_interceptors.inc'
[*] 				 b'memcpy-param-overlap /src/llvm-project/compiler-rt/lib/asan/asan_interceptors_memintrinsics.cpp'
[+] Pname: opensc Commit: bdb89174cd5441a279feea258c2792abbbe024ac Vulnerable to 27 Vulnerabilities, ARVO appllied 36/67 reversed patch.
[+] Pname: opensc Commit: bdb89174cd5441a279feea258c2792abbbe024ac Total: 108, Dedup: 8
[*] 				 b'stack-buffer-overflow /src/opensc/src/libopensc/iasecc-sdo.c'
[*] 				 b'stack-buffer-overflow /src/opensc/src/libopensc/sc.c'
[*] 				 b'stack-use-after-return /src/opensc/src/tests/fuzzing/../../../src/pkcs15init/profile.c'
[*] 				 b'global-buffer-overflow /src/opensc/src/libopensc/card.c'
[*] 				 b'double-free /src/llvm-project/compiler-rt/lib/asan/asan_malloc_linux.cpp'
[*] 				 b'heap-buffer-overflow /src/llvm-project/compiler-rt/lib/asan/asan_interceptors_memintrinsics.cpp'
[*] 				 b'stack-buffer-overflow /src/llvm-project/compiler-rt/lib/asan/../sanitizer_common/sanitizer_common_interceptors.inc'
[*] 				 b'memcpy-param-overlap /src/llvm-project/compiler-rt/lib/asan/asan_interceptors_memintrinsics.cpp'
[+] Pname: opensc Commit: a0aef25c7f2ce0ec2c7e1014f959f0fe86ff0479 Vulnerable to 28 Vulnerabilities, ARVO appllied 38/66 reversed patch.
[+] Pname: opensc Commit: a0aef25c7f2ce0ec2c7e1014f959f0fe86ff0479 Total: 110, Dedup: 9
[*] 				 b'stack-buffer-overflow /src/opensc/src/libopensc/sc.c'
[*] 				 b'stack-use-after-return /src/opensc/src/tests/fuzzing/../../../src/pkcs15init/profile.c'
[*] 				 b'stack-buffer-overflow /src/opensc/src/libopensc/iasecc-sdo.c'
[*] 				 b'global-buffer-overflow /src/opensc/src/libopensc/card.c'
[*] 				 b'double-free /src/llvm-project/compiler-rt/lib/asan/asan_malloc_linux.cpp'
[*] 				 b'heap-buffer-overflow /src/llvm-project/compiler-rt/lib/asan/asan_interceptors_memintrinsics.cpp'
[*] 				 b'stack-buffer-overflow /src/opensc/src/tests/fuzzing/../../../src/pkcs15init/pkcs15-lib.c'
[*] 				 b'stack-buffer-overflow /src/llvm-project/compiler-rt/lib/asan/../sanitizer_common/sanitizer_common_interceptors.inc'
[*] 				 b'memcpy-param-overlap /src/llvm-project/compiler-rt/lib/asan/asan_interceptors_memintrinsics.cpp'
[+] Pname: opensc Commit: b35993db095c14be95fc0f40b96b44e2850b7990 Vulnerable to 47 Vulnerabilities, ARVO appllied 24/47 reversed patch.
[+] Pname: opensc Commit: b35993db095c14be95fc0f40b96b44e2850b7990 Total: 123, Dedup: 2
[*] 				 b'global-buffer-overflow /src/opensc/src/libopensc/card.c'
[*] 				 b'stack-buffer-overflow /src/opensc/src/libopensc/card-cardos.c'
[+] Pname: opensc Commit: 70771735ae10180bb039043b9a1b00b66bf00fc1 Vulnerable to 27 Vulnerabilities, ARVO appllied 37/67 reversed patch.
[+] Pname: opensc Commit: 70771735ae10180bb039043b9a1b00b66bf00fc1 Total: 110, Dedup: 9
[*] 				 b'stack-buffer-overflow /src/opensc/src/libopensc/asn1.c'
[*] 				 b'heap-buffer-overflow /src/llvm-project/compiler-rt/lib/asan/asan_interceptors_memintrinsics.cpp'
[*] 				 b'stack-use-after-return /src/opensc/src/libopensc/pkcs15-tcos.c'
[*] 				 b'global-buffer-overflow /src/opensc/src/libopensc/card.c'
[*] 				 b'heap-use-after-free /src/opensc/src/libopensc/sc.c'
[*] 				 b'double-free /src/llvm-project/compiler-rt/lib/asan/asan_malloc_linux.cpp'
[*] 				 b'stack-buffer-overflow /src/opensc/src/libopensc/pkcs15-tcos.c'
[*] 				 b'heap-buffer-overflow /src/opensc/src/libopensc/pkcs15-oberthur.c'
[*] 				 b'memcpy-param-overlap /src/llvm-project/compiler-rt/lib/asan/asan_interceptors_memintrinsics.cpp'
[+] Pname: opensc Commit: a6eecaa30fc0323967bbd4d82093a45c7ef2d422 Vulnerable to 31 Vulnerabilities, ARVO appllied 35/63 reversed patch.
[+] Pname: opensc Commit: a6eecaa30fc0323967bbd4d82093a45c7ef2d422 Total: 111, Dedup: 10
[*] 				 b'stack-buffer-overflow /src/opensc/src/libopensc/asn1.c'
[*] 				 b'stack-use-after-return /src/opensc/src/libopensc/pkcs15-tcos.c'
[*] 				 b'heap-buffer-overflow /src/llvm-project/compiler-rt/lib/asan/asan_interceptors_memintrinsics.cpp'
[*] 				 b'global-buffer-overflow /src/opensc/src/libopensc/card.c'
[*] 				 b'double-free /src/llvm-project/compiler-rt/lib/asan/asan_malloc_linux.cpp'
[*] 				 b'heap-use-after-free /src/opensc/src/libopensc/sc.c'
[*] 				 b'stack-buffer-overflow /src/opensc/src/libopensc/card-authentic.c'
[*] 				 b'heap-buffer-overflow /src/opensc/src/libopensc/pkcs15-oberthur.c'
[*] 				 b'memcpy-param-overlap /src/llvm-project/compiler-rt/lib/asan/asan_interceptors_memintrinsics.cpp'
[*] 				 b'stack-buffer-overflow /src/opensc/src/libopensc/pkcs15-tcos.c'
[+] Pname: opensc Commit: 581b93543abbeda6c17a5da11e2cf82401824bef Vulnerable to 34 Vulnerabilities, ARVO appllied 31/60 reversed patch.
[+] Pname: opensc Commit: 581b93543abbeda6c17a5da11e2cf82401824bef Total: 122, Dedup: 1
[*] 				 b'global-buffer-overflow /src/opensc/src/libopensc/card.c'
[+] Pname: opensc Commit: 4edb7ceffb6d704688be20a71c77d302dea0e82a Vulnerable to 44 Vulnerabilities, ARVO appllied 26/50 reversed patch.
[+] Pname: opensc Commit: 4edb7ceffb6d704688be20a71c77d302dea0e82a Total: 1, Dedup: 1
[*] 				 b'global-buffer-overflow /src/opensc/src/libopensc/card.c'
[+] Pname: opensc Commit: 972d3292eee44e9b4c61769365a3ec651ec18f39 Vulnerable to 37 Vulnerabilities, ARVO appllied 31/57 reversed patch.
[+] Pname: opensc Commit: 972d3292eee44e9b4c61769365a3ec651ec18f39 Total: 123, Dedup: 2
[*] 				 b'global-buffer-overflow /src/opensc/src/libopensc/card.c'
[*] 				 b'stack-buffer-overflow /src/opensc/src/libopensc/asn1.c'
[+] Pname: opensc Commit: c4371fac9e5b5a5505d9f9f2ca6f8cc7a5d61a24 Vulnerable to 39 Vulnerabilities, ARVO appllied 31/55 reversed patch.
[+] Pname: opensc Commit: c4371fac9e5b5a5505d9f9f2ca6f8cc7a5d61a24 Total: 60, Dedup: 1
[*] 				 b'global-buffer-overflow /src/opensc/src/libopensc/card.c'
[+] Pname: opensc Commit: 2762c44a96fbc4a49799cc79c983c0bbfd89857e Vulnerable to 36 Vulnerabilities, ARVO appllied 31/58 reversed patch.
[+] Pname: opensc Commit: 2762c44a96fbc4a49799cc79c983c0bbfd89857e Total: 60, Dedup: 1
[*] 				 b'global-buffer-overflow /src/opensc/src/libopensc/card.c'
[+] Pname: opensc Commit: da37a0d5ece632080351c529ac87f00495eddbfa Vulnerable to 47 Vulnerabilities, ARVO appllied 23/47 reversed patch.
[+] Pname: opensc Commit: da37a0d5ece632080351c529ac87f00495eddbfa Total: 111, Dedup: 8
[*] 				 b'SUMMARY: libFuzzer: deadly signal\n'
[*] 				 b'undefined-behavior pkcs15-iasecc.c'
[*] 				 b'undefined-behavior sc.c'
[*] 				 b'undefined-behavior pkcs15-epass2003.c'
[*] 				 b'undefined-behavior pkcs15-myeid.c'
[*] 				 b'undefined-behavior ../../../src/pkcs15init/pkcs15-lib.c'
[*] 				 b'undefined-behavior ../../../src/pkcs15init/profile.c'
[*] 				 b'SUMMARY: UndefinedBehaviorSanitizer: SEGV (/lib/x86_64-linux-gnu/libc.so.6+0x188627) \n'
[+] Pname: opensc Commit: b349ad5b98fab0410f37fa5d7208770a40559b11 Vulnerable to 39 Vulnerabilities, ARVO appllied 30/55 reversed patch.
[+] Pname: opensc Commit: b349ad5b98fab0410f37fa5d7208770a40559b11 Total: 1, Dedup: 1
[*] 				 b'global-buffer-overflow /src/opensc/src/libopensc/card.c'
[+] Pname: opensc Commit: fdf343bfcd80d8041f6d199492cf5508dec7b2f8 Vulnerable to 44 Vulnerabilities, ARVO appllied 26/50 reversed patch.
[+] Pname: opensc Commit: fdf343bfcd80d8041f6d199492cf5508dec7b2f8 Total: 108, Dedup: 10
[*] 				 b'heap-buffer-overflow /src/opensc/src/libopensc/card-epass2003.c'
[*] 				 b'stack-buffer-overflow /src/opensc/src/libopensc/iasecc-sdo.c'
[*] 				 b'stack-buffer-overflow /src/opensc/src/libopensc/sc.c'
[*] 				 b'heap-buffer-overflow /src/llvm-project/compiler-rt/lib/asan/asan_interceptors_memintrinsics.cpp'
[*] 				 b'global-buffer-overflow /src/opensc/src/libopensc/card.c'
[*] 				 b'double-free /src/llvm-project/compiler-rt/lib/asan/asan_malloc_linux.cpp'
[*] 				 b'SEGV /src/opensc/src/libopensc/aux-data.c'
[*] 				 b'stack-buffer-overflow /src/opensc/src/tests/fuzzing/../../../src/pkcs15init/pkcs15-lib.c'
[*] 				 b'stack-buffer-overflow /src/llvm-project/compiler-rt/lib/asan/../sanitizer_common/sanitizer_common_interceptors.inc'
[*] 				 b'memcpy-param-overlap /src/llvm-project/compiler-rt/lib/asan/asan_interceptors_memintrinsics.cpp'
[+] Pname: opensc Commit: 4db93abfb7c6db89cf05577e971ce5d8544b502c Vulnerable to 48 Vulnerabilities, ARVO appllied 24/46 reversed patch.
[+] Pname: opensc Commit: 4db93abfb7c6db89cf05577e971ce5d8544b502c Total: 112, Dedup: 13
[*] 				 b'heap-buffer-overflow /src/opensc/src/tests/fuzzing/../../../src/pkcs15init/pkcs15-lib.c'
[*] 				 b'heap-buffer-overflow /src/opensc/src/libopensc/card-epass2003.c'
[*] 				 b'stack-buffer-overflow /src/opensc/src/libopensc/iasecc-sdo.c'
[*] 				 b'stack-use-after-return /src/opensc/src/tests/fuzzing/../../../src/pkcs15init/profile.c'
[*] 				 b'heap-buffer-overflow /src/llvm-project/compiler-rt/lib/asan/asan_interceptors_memintrinsics.cpp'
[*] 				 b'global-buffer-overflow /src/opensc/src/libopensc/card.c'
[*] 				 b'double-free /src/llvm-project/compiler-rt/lib/asan/asan_malloc_linux.cpp'
[*] 				 b'stack-buffer-overflow /src/opensc/src/libopensc/sc.c'
[*] 				 b'SEGV /src/opensc/src/libopensc/aux-data.c'
[*] 				 b'heap-buffer-overflow /src/opensc/src/pkcs15init/pkcs15-epass2003.c'
[*] 				 b'stack-buffer-overflow /src/opensc/src/tests/fuzzing/../../../src/pkcs15init/pkcs15-lib.c'
[*] 				 b'stack-buffer-overflow /src/llvm-project/compiler-rt/lib/asan/../sanitizer_common/sanitizer_common_interceptors.inc'
[*] 				 b'memcpy-param-overlap /src/llvm-project/compiler-rt/lib/asan/asan_interceptors_memintrinsics.cpp'
[+] Pname: opensc Commit: bfe896ae5d6604478d822a83030c165cac5bce9c Vulnerable to 8 Vulnerabilities, ARVO appllied 42/86 reversed patch.
[+] Pname: opensc Commit: bfe896ae5d6604478d822a83030c165cac5bce9c Total: 2, Dedup: 1
[*] 				 b'heap-buffer-overflow /src/llvm-project/compiler-rt/lib/asan/asan_interceptors_memintrinsics.cpp'
[+] Pname: opensc Commit: 23f3df96883123aa0e52932119c71c818799e742 Vulnerable to 6 Vulnerabilities, ARVO appllied 44/88 reversed patch.
[+] Pname: opensc Commit: 23f3df96883123aa0e52932119c71c818799e742 Total: 15, Dedup: 11
[*] 				 b'stack-buffer-overflow /src/opensc/src/libopensc/sc.c'
[*] 				 b'heap-buffer-overflow /src/llvm-project/compiler-rt/lib/asan/asan_interceptors_memintrinsics.cpp'
[*] 				 b'stack-use-after-return /src/opensc/src/tests/fuzzing/../../../src/pkcs15init/profile.c'
[*] 				 b'bad-free /src/llvm-project/compiler-rt/lib/asan/asan_malloc_linux.cpp'
[*] 				 b'stack-buffer-overflow /src/opensc/src/libopensc/card-entersafe.c'
[*] 				 b'stack-buffer-overflow /src/llvm-project/compiler-rt/lib/asan/asan_interceptors.cpp'
[*] 				 b'heap-buffer-overflow /src/opensc/src/pkcs15init/pkcs15-oberthur.c'
[*] 				 b'stack-buffer-overflow /src/llvm-project/compiler-rt/lib/asan/../sanitizer_common/sanitizer_common_interceptors.inc'
[*] 				 b'SEGV /src/opensc/src/libopensc/sc.c'
[*] 				 b'memcpy-param-overlap /src/llvm-project/compiler-rt/lib/asan/asan_interceptors_memintrinsics.cpp'
[*] 				 b'stack-buffer-overflow /src/llvm-project/compiler-rt/lib/asan/asan_interceptors_memintrinsics.cpp'
[+] Pname: opensc Commit: dfeeac68f9cc3b26fe434ef7cfe046905a54b1d5 Vulnerable to 15 Vulnerabilities, ARVO appllied 40/79 reversed patch.
[+] Pname: opensc Commit: dfeeac68f9cc3b26fe434ef7cfe046905a54b1d5 Total: 3, Dedup: 2
[*] 				 b'stack-buffer-overflow /src/opensc/src/libopensc/asn1.c'
[*] 				 b'heap-buffer-overflow /src/llvm-project/compiler-rt/lib/asan/asan_interceptors_memintrinsics.cpp'
[+] Pname: opensc Commit: b17d4a4dfb02ac6f0476b280588bca022d989e0b Vulnerable to 22 Vulnerabilities, ARVO appllied 33/72 reversed patch.
[+] Pname: opensc Commit: b17d4a4dfb02ac6f0476b280588bca022d989e0b Total: 15, Dedup: 12
[*] 				 b'stack-buffer-overflow /src/opensc/src/libopensc/iasecc-sdo.c'
[*] 				 b'stack-buffer-overflow /src/opensc/src/libopensc/sc.c'
[*] 				 b'heap-buffer-overflow /src/llvm-project/compiler-rt/lib/asan/asan_interceptors_memintrinsics.cpp'
[*] 				 b'stack-use-after-return /src/opensc/src/tests/fuzzing/../../../src/pkcs15init/profile.c'
[*] 				 b'stack-buffer-overflow /src/opensc/src/libopensc/card-entersafe.c'
[*] 				 b'stack-buffer-overflow /src/llvm-project/compiler-rt/lib/asan/asan_interceptors.cpp'
[*] 				 b'heap-buffer-overflow /src/opensc/src/pkcs15init/pkcs15-oberthur.c'
[*] 				 b'stack-buffer-overflow /src/llvm-project/compiler-rt/lib/asan/../sanitizer_common/sanitizer_common_interceptors.inc'
[*] 				 b'heap-buffer-overflow /src/opensc/src/pkcs15init/pkcs15-setcos.c'
[*] 				 b'SEGV /src/opensc/src/libopensc/sc.c'
[*] 				 b'memcpy-param-overlap /src/llvm-project/compiler-rt/lib/asan/asan_interceptors_memintrinsics.cpp'
[*] 				 b'stack-buffer-overflow /src/llvm-project/compiler-rt/lib/asan/asan_interceptors_memintrinsics.cpp'
[+] Pname: opensc Commit: d43cfd8afc59c872f13226b7076cdd2d817aca32 Vulnerable to 8 Vulnerabilities, ARVO appllied 44/86 reversed patch.
[+] Pname: opensc Commit: d43cfd8afc59c872f13226b7076cdd2d817aca32 Total: 16, Dedup: 11
[*] 				 b'stack-buffer-overflow /src/opensc/src/libopensc/sc.c'
[*] 				 b'heap-buffer-overflow /src/llvm-project/compiler-rt/lib/asan/asan_interceptors_memintrinsics.cpp'
[*] 				 b'bad-free /src/llvm-project/compiler-rt/lib/asan/asan_malloc_linux.cpp'
[*] 				 b'stack-use-after-return /src/opensc/src/tests/fuzzing/../../../src/pkcs15init/profile.c'
[*] 				 b'stack-buffer-overflow /src/opensc/src/libopensc/card-entersafe.c'
[*] 				 b'stack-buffer-overflow /src/llvm-project/compiler-rt/lib/asan/asan_interceptors.cpp'
[*] 				 b'heap-buffer-overflow /src/opensc/src/pkcs15init/pkcs15-oberthur.c'
[*] 				 b'stack-buffer-overflow /src/llvm-project/compiler-rt/lib/asan/../sanitizer_common/sanitizer_common_interceptors.inc'
[*] 				 b'SEGV /src/opensc/src/libopensc/sc.c'
[*] 				 b'memcpy-param-overlap /src/llvm-project/compiler-rt/lib/asan/asan_interceptors_memintrinsics.cpp'
[*] 				 b'stack-buffer-overflow /src/llvm-project/compiler-rt/lib/asan/asan_interceptors_memintrinsics.cpp'
[+] Pname: opensc Commit: ffbff25ec6c6d0ad3f8df76f57210698f7947fc3 Vulnerable to 21 Vulnerabilities, ARVO appllied 34/73 reversed patch.
[+] Pname: opensc Commit: ffbff25ec6c6d0ad3f8df76f57210698f7947fc3 Total: 0, Dedup: 0
[+] Pname: opensc Commit: fa709de8dc5045f390f321cb65c9c73c36d52dd0 Vulnerable to 14 Vulnerabilities, ARVO appllied 41/80 reversed patch.
[+] Pname: opensc Commit: fa709de8dc5045f390f321cb65c9c73c36d52dd0 Total: 3, Dedup: 3
[*] 				 b'heap-buffer-overflow /src/llvm-project/compiler-rt/lib/asan/asan_interceptors_memintrinsics.cpp'
[*] 				 b'stack-buffer-overflow /src/llvm-project/compiler-rt/lib/asan/../sanitizer_common/sanitizer_common_interceptors_format.inc'
[*] 				 b'heap-buffer-overflow /src/opensc/src/libopensc/iasecc-sdo.c'
[+] Pname: opensc Commit: 8fc2c20c3f895569eeb58328bb882aec07325d3b Vulnerable to 11 Vulnerabilities, ARVO appllied 41/83 reversed patch.
[+] Pname: opensc Commit: 8fc2c20c3f895569eeb58328bb882aec07325d3b Total: 1, Dedup: 1
[*] 				 b'double-free /src/llvm-project/compiler-rt/lib/asan/asan_malloc_linux.cpp'
[+] Pname: opensc Commit: 74eb6f71debfb8be02881dd4550e89b70e3c9091 Vulnerable to 12 Vulnerabilities, ARVO appllied 40/82 reversed patch.
[+] Pname: opensc Commit: 74eb6f71debfb8be02881dd4550e89b70e3c9091 Total: 1, Dedup: 1
[*] 				 b'stack-buffer-overflow /src/llvm-project/compiler-rt/lib/asan/../sanitizer_common/sanitizer_common_interceptors_format.inc'
[+] Pname: opensc Commit: 1954e5d6a52b4de26d9edfe7b23aab9525d01de4 Vulnerable to 14 Vulnerabilities, ARVO appllied 39/80 reversed patch.
[+] Pname: opensc Commit: 1954e5d6a52b4de26d9edfe7b23aab9525d01de4 Total: 15, Dedup: 10
[*] 				 b'stack-buffer-overflow /src/opensc/src/libopensc/sc.c'
[*] 				 b'heap-buffer-overflow /src/llvm-project/compiler-rt/lib/asan/asan_interceptors_memintrinsics.cpp'
[*] 				 b'bad-free /src/llvm-project/compiler-rt/lib/asan/asan_malloc_linux.cpp'
[*] 				 b'stack-use-after-return /src/opensc/src/tests/fuzzing/../../../src/pkcs15init/profile.c'
[*] 				 b'stack-buffer-overflow /src/llvm-project/compiler-rt/lib/asan/asan_interceptors.cpp'
[*] 				 b'heap-buffer-overflow /src/opensc/src/pkcs15init/pkcs15-oberthur.c'
[*] 				 b'stack-buffer-overflow /src/llvm-project/compiler-rt/lib/asan/../sanitizer_common/sanitizer_common_interceptors.inc'
[*] 				 b'SEGV /src/opensc/src/libopensc/sc.c'
[*] 				 b'memcpy-param-overlap /src/llvm-project/compiler-rt/lib/asan/asan_interceptors_memintrinsics.cpp'
[*] 				 b'stack-buffer-overflow /src/llvm-project/compiler-rt/lib/asan/asan_interceptors_memintrinsics.cpp'
[+] Pname: opensc Commit: f7dc16401cef84cdfde212de38cb6faa125430b9 Vulnerable to 15 Vulnerabilities, ARVO appllied 40/79 reversed patch.
[+] Pname: opensc Commit: f7dc16401cef84cdfde212de38cb6faa125430b9 Total: 15, Dedup: 12
[*] 				 b'stack-buffer-overflow /src/opensc/src/libopensc/sc.c'
[*] 				 b'stack-buffer-overflow /src/opensc/src/libopensc/iasecc-sdo.c'
[*] 				 b'heap-buffer-overflow /src/llvm-project/compiler-rt/lib/asan/asan_interceptors_memintrinsics.cpp'
[*] 				 b'bad-free /src/llvm-project/compiler-rt/lib/asan/asan_malloc_linux.cpp'
[*] 				 b'stack-use-after-return /src/opensc/src/tests/fuzzing/../../../src/pkcs15init/profile.c'
[*] 				 b'stack-buffer-overflow /src/opensc/src/libopensc/card-entersafe.c'
[*] 				 b'stack-buffer-overflow /src/llvm-project/compiler-rt/lib/asan/asan_interceptors.cpp'
[*] 				 b'stack-buffer-overflow /src/llvm-project/compiler-rt/lib/asan/../sanitizer_common/sanitizer_common_interceptors.inc'
[*] 				 b'heap-buffer-overflow /src/opensc/src/pkcs15init/pkcs15-setcos.c'
[*] 				 b'SEGV /src/opensc/src/libopensc/sc.c'
[*] 				 b'memcpy-param-overlap /src/llvm-project/compiler-rt/lib/asan/asan_interceptors_memintrinsics.cpp'
[*] 				 b'stack-buffer-overflow /src/llvm-project/compiler-rt/lib/asan/asan_interceptors_memintrinsics.cpp'
[+] Pname: opensc Commit: a6efa69f4683a7731d5ffe345776b1d8d1423804 Vulnerable to 15 Vulnerabilities, ARVO appllied 40/79 reversed patch.
[+] Pname: opensc Commit: a6efa69f4683a7731d5ffe345776b1d8d1423804 Total: 17, Dedup: 13
[*] 				 b'stack-buffer-overflow /src/opensc/src/libopensc/sc.c'
[*] 				 b'heap-buffer-overflow /src/llvm-project/compiler-rt/lib/asan/asan_interceptors_memintrinsics.cpp'
[*] 				 b'stack-use-after-return /src/opensc/src/tests/fuzzing/../../../src/pkcs15init/profile.c'
[*] 				 b'bad-free /src/llvm-project/compiler-rt/lib/asan/asan_malloc_linux.cpp'
[*] 				 b'stack-buffer-overflow /src/opensc/src/libopensc/iasecc-sdo.c'
[*] 				 b'stack-buffer-overflow /src/opensc/src/libopensc/card-entersafe.c'
[*] 				 b'stack-buffer-overflow /src/llvm-project/compiler-rt/lib/asan/asan_interceptors.cpp'
[*] 				 b'heap-buffer-overflow /src/opensc/src/pkcs15init/pkcs15-oberthur.c'
[*] 				 b'stack-buffer-overflow /src/llvm-project/compiler-rt/lib/asan/../sanitizer_common/sanitizer_common_interceptors.inc'
[*] 				 b'heap-buffer-overflow /src/opensc/src/pkcs15init/pkcs15-setcos.c'
[*] 				 b'SEGV /src/opensc/src/libopensc/sc.c'
[*] 				 b'memcpy-param-overlap /src/llvm-project/compiler-rt/lib/asan/asan_interceptors_memintrinsics.cpp'
[*] 				 b'stack-buffer-overflow /src/llvm-project/compiler-rt/lib/asan/asan_interceptors_memintrinsics.cpp'
[+] Pname: opensc Commit: 681c780fbafd48af53b491e562e6b2b435c06e10 Vulnerable to 21 Vulnerabilities, ARVO appllied 34/73 reversed patch.
[+] Pname: opensc Commit: 681c780fbafd48af53b491e562e6b2b435c06e10 Total: 1, Dedup: 1
[*] 				 b'stack-buffer-overflow /src/llvm-project/compiler-rt/lib/asan/../sanitizer_common/sanitizer_common_interceptors_format.inc'
[+] Pname: opensc Commit: aa394f2576adf9950d98f4994e7680574139854b Vulnerable to 22 Vulnerabilities, ARVO appllied 38/72 reversed patch.
[+] Pname: opensc Commit: aa394f2576adf9950d98f4994e7680574139854b Total: 60, Dedup: 1
[*] 				 b'global-buffer-overflow /src/opensc/src/libopensc/card.c'
[+] Pname: opensc Commit: 9628e06ad70def92aaa776217164fac57791d123 Vulnerable to 22 Vulnerabilities, ARVO appllied 33/72 reversed patch.
[+] Pname: opensc Commit: 9628e06ad70def92aaa776217164fac57791d123 Total: 11, Dedup: 9
[*] 				 b'stack-buffer-overflow /src/opensc/src/libopensc/iasecc-sdo.c'
[*] 				 b'heap-buffer-overflow /src/llvm-project/compiler-rt/lib/asan/asan_interceptors_memintrinsics.cpp'
[*] 				 b'stack-use-after-return /src/opensc/src/tests/fuzzing/../../../src/pkcs15init/profile.c'
[*] 				 b'stack-buffer-overflow /src/opensc/src/libopensc/sc.c'
[*] 				 b'stack-buffer-overflow /src/llvm-project/compiler-rt/lib/asan/asan_interceptors.cpp'
[*] 				 b'stack-buffer-overflow /src/llvm-project/compiler-rt/lib/asan/../sanitizer_common/sanitizer_common_interceptors.inc'
[*] 				 b'SEGV /src/opensc/src/libopensc/sc.c'
[*] 				 b'memcpy-param-overlap /src/llvm-project/compiler-rt/lib/asan/asan_interceptors_memintrinsics.cpp'
[*] 				 b'stack-buffer-overflow /src/llvm-project/compiler-rt/lib/asan/asan_interceptors_memintrinsics.cpp'
[+] Pname: opensc Commit: 34f6ca6ed1cdd6eeb0faac4087634467ff604a26 Vulnerable to 24 Vulnerabilities, ARVO appllied 39/70 reversed patch.
[+] Pname: opensc Commit: 34f6ca6ed1cdd6eeb0faac4087634467ff604a26 Total: 105, Dedup: 4
[*] 				 b'SEGV (/lib/x86_64-linux-gnu/libc.so.6+0x188717) (BuildId'
[*] 				 b'SUMMARY: libFuzzer: deadly signal\n'
[*] 				 b'undefined-behavior ../../../src/pkcs15init/profile.c'
[*] 				 b'undefined-behavior sc.c'
[+] Pname: opensc Commit: aadd82bb071e574fc57263a103e3bf06ebbd8de7 Vulnerable to 27 Vulnerabilities, ARVO appllied 37/67 reversed patch.
[+] Pname: opensc Commit: aadd82bb071e574fc57263a103e3bf06ebbd8de7 Total: 110, Dedup: 9
[*] 				 b'stack-buffer-overflow /src/opensc/src/libopensc/sc.c'
[*] 				 b'heap-buffer-overflow /src/llvm-project/compiler-rt/lib/asan/asan_interceptors_memintrinsics.cpp'
[*] 				 b'stack-buffer-overflow /src/opensc/src/libopensc/iasecc-sdo.c'
[*] 				 b'global-buffer-overflow /src/opensc/src/libopensc/card.c'
[*] 				 b'double-free /src/llvm-project/compiler-rt/lib/asan/asan_malloc_linux.cpp'
[*] 				 b'stack-use-after-return /src/opensc/src/tests/fuzzing/../../../src/pkcs15init/profile.c'
[*] 				 b'stack-buffer-overflow /src/opensc/src/tests/fuzzing/../../../src/pkcs15init/pkcs15-lib.c'
[*] 				 b'stack-buffer-overflow /src/llvm-project/compiler-rt/lib/asan/../sanitizer_common/sanitizer_common_interceptors.inc'
[*] 				 b'memcpy-param-overlap /src/llvm-project/compiler-rt/lib/asan/asan_interceptors_memintrinsics.cpp'
[+] Pname: opensc Commit: f947652b3fa806c9964ca9a3db644c7cf64a7f4a Vulnerable to 22 Vulnerabilities, ARVO appllied 41/72 reversed patch.
[+] Pname: opensc Commit: f947652b3fa806c9964ca9a3db644c7cf64a7f4a Total: 109, Dedup: 8
[*] 				 b'stack-buffer-overflow /src/opensc/src/libopensc/sc.c'
[*] 				 b'stack-use-after-return /src/opensc/src/tests/fuzzing/../../../src/pkcs15init/profile.c'
[*] 				 b'stack-buffer-overflow /src/opensc/src/libopensc/iasecc-sdo.c'
[*] 				 b'global-buffer-overflow /src/opensc/src/libopensc/card.c'
[*] 				 b'double-free /src/llvm-project/compiler-rt/lib/asan/asan_malloc_linux.cpp'
[*] 				 b'heap-buffer-overflow /src/llvm-project/compiler-rt/lib/asan/asan_interceptors_memintrinsics.cpp'
[*] 				 b'stack-buffer-overflow /src/llvm-project/compiler-rt/lib/asan/../sanitizer_common/sanitizer_common_interceptors.inc'
[*] 				 b'memcpy-param-overlap /src/llvm-project/compiler-rt/lib/asan/asan_interceptors_memintrinsics.cpp'
[+] Pname: opensc Commit: 49379b0f0fa6895f2ab0e12462cc6ef9f7512b5c Vulnerable to 27 Vulnerabilities, ARVO appllied 37/67 reversed patch.
[+] Pname: opensc Commit: 49379b0f0fa6895f2ab0e12462cc6ef9f7512b5c Total: 110, Dedup: 9
[*] 				 b'stack-buffer-overflow /src/opensc/src/libopensc/sc.c'
[*] 				 b'stack-buffer-overflow /src/opensc/src/libopensc/iasecc-sdo.c'
[*] 				 b'stack-use-after-return /src/opensc/src/tests/fuzzing/../../../src/pkcs15init/profile.c'
[*] 				 b'global-buffer-overflow /src/opensc/src/libopensc/card.c'
[*] 				 b'heap-buffer-overflow /src/llvm-project/compiler-rt/lib/asan/asan_interceptors_memintrinsics.cpp'
[*] 				 b'double-free /src/llvm-project/compiler-rt/lib/asan/asan_malloc_linux.cpp'
[*] 				 b'stack-buffer-overflow /src/opensc/src/tests/fuzzing/../../../src/pkcs15init/pkcs15-lib.c'
[*] 				 b'stack-buffer-overflow /src/llvm-project/compiler-rt/lib/asan/../sanitizer_common/sanitizer_common_interceptors.inc'
[*] 				 b'memcpy-param-overlap /src/llvm-project/compiler-rt/lib/asan/asan_interceptors_memintrinsics.cpp'
[+] Pname: opensc Commit: a97e702bb8e66b4f5b6230b9962b7d36869237bc Vulnerable to 25 Vulnerabilities, ARVO appllied 38/69 reversed patch.
[+] Pname: opensc Commit: a97e702bb8e66b4f5b6230b9962b7d36869237bc Total: 109, Dedup: 8
[*] 				 b'stack-buffer-overflow /src/opensc/src/libopensc/sc.c'
[*] 				 b'stack-buffer-overflow /src/opensc/src/libopensc/iasecc-sdo.c'
[*] 				 b'stack-use-after-return /src/opensc/src/tests/fuzzing/../../../src/pkcs15init/profile.c'
[*] 				 b'global-buffer-overflow /src/opensc/src/libopensc/card.c'
[*] 				 b'heap-buffer-overflow /src/llvm-project/compiler-rt/lib/asan/asan_interceptors_memintrinsics.cpp'
[*] 				 b'double-free /src/llvm-project/compiler-rt/lib/asan/asan_malloc_linux.cpp'
[*] 				 b'stack-buffer-overflow /src/llvm-project/compiler-rt/lib/asan/../sanitizer_common/sanitizer_common_interceptors.inc'
[*] 				 b'memcpy-param-overlap /src/llvm-project/compiler-rt/lib/asan/asan_interceptors_memintrinsics.cpp'
[+] Pname: opensc Commit: 865cb43a8c81b1a8a0a44f0d439b0d50494084a5 Vulnerable to 4 Vulnerabilities, ARVO appllied 29/90 reversed patch.
[+] Pname: opensc Commit: 865cb43a8c81b1a8a0a44f0d439b0d50494084a5 Total: 6, Dedup: 4
[*] 				 b'stack-use-after-return /src/opensc/src/tests/fuzzing/../../../src/pkcs15init/profile.c'
[*] 				 b'SEGV /src/opensc/src/libopensc/sc.c'
[*] 				 b'stack-buffer-overflow /src/opensc/src/libopensc/sc.c'
[*] 				 b'heap-buffer-overflow /src/llvm-project/compiler-rt/lib/asan/asan_interceptors_memintrinsics.cpp'
[+] Pname: opensc Commit: 1ab2af78f0a7214404e9545c965b877327dc117d Vulnerable to 4 Vulnerabilities, ARVO appllied 29/90 reversed patch.
[+] Pname: opensc Commit: 1ab2af78f0a7214404e9545c965b877327dc117d Total: 4, Dedup: 4
[*] 				 b'SEGV /src/opensc/src/libopensc/sc.c'
[*] 				 b'stack-buffer-overflow /src/opensc/src/libopensc/sc.c'
[*] 				 b'stack-use-after-return /src/opensc/src/tests/fuzzing/../../../src/pkcs15init/profile.c'
[*] 				 b'heap-buffer-overflow /src/llvm-project/compiler-rt/lib/asan/asan_interceptors_memintrinsics.cpp'
[+] Pname: opensc Commit: 7c19a920d7c94efa3695967b61d6981900503218 Vulnerable to 5 Vulnerabilities, ARVO appllied 31/89 reversed patch.
[+] Pname: opensc Commit: 7c19a920d7c94efa3695967b61d6981900503218 Total: 14, Dedup: 9
[*] 				 b'stack-buffer-overflow /src/opensc/src/libopensc/sc.c'
[*] 				 b'stack-use-after-return /src/opensc/src/tests/fuzzing/../../../src/pkcs15init/profile.c'
[*] 				 b'heap-buffer-overflow /src/llvm-project/compiler-rt/lib/asan/asan_interceptors_memintrinsics.cpp'
[*] 				 b'stack-buffer-overflow /src/opensc/src/libopensc/card-entersafe.c'
[*] 				 b'heap-buffer-overflow /src/opensc/src/pkcs15init/pkcs15-oberthur.c'
[*] 				 b'stack-buffer-overflow /src/llvm-project/compiler-rt/lib/asan/../sanitizer_common/sanitizer_common_interceptors.inc'
[*] 				 b'SEGV /src/opensc/src/libopensc/sc.c'
[*] 				 b'memcpy-param-overlap /src/llvm-project/compiler-rt/lib/asan/asan_interceptors_memintrinsics.cpp'
[*] 				 b'stack-buffer-overflow /src/llvm-project/compiler-rt/lib/asan/asan_interceptors_memintrinsics.cpp'
[+] Pname: opensc Commit: 773fcc6bd0d047aa629dd297e87244ca3add5b16 Vulnerable to 6 Vulnerabilities, ARVO appllied 44/88 reversed patch.
[+] Pname: opensc Commit: 773fcc6bd0d047aa629dd297e87244ca3add5b16 Total: 16, Dedup: 12
[*] 				 b'stack-buffer-overflow /src/opensc/src/libopensc/sc.c'
[*] 				 b'heap-buffer-overflow /src/llvm-project/compiler-rt/lib/asan/asan_interceptors_memintrinsics.cpp'
[*] 				 b'bad-free /src/llvm-project/compiler-rt/lib/asan/asan_malloc_linux.cpp'
[*] 				 b'stack-use-after-return /src/opensc/src/tests/fuzzing/../../../src/pkcs15init/profile.c'
[*] 				 b'heap-use-after-free /src/opensc/src/libopensc/card-iasecc.c'
[*] 				 b'stack-buffer-overflow /src/opensc/src/libopensc/card-entersafe.c'
[*] 				 b'stack-buffer-overflow /src/llvm-project/compiler-rt/lib/asan/asan_interceptors.cpp'
[*] 				 b'heap-buffer-overflow /src/opensc/src/pkcs15init/pkcs15-oberthur.c'
[*] 				 b'stack-buffer-overflow /src/llvm-project/compiler-rt/lib/asan/../sanitizer_common/sanitizer_common_interceptors.inc'
[*] 				 b'SEGV /src/opensc/src/libopensc/sc.c'
[*] 				 b'memcpy-param-overlap /src/llvm-project/compiler-rt/lib/asan/asan_interceptors_memintrinsics.cpp'
[*] 				 b'stack-buffer-overflow /src/llvm-project/compiler-rt/lib/asan/asan_interceptors_memintrinsics.cpp'
[+] Pname: opensc Commit: c3545018d059b4debde33b9f34de719dd41e5531 Vulnerable to 6 Vulnerabilities, ARVO appllied 44/88 reversed patch.
[+] Pname: opensc Commit: c3545018d059b4debde33b9f34de719dd41e5531 Total: 15, Dedup: 11
[*] 				 b'stack-buffer-overflow /src/opensc/src/libopensc/sc.c'
[*] 				 b'heap-buffer-overflow /src/llvm-project/compiler-rt/lib/asan/asan_interceptors_memintrinsics.cpp'
[*] 				 b'stack-use-after-return /src/opensc/src/tests/fuzzing/../../../src/pkcs15init/profile.c'
[*] 				 b'bad-free /src/llvm-project/compiler-rt/lib/asan/asan_malloc_linux.cpp'
[*] 				 b'stack-buffer-overflow /src/opensc/src/libopensc/card-entersafe.c'
[*] 				 b'stack-buffer-overflow /src/llvm-project/compiler-rt/lib/asan/asan_interceptors.cpp'
[*] 				 b'heap-buffer-overflow /src/opensc/src/pkcs15init/pkcs15-oberthur.c'
[*] 				 b'stack-buffer-overflow /src/llvm-project/compiler-rt/lib/asan/../sanitizer_common/sanitizer_common_interceptors.inc'
[*] 				 b'SEGV /src/opensc/src/libopensc/sc.c'
[*] 				 b'memcpy-param-overlap /src/llvm-project/compiler-rt/lib/asan/asan_interceptors_memintrinsics.cpp'
[*] 				 b'stack-buffer-overflow /src/llvm-project/compiler-rt/lib/asan/asan_interceptors_memintrinsics.cpp'
[+] Pname: opensc Commit: dec16d62cafc036ac882e62c2a6234019e1f0704 Vulnerable to 22 Vulnerabilities, ARVO appllied 38/72 reversed patch.
[+] Pname: opensc Commit: dec16d62cafc036ac882e62c2a6234019e1f0704 Total: 107, Dedup: 7
[*] 				 b'stack-buffer-overflow /src/opensc/src/libopensc/asn1.c'
[*] 				 b'heap-buffer-overflow /src/llvm-project/compiler-rt/lib/asan/asan_interceptors_memintrinsics.cpp'
[*] 				 b'global-buffer-overflow /src/opensc/src/libopensc/card.c'
[*] 				 b'double-free /src/llvm-project/compiler-rt/lib/asan/asan_malloc_linux.cpp'
[*] 				 b'heap-buffer-overflow /src/opensc/src/libopensc/pkcs15-oberthur.c'
[*] 				 b'memcpy-param-overlap /src/llvm-project/compiler-rt/lib/asan/asan_interceptors_memintrinsics.cpp'
[*] 				 b'stack-buffer-overflow /src/llvm-project/compiler-rt/lib/asan/asan_interceptors_memintrinsics.cpp'
[+] Pname: opensc Commit: e5a40f63525b4c01c9901918b7211d802ff027f9 Vulnerable to 0 Vulnerabilities, ARVO appllied 29/94 reversed patch.
[+] Pname: opensc Commit: e5a40f63525b4c01c9901918b7211d802ff027f9 Total: 1, Dedup: 1
[*] 				 b'stack-buffer-overflow /src/opensc/src/libopensc/asn1.c'
[+] Pname: opensc Commit: 4aae2a9203ef80f19429c1f86eaa252247d4e75f Vulnerable to 1 Vulnerabilities, ARVO appllied 29/93 reversed patch.
[+] Pname: opensc Commit: 4aae2a9203ef80f19429c1f86eaa252247d4e75f Total: 4, Dedup: 3
[*] 				 b'stack-buffer-overflow /src/opensc/src/libopensc/apdu.c'
[*] 				 b'stack-buffer-overflow /src/opensc/src/tests/fuzzing/fuzzer_reader.c'
[*] 				 b'stack-buffer-overflow /src/opensc/src/libopensc/asn1.c'
/home/n132/ARVO/arvo/Log/AIO/opensc
