[+] Project: selinux
Append 36 commits to the queue
[+] Pname: selinux Commit: af3e6789f0ab153f1e9707a4f4d2d6d5893e54e2 Vulnerable to 26 Vulnerabilities, ARVO appllied 0/0 reversed patch.
[+] Pname: selinux Commit: af3e6789f0ab153f1e9707a4f4d2d6d5893e54e2 Total: 24, Dedup: 13
[*] 				 b'heap-buffer-overflow /src/selinux/libsepol/src/../cil/src/cil_resolve_ast.c'
[*] 				 b'heap-buffer-overflow /src/selinux/libsepol/src/../cil/src/cil_binary.c'
[*] 				 b'heap-use-after-free /src/selinux/libsepol/src/../cil/src/cil_resolve_ast.c'
[*] 				 b'heap-buffer-overflow /src/selinux/libsepol/src/ebitmap.c'
[*] 				 b'heap-buffer-overflow /src/selinux/libsepol/src/../cil/src/cil_verify.c'
[*] 				 b'heap-buffer-overflow /src/selinux/libsepol/src/../cil/src/cil_post.c'
[*] 				 b'heap-use-after-free /src/selinux/libsepol/src/../cil/src/cil_tree.c'
[*] 				 b'heap-use-after-free /src/selinux/libsepol/src/../cil/src/cil_list.c'
[*] 				 b'SEGV /src/selinux/libsepol/src/optimize.c'
[*] 				 b'heap-use-after-free /src/selinux/libsepol/src/../cil/src/cil_symtab.c'
[*] 				 b'stack-use-after-return /src/selinux/libsepol/src/../cil/src/cil_copy_ast.c'
[*] 				 b'stack-use-after-return /src/selinux/libsepol/src/../cil/src/cil_list.c'
[*] 				 b'heap-use-after-free /src/selinux/libsepol/src/../cil/src/cil_reset_ast.c'
[+] Pname: selinux Commit: 0451adebdf153eee1f69914141311114a0130982 Vulnerable to 22 Vulnerabilities, ARVO appllied 3/4 reversed patch.
[+] Pname: selinux Commit: 0451adebdf153eee1f69914141311114a0130982 Total: 15, Dedup: 11
[*] 				 b'use-of-uninitialized-value /src/selinux/libsepol/src/../cil/src/cil_reset_ast.c'
[*] 				 b'SUMMARY: libFuzzer: out-of-memory\n'
[*] 				 No SUMMARY
[*] 				 b'use-of-uninitialized-value /src/selinux/libsepol/src/../cil/src/cil_list.c'
[*] 				 b'SEGV /src/selinux/libsepol/src/../cil/src/cil_resolve_ast.c'
[*] 				 b'SEGV /src/selinux/libsepol/src/optimize.c'
[*] 				 b'use-of-uninitialized-value /src/selinux/libsepol/src/../cil/src/cil_build_ast.c'
[*] 				 b'SUMMARY: MemorySanitizer: SEGV /src/selinux/libsepol/src/optimize.c in is_type_attr\n'
[*] 				 b'use-of-uninitialized-value /src/selinux/libsepol/src/../cil/src/cil_verify.c'
[*] 				 b'use-of-uninitialized-value /src/selinux/libsepol/src/../cil/src/cil_tree.c'
[*] 				 b'SUMMARY: MemorySanitizer: SEGV /src/selinux/libsepol/src/../cil/src/cil_verify.c in __cil_verify_classperms\n'
[+] Pname: selinux Commit: e2d018423d5910e88947bba3b96d2f301d890c62 Vulnerable to 26 Vulnerabilities, ARVO appllied 0/4 reversed patch.
[+] Pname: selinux Commit: e2d018423d5910e88947bba3b96d2f301d890c62 Total: 14, Dedup: 11
[*] 				 b'SUMMARY: libFuzzer: deadly signal\n'
[*] 				 b'undefined-behavior ../cil/src/cil_resolve_ast.c'
[*] 				 b'undefined-behavior ../cil/src/cil_verify.c'
[*] 				 b'SUMMARY: libFuzzer: out-of-memory\n'
[*] 				 No SUMMARY
[*] 				 b'SEGV /src/selinux/libsepol/src/../cil/src/cil_tree.c'
[*] 				 b'SEGV /src/selinux/libsepol/src/optimize.c'
[*] 				 b'SEGV /src/selinux/libsepol/src/../cil/src/cil_resolve_ast.c'
[*] 				 b'undefined-behavior ../cil/src/cil_post.c'
[*] 				 b'SEGV /src/selinux/libsepol/src/../cil/src/cil_verify.c'
[*] 				 b'undefined-behavior ../cil/src/cil_binary.c'
[+] Pname: selinux Commit: 90809674c13c03e324dff560654d0e686c5fc46b Vulnerable to 26 Vulnerabilities, ARVO appllied 0/4 reversed patch.
[+] Pname: selinux Commit: 90809674c13c03e324dff560654d0e686c5fc46b Total: 24, Dedup: 14
[*] 				 b'heap-buffer-overflow /src/selinux/libsepol/src/../cil/src/cil_resolve_ast.c'
[*] 				 b'heap-buffer-overflow /src/selinux/libsepol/src/../cil/src/cil_binary.c'
[*] 				 b'heap-use-after-free /src/selinux/libsepol/src/../cil/src/cil_resolve_ast.c'
[*] 				 b'heap-buffer-overflow /src/selinux/libsepol/src/ebitmap.c'
[*] 				 b'heap-buffer-overflow /src/selinux/libsepol/src/../cil/src/cil_verify.c'
[*] 				 b'heap-buffer-overflow /src/selinux/libsepol/src/../cil/src/cil_post.c'
[*] 				 b'SUMMARY: libFuzzer: out-of-memory\n'
[*] 				 b'heap-use-after-free /src/selinux/libsepol/src/../cil/src/cil_tree.c'
[*] 				 b'heap-use-after-free /src/selinux/libsepol/src/../cil/src/cil_list.c'
[*] 				 b'SEGV /src/selinux/libsepol/src/optimize.c'
[*] 				 b'heap-use-after-free /src/selinux/libsepol/src/../cil/src/cil_symtab.c'
[*] 				 b'stack-use-after-return /src/selinux/libsepol/src/../cil/src/cil_copy_ast.c'
[*] 				 b'stack-use-after-return /src/selinux/libsepol/src/../cil/src/cil_list.c'
[*] 				 b'heap-use-after-free /src/selinux/libsepol/src/../cil/src/cil_reset_ast.c'
[+] Pname: selinux Commit: bad0a746e9f4cf260dedba5828d9645d50176aac Vulnerable to 15 Vulnerabilities, ARVO appllied 7/15 reversed patch.
[+] Pname: selinux Commit: bad0a746e9f4cf260dedba5828d9645d50176aac Total: 11, Dedup: 9
[*] 				 b'use-of-uninitialized-value /src/selinux/libsepol/src/../cil/src/cil_reset_ast.c'
[*] 				 b'SUMMARY: libFuzzer: out-of-memory\n'
[*] 				 b'use-of-uninitialized-value /src/selinux/libsepol/src/../cil/src/cil_list.c'
[*] 				 b'SEGV /src/selinux/libsepol/src/../cil/src/cil_resolve_ast.c'
[*] 				 b'SEGV /src/selinux/libsepol/src/optimize.c'
[*] 				 b'use-of-uninitialized-value /src/selinux/libsepol/src/../cil/src/cil_build_ast.c'
[*] 				 b'SUMMARY: MemorySanitizer: SEGV /src/selinux/libsepol/src/optimize.c in is_type_attr\n'
[*] 				 b'use-of-uninitialized-value /src/selinux/libsepol/src/../cil/src/cil_tree.c'
[*] 				 b'SUMMARY: MemorySanitizer: SEGV /src/selinux/libsepol/src/../cil/src/cil_verify.c in __cil_verify_classperms\n'
[+] Pname: selinux Commit: f0d98f83d28a0cdf437b4cafe229e27cb91eb493 Vulnerable to 24 Vulnerabilities, ARVO appllied 1/6 reversed patch.
[+] Pname: selinux Commit: f0d98f83d28a0cdf437b4cafe229e27cb91eb493 Total: 20, Dedup: 12
[*] 				 b'heap-buffer-overflow /src/selinux/libsepol/src/../cil/src/cil_resolve_ast.c'
[*] 				 b'heap-buffer-overflow /src/selinux/libsepol/src/../cil/src/cil_binary.c'
[*] 				 b'heap-use-after-free /src/selinux/libsepol/src/../cil/src/cil_resolve_ast.c'
[*] 				 b'heap-buffer-overflow /src/selinux/libsepol/src/ebitmap.c'
[*] 				 b'heap-buffer-overflow /src/selinux/libsepol/src/../cil/src/cil_verify.c'
[*] 				 b'heap-buffer-overflow /src/selinux/libsepol/src/../cil/src/cil_post.c'
[*] 				 b'SUMMARY: libFuzzer: out-of-memory\n'
[*] 				 b'heap-use-after-free /src/selinux/libsepol/src/../cil/src/cil_list.c'
[*] 				 b'SEGV /src/selinux/libsepol/src/optimize.c'
[*] 				 b'heap-use-after-free /src/selinux/libsepol/src/../cil/src/cil_symtab.c'
[*] 				 b'heap-use-after-free /src/selinux/libsepol/src/../cil/src/cil_tree.c'
[*] 				 b'heap-use-after-free /src/selinux/libsepol/src/../cil/src/cil_reset_ast.c'
[+] Pname: selinux Commit: b7ea65f547c67bfbae4ae133052583b090747e5a Vulnerable to 24 Vulnerabilities, ARVO appllied 1/6 reversed patch.
[+] Pname: selinux Commit: b7ea65f547c67bfbae4ae133052583b090747e5a Total: 21, Dedup: 12
[*] 				 b'heap-buffer-overflow /src/selinux/libsepol/src/../cil/src/cil_resolve_ast.c'
[*] 				 b'heap-buffer-overflow /src/selinux/libsepol/src/../cil/src/cil_binary.c'
[*] 				 b'heap-buffer-overflow /src/selinux/libsepol/src/ebitmap.c'
[*] 				 b'heap-use-after-free /src/selinux/libsepol/src/../cil/src/cil_resolve_ast.c'
[*] 				 b'heap-use-after-free /src/selinux/libsepol/src/../cil/src/cil_reset_ast.c'
[*] 				 b'heap-buffer-overflow /src/selinux/libsepol/src/../cil/src/cil_post.c'
[*] 				 b'SUMMARY: libFuzzer: out-of-memory\n'
[*] 				 b'heap-use-after-free /src/selinux/libsepol/src/../cil/src/cil_list.c'
[*] 				 b'SEGV /src/selinux/libsepol/src/optimize.c'
[*] 				 b'heap-use-after-free /src/selinux/libsepol/src/../cil/src/cil_symtab.c'
[*] 				 b'heap-use-after-free /src/selinux/libsepol/src/../cil/src/cil_tree.c'
[*] 				 b'heap-buffer-overflow /src/selinux/libsepol/src/../cil/src/cil_verify.c'
[+] Pname: selinux Commit: 5e6e516ee0f9eabfa2a4d4e5c724a773870da445 Vulnerable to 9 Vulnerabilities, ARVO appllied 7/21 reversed patch.
[+] Pname: selinux Commit: 5e6e516ee0f9eabfa2a4d4e5c724a773870da445 Total: 3, Dedup: 3
[*] 				 b'SEGV /src/selinux/libsepol/src/expand.c'
[*] 				 b'SUMMARY: AddressSanitizer: SEGV (/lib/x86_64-linux-gnu/libc.so.6+0x18b675) \n'
[*] 				 b'SEGV /src/selinux/libsepol/src/kernel_to_conf.c'
[+] Pname: selinux Commit: b78560fd372e01c11ca4f183f929d99b1f89f314 Vulnerable to 9 Vulnerabilities, ARVO appllied 7/21 reversed patch.
[+] Pname: selinux Commit: b78560fd372e01c11ca4f183f929d99b1f89f314 Total: 1, Dedup: 1
[*] 				 b'SEGV /src/selinux/libsepol/src/kernel_to_conf.c'
[+] Pname: selinux Commit: 32611aea6543e3a8f32635857e37b4332b0b5c99 Vulnerable to 10 Vulnerabilities, ARVO appllied 7/20 reversed patch.
[+] Pname: selinux Commit: 32611aea6543e3a8f32635857e37b4332b0b5c99 Total: 8, Dedup: 7
[*] 				 b'use-of-uninitialized-value /src/selinux/libsepol/src/../cil/src/cil_resolve_ast.c'
[*] 				 b'use-of-uninitialized-value /src/selinux/libsepol/src/../cil/src/cil_list.c'
[*] 				 No SUMMARY
[*] 				 b'SEGV /src/selinux/libsepol/src/optimize.c'
[*] 				 b'use-of-uninitialized-value /src/selinux/libsepol/src/../cil/src/cil_build_ast.c'
[*] 				 b'SUMMARY: MemorySanitizer: SEGV /src/selinux/libsepol/src/optimize.c in is_type_attr\n'
[*] 				 b'SUMMARY: MemorySanitizer: SEGV /src/selinux/libsepol/src/../cil/src/cil_verify.c in __cil_verify_classperms\n'
[+] Pname: selinux Commit: 2a6a883eed3ea21bce91b7f27cf015101824ecec Vulnerable to 9 Vulnerabilities, ARVO appllied 7/20 reversed patch.
[+] Pname: selinux Commit: 2a6a883eed3ea21bce91b7f27cf015101824ecec Total: 7, Dedup: 5
[*] 				 b'use-of-uninitialized-value /src/selinux/libsepol/src/../cil/src/cil_resolve_ast.c'
[*] 				 b'use-of-uninitialized-value /src/selinux/libsepol/src/../cil/src/cil_post.c'
[*] 				 b'use-of-uninitialized-value /src/selinux/libsepol/src/../cil/src/cil_list.c'
[*] 				 b'use-of-uninitialized-value /src/selinux/libsepol/src/../cil/src/cil_build_ast.c'
[*] 				 b'SUMMARY: MemorySanitizer: SEGV /src/selinux/libsepol/src/../cil/src/cil_verify.c in __cil_verify_classperms\n'
[+] Pname: selinux Commit: 37863b0b1444c85a1ddc6c333c8bfea0c678c592 Vulnerable to 12 Vulnerabilities, ARVO appllied 5/17 reversed patch.
[+] Pname: selinux Commit: 37863b0b1444c85a1ddc6c333c8bfea0c678c592 Total: 10, Dedup: 7
[*] 				 b'heap-use-after-free /src/selinux/libsepol/src/../cil/src/cil_resolve_ast.c'
[*] 				 b'heap-buffer-overflow /src/selinux/libsepol/src/ebitmap.c'
[*] 				 b'heap-buffer-overflow /src/selinux/libsepol/src/../cil/src/cil_post.c'
[*] 				 b'heap-use-after-free /src/selinux/libsepol/src/../cil/src/cil_build_ast.c'
[*] 				 b'heap-use-after-free /src/selinux/libsepol/src/../cil/src/cil_list.c'
[*] 				 b'SEGV /src/selinux/libsepol/src/optimize.c'
[*] 				 b'heap-buffer-overflow /src/selinux/libsepol/src/../cil/src/cil_verify.c'
[+] Pname: selinux Commit: 9af91692416d01814f4b2ac22e39d3b57993af4f Vulnerable to 12 Vulnerabilities, ARVO appllied 5/17 reversed patch.
[+] Pname: selinux Commit: 9af91692416d01814f4b2ac22e39d3b57993af4f Total: 5, Dedup: 3
[*] 				 b'SUMMARY: libFuzzer: deadly signal\n'
[*] 				 b'undefined-behavior ../cil/src/cil_build_ast.c'
[*] 				 b'undefined-behavior ../cil/src/cil_verify.c'
[+] Pname: selinux Commit: ce1025bf9ccd2e34a0c12d9a1d8eee19eb415573 Vulnerable to 12 Vulnerabilities, ARVO appllied 8/17 reversed patch.
[+] Pname: selinux Commit: ce1025bf9ccd2e34a0c12d9a1d8eee19eb415573 Total: 12, Dedup: 8
[*] 				 b'heap-buffer-overflow /src/selinux/libsepol/src/../cil/src/cil_resolve_ast.c'
[*] 				 b'heap-buffer-overflow /src/selinux/libsepol/src/ebitmap.c'
[*] 				 b'heap-buffer-overflow /src/selinux/libsepol/src/../cil/src/cil_post.c'
[*] 				 b'heap-use-after-free /src/selinux/libsepol/src/../cil/src/cil_build_ast.c'
[*] 				 b'heap-use-after-free /src/selinux/libsepol/src/../cil/src/cil_list.c'
[*] 				 b'SEGV /src/selinux/libsepol/src/optimize.c'
[*] 				 b'heap-use-after-free /src/selinux/libsepol/src/../cil/src/cil_tree.c'
[*] 				 b'heap-buffer-overflow /src/selinux/libsepol/src/../cil/src/cil_verify.c'
[+] Pname: selinux Commit: af29a235531f66882e5a027e1348658b8d8c1e68 Vulnerable to 10 Vulnerabilities, ARVO appllied 7/19 reversed patch.
[+] Pname: selinux Commit: af29a235531f66882e5a027e1348658b8d8c1e68 Total: 10, Dedup: 7
[*] 				 b'heap-buffer-overflow /src/selinux/libsepol/src/ebitmap.c'
[*] 				 b'heap-use-after-free /src/selinux/libsepol/src/../cil/src/cil_resolve_ast.c'
[*] 				 b'heap-buffer-overflow /src/selinux/libsepol/src/../cil/src/cil_post.c'
[*] 				 b'heap-use-after-free /src/selinux/libsepol/src/../cil/src/cil_build_ast.c'
[*] 				 b'heap-use-after-free /src/selinux/libsepol/src/../cil/src/cil_list.c'
[*] 				 b'SEGV /src/selinux/libsepol/src/optimize.c'
[*] 				 b'heap-buffer-overflow /src/selinux/libsepol/src/../cil/src/cil_verify.c'
[+] Pname: selinux Commit: 6bff61c5981d4b928a0c304aad0b4adf772776cd Vulnerable to 12 Vulnerabilities, ARVO appllied 8/17 reversed patch.
[+] Pname: selinux Commit: 6bff61c5981d4b928a0c304aad0b4adf772776cd Total: 9, Dedup: 6
[*] 				 b'SUMMARY: libFuzzer: deadly signal\n'
[*] 				 b'undefined-behavior ../cil/src/cil_verify.c'
[*] 				 b'SUMMARY: libFuzzer: out-of-memory\n'
[*] 				 b'SEGV /src/selinux/libsepol/src/../cil/src/cil_resolve_ast.c'
[*] 				 b'SEGV /src/selinux/libsepol/src/optimize.c'
[*] 				 b'undefined-behavior ../cil/src/cil_build_ast.c'
[+] Pname: selinux Commit: d8b90f8ad1bc9dbff09312e628b48ac439ef4ef0 Vulnerable to 12 Vulnerabilities, ARVO appllied 8/17 reversed patch.
[+] Pname: selinux Commit: d8b90f8ad1bc9dbff09312e628b48ac439ef4ef0 Total: 10, Dedup: 8
[*] 				 b'SUMMARY: libFuzzer: out-of-memory\n'
[*] 				 b'use-of-uninitialized-value /src/selinux/libsepol/src/../cil/src/cil_list.c'
[*] 				 b'SEGV /src/selinux/libsepol/src/../cil/src/cil_resolve_ast.c'
[*] 				 b'SEGV /src/selinux/libsepol/src/optimize.c'
[*] 				 b'use-of-uninitialized-value /src/selinux/libsepol/src/../cil/src/cil_build_ast.c'
[*] 				 b'SUMMARY: MemorySanitizer: SEGV /src/selinux/libsepol/src/optimize.c in is_type_attr\n'
[*] 				 b'use-of-uninitialized-value /src/selinux/libsepol/src/../cil/src/cil_tree.c'
[*] 				 b'SUMMARY: MemorySanitizer: SEGV /src/selinux/libsepol/src/../cil/src/cil_verify.c in __cil_verify_classperms\n'
[+] Pname: selinux Commit: 1b36ace21bb1177ae97f5249231a176541e859a8 Vulnerable to 22 Vulnerabilities, ARVO appllied 3/7 reversed patch.
[+] Pname: selinux Commit: 1b36ace21bb1177ae97f5249231a176541e859a8 Total: 22, Dedup: 13
[*] 				 b'heap-buffer-overflow /src/selinux/libsepol/src/../cil/src/cil_resolve_ast.c'
[*] 				 b'heap-buffer-overflow /src/selinux/libsepol/src/../cil/src/cil_binary.c'
[*] 				 b'heap-use-after-free /src/selinux/libsepol/src/../cil/src/cil_resolve_ast.c'
[*] 				 b'heap-buffer-overflow /src/selinux/libsepol/src/ebitmap.c'
[*] 				 b'heap-buffer-overflow /src/selinux/libsepol/src/../cil/src/cil_verify.c'
[*] 				 b'heap-buffer-overflow /src/selinux/libsepol/src/../cil/src/cil_post.c'
[*] 				 b'heap-use-after-free /src/selinux/libsepol/src/../cil/src/cil_build_ast.c'
[*] 				 b'SUMMARY: libFuzzer: out-of-memory\n'
[*] 				 b'heap-use-after-free /src/selinux/libsepol/src/../cil/src/cil_symtab.c'
[*] 				 b'heap-use-after-free /src/selinux/libsepol/src/../cil/src/cil_list.c'
[*] 				 b'SEGV /src/selinux/libsepol/src/optimize.c'
[*] 				 b'heap-use-after-free /src/selinux/libsepol/src/../cil/src/cil_tree.c'
[*] 				 b'heap-use-after-free /src/selinux/libsepol/src/../cil/src/cil_reset_ast.c'
[+] Pname: selinux Commit: cf853c1a0c2328ad6c62fb2b2cc55d4926301d6b Vulnerable to 21 Vulnerabilities, ARVO appllied 4/8 reversed patch.
[+] Pname: selinux Commit: cf853c1a0c2328ad6c62fb2b2cc55d4926301d6b Total: 22, Dedup: 13
[*] 				 b'heap-buffer-overflow /src/selinux/libsepol/src/../cil/src/cil_resolve_ast.c'
[*] 				 b'heap-buffer-overflow /src/selinux/libsepol/src/../cil/src/cil_binary.c'
[*] 				 b'heap-use-after-free /src/selinux/libsepol/src/../cil/src/cil_resolve_ast.c'
[*] 				 b'heap-buffer-overflow /src/selinux/libsepol/src/ebitmap.c'
[*] 				 b'heap-use-after-free /src/selinux/libsepol/src/../cil/src/cil_reset_ast.c'
[*] 				 b'heap-buffer-overflow /src/selinux/libsepol/src/../cil/src/cil_post.c'
[*] 				 b'heap-use-after-free /src/selinux/libsepol/src/../cil/src/cil_build_ast.c'
[*] 				 b'SUMMARY: libFuzzer: out-of-memory\n'
[*] 				 b'heap-use-after-free /src/selinux/libsepol/src/../cil/src/cil_list.c'
[*] 				 b'SEGV /src/selinux/libsepol/src/optimize.c'
[*] 				 b'heap-use-after-free /src/selinux/libsepol/src/../cil/src/cil_symtab.c'
[*] 				 b'heap-use-after-free /src/selinux/libsepol/src/../cil/src/cil_tree.c'
[*] 				 b'heap-buffer-overflow /src/selinux/libsepol/src/../cil/src/cil_verify.c'
[+] Pname: selinux Commit: d155b410d4bbc90d28f361b966f0429598da8188 Vulnerable to 21 Vulnerabilities, ARVO appllied 4/8 reversed patch.
[+] Pname: selinux Commit: d155b410d4bbc90d28f361b966f0429598da8188 Total: 21, Dedup: 12
[*] 				 b'heap-buffer-overflow /src/selinux/libsepol/src/../cil/src/cil_resolve_ast.c'
[*] 				 b'heap-buffer-overflow /src/selinux/libsepol/src/../cil/src/cil_binary.c'
[*] 				 b'heap-use-after-free /src/selinux/libsepol/src/../cil/src/cil_resolve_ast.c'
[*] 				 b'heap-buffer-overflow /src/selinux/libsepol/src/../cil/src/cil_verify.c'
[*] 				 b'heap-buffer-overflow /src/selinux/libsepol/src/../cil/src/cil_post.c'
[*] 				 b'heap-use-after-free /src/selinux/libsepol/src/../cil/src/cil_build_ast.c'
[*] 				 b'SUMMARY: libFuzzer: out-of-memory\n'
[*] 				 b'heap-use-after-free /src/selinux/libsepol/src/../cil/src/cil_list.c'
[*] 				 b'SEGV /src/selinux/libsepol/src/optimize.c'
[*] 				 b'heap-use-after-free /src/selinux/libsepol/src/../cil/src/cil_symtab.c'
[*] 				 b'heap-use-after-free /src/selinux/libsepol/src/../cil/src/cil_tree.c'
[*] 				 b'heap-use-after-free /src/selinux/libsepol/src/../cil/src/cil_reset_ast.c'
[+] Pname: selinux Commit: 038817036f36aadf762c8a3061500903b22b8213 Vulnerable to 22 Vulnerabilities, ARVO appllied 3/7 reversed patch.
[+] Pname: selinux Commit: 038817036f36aadf762c8a3061500903b22b8213 Total: 19, Dedup: 12
[*] 				 b'use-of-uninitialized-value /src/selinux/libsepol/src/../cil/src/cil_resolve_ast.c'
[*] 				 b'use-of-uninitialized-value /src/selinux/libsepol/src/../cil/src/cil_reset_ast.c'
[*] 				 b'use-of-uninitialized-value /src/selinux/libsepol/src/hashtab.c'
[*] 				 b'SUMMARY: libFuzzer: out-of-memory\n'
[*] 				 b'use-of-uninitialized-value /src/selinux/libsepol/src/../cil/src/cil_list.c'
[*] 				 No SUMMARY
[*] 				 b'SEGV /src/selinux/libsepol/src/../cil/src/cil_resolve_ast.c'
[*] 				 b'SEGV /src/selinux/libsepol/src/optimize.c'
[*] 				 b'use-of-uninitialized-value /src/selinux/libsepol/src/../cil/src/cil_build_ast.c'
[*] 				 b'SUMMARY: MemorySanitizer: SEGV /src/selinux/libsepol/src/optimize.c in is_type_attr\n'
[*] 				 b'use-of-uninitialized-value /src/selinux/libsepol/src/../cil/src/cil_tree.c'
[*] 				 b'SUMMARY: MemorySanitizer: SEGV /src/selinux/libsepol/src/../cil/src/cil_verify.c in __cil_verify_classperms\n'
[+] Pname: selinux Commit: d9433692c782b65e5397234950c6d9993fbcaa70 Vulnerable to 13 Vulnerabilities, ARVO appllied 7/16 reversed patch.
[+] Pname: selinux Commit: d9433692c782b65e5397234950c6d9993fbcaa70 Total: 11, Dedup: 8
[*] 				 b'heap-buffer-overflow /src/selinux/libsepol/src/../cil/src/cil_resolve_ast.c'
[*] 				 b'heap-buffer-overflow /src/selinux/libsepol/src/../cil/src/cil_post.c'
[*] 				 b'heap-use-after-free /src/selinux/libsepol/src/../cil/src/cil_build_ast.c'
[*] 				 b'SUMMARY: libFuzzer: out-of-memory\n'
[*] 				 b'heap-use-after-free /src/selinux/libsepol/src/../cil/src/cil_list.c'
[*] 				 b'SEGV /src/selinux/libsepol/src/optimize.c'
[*] 				 b'heap-use-after-free /src/selinux/libsepol/src/../cil/src/cil_tree.c'
[*] 				 b'heap-buffer-overflow /src/selinux/libsepol/src/../cil/src/cil_verify.c'
[+] Pname: selinux Commit: 2b6b5bd32eff8318ca3df8d7a522a35005c41cce Vulnerable to 6 Vulnerabilities, ARVO appllied 9/23 reversed patch.
[+] Pname: selinux Commit: 2b6b5bd32eff8318ca3df8d7a522a35005c41cce Total: 3, Dedup: 2
[*] 				 b'use-of-uninitialized-value /src/selinux/libsepol/src/policydb_validate.c'
[*] 				 b'SEGV /src/selinux/libsepol/src/kernel_to_conf.c'
[+] Pname: selinux Commit: 29e610f97a48ea2f60485220fd68742d0be65c4c Vulnerable to 8 Vulnerabilities, ARVO appllied 7/21 reversed patch.
[+] Pname: selinux Commit: 29e610f97a48ea2f60485220fd68742d0be65c4c Total: 3, Dedup: 2
[*] 				 b'use-of-uninitialized-value /src/selinux/libsepol/src/policydb_validate.c'
[*] 				 b'SEGV /src/selinux/libsepol/src/kernel_to_conf.c'
[+] Pname: selinux Commit: 89dd980c1e9a800f104c1db2b4c9e77be532ca35 Vulnerable to 3 Vulnerabilities, ARVO appllied 8/26 reversed patch.
[+] Pname: selinux Commit: 89dd980c1e9a800f104c1db2b4c9e77be532ca35 Failed to compile
[+] Pname: selinux Commit: 5939fb960ba45294ee419a73919690652767f7c0 Vulnerable to 2 Vulnerabilities, ARVO appllied 9/27 reversed patch.
[+] Pname: selinux Commit: 5939fb960ba45294ee419a73919690652767f7c0 Failed to compile
[+] Pname: selinux Commit: 1d2073557d7199a5cc3ecce9c0cba6cb45a3e726 Vulnerable to 6 Vulnerabilities, ARVO appllied 8/23 reversed patch.
[+] Pname: selinux Commit: 1d2073557d7199a5cc3ecce9c0cba6cb45a3e726 Failed to compile
[+] Pname: selinux Commit: fdb536f38de2a891a49fd015ccbf46a08f6c680c Vulnerable to 3 Vulnerabilities, ARVO appllied 8/26 reversed patch.
[+] Pname: selinux Commit: fdb536f38de2a891a49fd015ccbf46a08f6c680c Failed to compile
[+] Pname: selinux Commit: 8963492b5db701e5312b541abea3aced8cedf2d5 Vulnerable to 4 Vulnerabilities, ARVO appllied 9/25 reversed patch.
[+] Pname: selinux Commit: 8963492b5db701e5312b541abea3aced8cedf2d5 Failed to compile
[+] Pname: selinux Commit: e9072e7d45f4559887d11b518099135cbe564163 Vulnerable to 6 Vulnerabilities, ARVO appllied 8/23 reversed patch.
[+] Pname: selinux Commit: e9072e7d45f4559887d11b518099135cbe564163 Failed to compile
[+] Pname: selinux Commit: d13d13eaee668812b15bc4a638d7b3437da75f78 Vulnerable to 2 Vulnerabilities, ARVO appllied 7/27 reversed patch.
[+] Pname: selinux Commit: d13d13eaee668812b15bc4a638d7b3437da75f78 Failed to compile
[+] Pname: selinux Commit: 9833f0d29e354270b30ab70c0edb26179d0fb564 Vulnerable to 1 Vulnerabilities, ARVO appllied 8/28 reversed patch.
[+] Pname: selinux Commit: 9833f0d29e354270b30ab70c0edb26179d0fb564 Failed to compile
[+] Pname: selinux Commit: 1048f8d329a0e34a2529b3376fb085c5e6b3db0d Vulnerable to 23 Vulnerabilities, ARVO appllied 2/6 reversed patch.
[+] Pname: selinux Commit: 1048f8d329a0e34a2529b3376fb085c5e6b3db0d Total: 22, Dedup: 13
[*] 				 b'heap-buffer-overflow /src/selinux/libsepol/src/../cil/src/cil_resolve_ast.c'
[*] 				 b'heap-buffer-overflow /src/selinux/libsepol/src/../cil/src/cil_binary.c'
[*] 				 b'heap-buffer-overflow /src/selinux/libsepol/src/ebitmap.c'
[*] 				 b'heap-use-after-free /src/selinux/libsepol/src/../cil/src/cil_resolve_ast.c'
[*] 				 b'heap-use-after-free /src/selinux/libsepol/src/../cil/src/cil_reset_ast.c'
[*] 				 b'heap-buffer-overflow /src/selinux/libsepol/src/../cil/src/cil_post.c'
[*] 				 b'heap-use-after-free /src/selinux/libsepol/src/../cil/src/cil_build_ast.c'
[*] 				 b'SUMMARY: libFuzzer: out-of-memory\n'
[*] 				 b'heap-use-after-free /src/selinux/libsepol/src/../cil/src/cil_list.c'
[*] 				 b'SEGV /src/selinux/libsepol/src/optimize.c'
[*] 				 b'heap-use-after-free /src/selinux/libsepol/src/../cil/src/cil_symtab.c'
[*] 				 b'heap-use-after-free /src/selinux/libsepol/src/../cil/src/cil_tree.c'
[*] 				 b'heap-buffer-overflow /src/selinux/libsepol/src/../cil/src/cil_verify.c'
[+] Pname: selinux Commit: 2c7c4a84c38da318a99a28990e293dde53f79bed Vulnerable to 22 Vulnerabilities, ARVO appllied 3/7 reversed patch.
[+] Pname: selinux Commit: 2c7c4a84c38da318a99a28990e293dde53f79bed Total: 22, Dedup: 13
[*] 				 b'heap-buffer-overflow /src/selinux/libsepol/src/../cil/src/cil_resolve_ast.c'
[*] 				 b'heap-buffer-overflow /src/selinux/libsepol/src/../cil/src/cil_binary.c'
[*] 				 b'heap-use-after-free /src/selinux/libsepol/src/../cil/src/cil_resolve_ast.c'
[*] 				 b'heap-buffer-overflow /src/selinux/libsepol/src/ebitmap.c'
[*] 				 b'heap-use-after-free /src/selinux/libsepol/src/../cil/src/cil_reset_ast.c'
[*] 				 b'heap-buffer-overflow /src/selinux/libsepol/src/../cil/src/cil_post.c'
[*] 				 b'heap-use-after-free /src/selinux/libsepol/src/../cil/src/cil_build_ast.c'
[*] 				 b'SUMMARY: libFuzzer: out-of-memory\n'
[*] 				 b'heap-use-after-free /src/selinux/libsepol/src/../cil/src/cil_symtab.c'
[*] 				 b'SEGV /src/selinux/libsepol/src/optimize.c'
[*] 				 b'heap-use-after-free /src/selinux/libsepol/src/../cil/src/cil_list.c'
[*] 				 b'heap-use-after-free /src/selinux/libsepol/src/../cil/src/cil_tree.c'
[*] 				 b'heap-buffer-overflow /src/selinux/libsepol/src/../cil/src/cil_verify.c'
[+] Pname: selinux Commit: 2304becd8154eeab084a7ef31b29048c0a780e84 Vulnerable to 1 Vulnerabilities, ARVO appllied 8/28 reversed patch.
[+] Pname: selinux Commit: 2304becd8154eeab084a7ef31b29048c0a780e84 Failed to compile
[+] Pname: selinux Commit: 023abcab42aaaa8ffa5de5d09c46db21355388c9 Vulnerable to 0 Vulnerabilities, ARVO appllied 9/30 reversed patch.
[+] Pname: selinux Commit: 023abcab42aaaa8ffa5de5d09c46db21355388c9 Failed to compile
/home/n132/ARVO/arvo/Log/AIO
